{"C:\\Users\\User\\Downloads\\Ensias\\Ensias\\2A GL\\Stage\\chronogaz_app\\Chronogaz_Final\\api\\src\\app.js": {"path":"C:\\Users\\User\\Downloads\\Ensias\\Ensias\\2A GL\\Stage\\chronogaz_app\\Chronogaz_Final\\api\\src\\app.js","statementMap":{"0":{"start":{"line":1,"column":16},"end":{"line":1,"column":34}},"1":{"start":{"line":2,"column":13},"end":{"line":2,"column":28}},"2":{"start":{"line":3,"column":17},"end":{"line":3,"column":36}},"3":{"start":{"line":6,"column":19},"end":{"line":6,"column":49}},"4":{"start":{"line":7,"column":25},"end":{"line":7,"column":52}},"5":{"start":{"line":10,"column":13},"end":{"line":10,"column":37}},"6":{"start":{"line":11,"column":13},"end":{"line":11,"column":37}},"7":{"start":{"line":12,"column":21},"end":{"line":12,"column":53}},"8":{"start":{"line":13,"column":18},"end":{"line":13,"column":47}},"9":{"start":{"line":14,"column":17},"end":{"line":14,"column":45}},"10":{"start":{"line":15,"column":16},"end":{"line":15,"column":43}},"11":{"start":{"line":16,"column":16},"end":{"line":16,"column":43}},"12":{"start":{"line":17,"column":14},"end":{"line":17,"column":39}},"13":{"start":{"line":19,"column":22},"end":{"line":19,"column":55}},"14":{"start":{"line":20,"column":18},"end":{"line":20,"column":47}},"15":{"start":{"line":21,"column":22},"end":{"line":21,"column":55}},"16":{"start":{"line":22,"column":28},"end":{"line":22,"column":61}},"17":{"start":{"line":23,"column":25},"end":{"line":23,"column":55}},"18":{"start":{"line":25,"column":16},"end":{"line":25,"column":43}},"19":{"start":{"line":26,"column":13},"end":{"line":26,"column":37}},"20":{"start":{"line":27,"column":16},"end":{"line":27,"column":44}},"21":{"start":{"line":28,"column":20},"end":{"line":28,"column":51}},"22":{"start":{"line":31,"column":20},"end":{"line":31,"column":51}},"23":{"start":{"line":32,"column":22},"end":{"line":32,"column":49}},"24":{"start":{"line":33,"column":23},"end":{"line":33,"column":51}},"25":{"start":{"line":34,"column":23},"end":{"line":34,"column":52}},"26":{"start":{"line":35,"column":22},"end":{"line":35,"column":47}},"27":{"start":{"line":36,"column":24},"end":{"line":36,"column":53}},"28":{"start":{"line":39,"column":24},"end":{"line":39,"column":53}},"29":{"start":{"line":40,"column":21},"end":{"line":40,"column":47}},"30":{"start":{"line":41,"column":20},"end":{"line":41,"column":45}},"31":{"start":{"line":42,"column":21},"end":{"line":42,"column":47}},"32":{"start":{"line":43,"column":20},"end":{"line":43,"column":51}},"33":{"start":{"line":44,"column":22},"end":{"line":44,"column":49}},"34":{"start":{"line":45,"column":25},"end":{"line":45,"column":56}},"35":{"start":{"line":46,"column":24},"end":{"line":46,"column":54}},"36":{"start":{"line":47,"column":22},"end":{"line":47,"column":50}},"37":{"start":{"line":48,"column":17},"end":{"line":48,"column":40}},"38":{"start":{"line":49,"column":34},"end":{"line":49,"column":74}},"39":{"start":{"line":51,"column":26},"end":{"line":51,"column":57}},"40":{"start":{"line":52,"column":20},"end":{"line":52,"column":45}},"41":{"start":{"line":53,"column":29},"end":{"line":53,"column":63}},"42":{"start":{"line":56,"column":30},"end":{"line":56,"column":68}},"43":{"start":{"line":57,"column":36},"end":{"line":57,"column":76}},"44":{"start":{"line":59,"column":34},"end":{"line":59,"column":68}},"45":{"start":{"line":61,"column":17},"end":{"line":61,"column":36}},"46":{"start":{"line":62,"column":0},"end":{"line":62,"column":29}},"47":{"start":{"line":63,"column":0},"end":{"line":63,"column":27}},"48":{"start":{"line":65,"column":12},"end":{"line":65,"column":21}},"49":{"start":{"line":68,"column":0},"end":{"line":72,"column":4}},"50":{"start":{"line":73,"column":0},"end":{"line":73,"column":24}},"51":{"start":{"line":74,"column":0},"end":{"line":74,"column":48}},"52":{"start":{"line":77,"column":0},"end":{"line":77,"column":33}},"53":{"start":{"line":78,"column":0},"end":{"line":78,"column":35}},"54":{"start":{"line":79,"column":0},"end":{"line":79,"column":41}},"55":{"start":{"line":80,"column":0},"end":{"line":80,"column":41}},"56":{"start":{"line":81,"column":0},"end":{"line":81,"column":42}},"57":{"start":{"line":82,"column":0},"end":{"line":82,"column":40}},"58":{"start":{"line":83,"column":0},"end":{"line":83,"column":44}},"59":{"start":{"line":84,"column":0},"end":{"line":84,"column":52}},"60":{"start":{"line":85,"column":0},"end":{"line":85,"column":46}},"61":{"start":{"line":88,"column":0},"end":{"line":88,"column":43}},"62":{"start":{"line":89,"column":0},"end":{"line":89,"column":37}},"63":{"start":{"line":90,"column":0},"end":{"line":90,"column":35}},"64":{"start":{"line":91,"column":0},"end":{"line":91,"column":37}},"65":{"start":{"line":92,"column":0},"end":{"line":92,"column":39}},"66":{"start":{"line":93,"column":0},"end":{"line":93,"column":47}},"67":{"start":{"line":94,"column":0},"end":{"line":94,"column":45}},"68":{"start":{"line":95,"column":0},"end":{"line":95,"column":40}},"69":{"start":{"line":96,"column":0},"end":{"line":96,"column":30}},"70":{"start":{"line":97,"column":0},"end":{"line":97,"column":66}},"71":{"start":{"line":99,"column":0},"end":{"line":99,"column":48}},"72":{"start":{"line":100,"column":0},"end":{"line":100,"column":36}},"73":{"start":{"line":101,"column":0},"end":{"line":101,"column":56}},"74":{"start":{"line":104,"column":0},"end":{"line":104,"column":35}},"75":{"start":{"line":107,"column":0},"end":{"line":107,"column":31}},"76":{"start":{"line":110,"column":0},"end":{"line":123,"column":3}},"77":{"start":{"line":111,"column":2},"end":{"line":122,"column":5}},"78":{"start":{"line":126,"column":0},"end":{"line":140,"column":3}},"79":{"start":{"line":127,"column":2},"end":{"line":139,"column":3}},"80":{"start":{"line":128,"column":18},"end":{"line":128,"column":50}},"81":{"start":{"line":129,"column":4},"end":{"line":133,"column":7}},"82":{"start":{"line":135,"column":4},"end":{"line":138,"column":7}},"83":{"start":{"line":144,"column":0},"end":{"line":275,"column":3}},"84":{"start":{"line":145,"column":2},"end":{"line":274,"column":3}},"85":{"start":{"line":146,"column":22},"end":{"line":168,"column":8}},"86":{"start":{"line":171,"column":35},"end":{"line":261,"column":5}},"87":{"start":{"line":173,"column":24},"end":{"line":173,"column":26}},"88":{"start":{"line":174,"column":25},"end":{"line":182,"column":9}},"89":{"start":{"line":184,"column":8},"end":{"line":256,"column":9}},"90":{"start":{"line":186,"column":10},"end":{"line":196,"column":12}},"91":{"start":{"line":199,"column":32},"end":{"line":210,"column":12}},"92":{"start":{"line":212,"column":10},"end":{"line":220,"column":14}},"93":{"start":{"line":212,"column":47},"end":{"line":220,"column":11}},"94":{"start":{"line":221,"column":15},"end":{"line":256,"column":9}},"95":{"start":{"line":223,"column":10},"end":{"line":232,"column":12}},"96":{"start":{"line":234,"column":32},"end":{"line":245,"column":12}},"97":{"start":{"line":247,"column":10},"end":{"line":255,"column":14}},"98":{"start":{"line":247,"column":47},"end":{"line":255,"column":11}},"99":{"start":{"line":258,"column":8},"end":{"line":258,"column":41}},"100":{"start":{"line":259,"column":8},"end":{"line":259,"column":26}},"101":{"start":{"line":263,"column":4},"end":{"line":267,"column":7}},"102":{"start":{"line":269,"column":4},"end":{"line":269,"column":46}},"103":{"start":{"line":270,"column":4},"end":{"line":273,"column":7}},"104":{"start":{"line":278,"column":0},"end":{"line":317,"column":3}},"105":{"start":{"line":279,"column":2},"end":{"line":316,"column":3}},"106":{"start":{"line":280,"column":21},"end":{"line":298,"column":8}},"107":{"start":{"line":300,"column":4},"end":{"line":305,"column":5}},"108":{"start":{"line":301,"column":6},"end":{"line":304,"column":9}},"109":{"start":{"line":307,"column":4},"end":{"line":310,"column":7}},"110":{"start":{"line":312,"column":4},"end":{"line":315,"column":7}},"111":{"start":{"line":320,"column":0},"end":{"line":393,"column":3}},"112":{"start":{"line":321,"column":2},"end":{"line":392,"column":3}},"113":{"start":{"line":322,"column":37},"end":{"line":322,"column":45}},"114":{"start":{"line":325,"column":23},"end":{"line":325,"column":61}},"115":{"start":{"line":326,"column":4},"end":{"line":331,"column":5}},"116":{"start":{"line":327,"column":6},"end":{"line":330,"column":9}},"117":{"start":{"line":333,"column":27},"end":{"line":333,"column":81}},"118":{"start":{"line":335,"column":20},"end":{"line":342,"column":6}},"119":{"start":{"line":344,"column":22},"end":{"line":344,"column":42}},"120":{"start":{"line":346,"column":25},"end":{"line":346,"column":29}},"121":{"start":{"line":347,"column":22},"end":{"line":347,"column":26}},"122":{"start":{"line":349,"column":4},"end":{"line":370,"column":5}},"123":{"start":{"line":350,"column":30},"end":{"line":357,"column":8}},"124":{"start":{"line":358,"column":32},"end":{"line":358,"column":60}},"125":{"start":{"line":359,"column":6},"end":{"line":359,"column":45}},"126":{"start":{"line":360,"column":11},"end":{"line":370,"column":5}},"127":{"start":{"line":361,"column":27},"end":{"line":367,"column":8}},"128":{"start":{"line":368,"column":29},"end":{"line":368,"column":54}},"129":{"start":{"line":369,"column":6},"end":{"line":369,"column":39}},"130":{"start":{"line":372,"column":24},"end":{"line":380,"column":6}},"131":{"start":{"line":382,"column":26},"end":{"line":382,"column":50}},"132":{"start":{"line":384,"column":4},"end":{"line":388,"column":7}},"133":{"start":{"line":390,"column":4},"end":{"line":390,"column":52}},"134":{"start":{"line":391,"column":4},"end":{"line":391,"column":69}},"135":{"start":{"line":396,"column":0},"end":{"line":446,"column":3}},"136":{"start":{"line":397,"column":2},"end":{"line":445,"column":3}},"137":{"start":{"line":398,"column":32},"end":{"line":398,"column":40}},"138":{"start":{"line":399,"column":21},"end":{"line":401,"column":32}},"139":{"start":{"line":403,"column":4},"end":{"line":405,"column":5}},"140":{"start":{"line":404,"column":6},"end":{"line":404,"column":84}},"141":{"start":{"line":408,"column":4},"end":{"line":410,"column":5}},"142":{"start":{"line":409,"column":6},"end":{"line":409,"column":66}},"143":{"start":{"line":413,"column":4},"end":{"line":418,"column":5}},"144":{"start":{"line":414,"column":21},"end":{"line":414,"column":90}},"145":{"start":{"line":415,"column":6},"end":{"line":417,"column":7}},"146":{"start":{"line":416,"column":8},"end":{"line":416,"column":71}},"147":{"start":{"line":421,"column":4},"end":{"line":430,"column":5}},"148":{"start":{"line":422,"column":28},"end":{"line":422,"column":42}},"149":{"start":{"line":423,"column":6},"end":{"line":423,"column":33}},"150":{"start":{"line":425,"column":6},"end":{"line":429,"column":7}},"151":{"start":{"line":426,"column":8},"end":{"line":426,"column":91}},"152":{"start":{"line":427,"column":13},"end":{"line":429,"column":7}},"153":{"start":{"line":428,"column":8},"end":{"line":428,"column":85}},"154":{"start":{"line":432,"column":28},"end":{"line":440,"column":8}},"155":{"start":{"line":442,"column":4},"end":{"line":442,"column":55}},"156":{"start":{"line":444,"column":4},"end":{"line":444,"column":69}},"157":{"start":{"line":449,"column":0},"end":{"line":477,"column":3}},"158":{"start":{"line":450,"column":2},"end":{"line":476,"column":3}},"159":{"start":{"line":451,"column":21},"end":{"line":451,"column":59}},"160":{"start":{"line":452,"column":4},"end":{"line":454,"column":5}},"161":{"start":{"line":453,"column":6},"end":{"line":453,"column":84}},"162":{"start":{"line":457,"column":4},"end":{"line":463,"column":5}},"163":{"start":{"line":458,"column":27},"end":{"line":458,"column":81}},"164":{"start":{"line":459,"column":6},"end":{"line":462,"column":7}},"165":{"start":{"line":460,"column":8},"end":{"line":460,"column":59}},"166":{"start":{"line":461,"column":8},"end":{"line":461,"column":72}},"167":{"start":{"line":464,"column":4},"end":{"line":470,"column":5}},"168":{"start":{"line":465,"column":24},"end":{"line":465,"column":72}},"169":{"start":{"line":466,"column":6},"end":{"line":469,"column":7}},"170":{"start":{"line":467,"column":8},"end":{"line":467,"column":56}},"171":{"start":{"line":468,"column":8},"end":{"line":468,"column":66}},"172":{"start":{"line":472,"column":4},"end":{"line":472,"column":52}},"173":{"start":{"line":473,"column":4},"end":{"line":473,"column":72}},"174":{"start":{"line":475,"column":4},"end":{"line":475,"column":69}},"175":{"start":{"line":483,"column":0},"end":{"line":640,"column":3}},"176":{"start":{"line":484,"column":2},"end":{"line":639,"column":3}},"177":{"start":{"line":485,"column":23},"end":{"line":485,"column":33}},"178":{"start":{"line":487,"column":4},"end":{"line":487,"column":64}},"179":{"start":{"line":488,"column":4},"end":{"line":488,"column":57}},"180":{"start":{"line":489,"column":4},"end":{"line":489,"column":53}},"181":{"start":{"line":490,"column":4},"end":{"line":490,"column":55}},"182":{"start":{"line":493,"column":17},"end":{"line":493,"column":44}},"183":{"start":{"line":494,"column":4},"end":{"line":494,"column":64}},"184":{"start":{"line":495,"column":4},"end":{"line":504,"column":5}},"185":{"start":{"line":496,"column":6},"end":{"line":503,"column":9}},"186":{"start":{"line":507,"column":4},"end":{"line":507,"column":64}},"187":{"start":{"line":508,"column":22},"end":{"line":508,"column":66}},"188":{"start":{"line":509,"column":4},"end":{"line":509,"column":67}},"189":{"start":{"line":511,"column":4},"end":{"line":532,"column":5}},"190":{"start":{"line":512,"column":6},"end":{"line":512,"column":67}},"191":{"start":{"line":513,"column":6},"end":{"line":513,"column":104}},"192":{"start":{"line":516,"column":28},"end":{"line":516,"column":61}},"193":{"start":{"line":517,"column":6},"end":{"line":521,"column":11}},"194":{"start":{"line":517,"column":88},"end":{"line":521,"column":7}},"195":{"start":{"line":523,"column":6},"end":{"line":531,"column":9}},"196":{"start":{"line":534,"column":4},"end":{"line":539,"column":7}},"197":{"start":{"line":542,"column":4},"end":{"line":542,"column":80}},"198":{"start":{"line":543,"column":26},"end":{"line":547,"column":8}},"199":{"start":{"line":549,"column":4},"end":{"line":549,"column":76}},"200":{"start":{"line":551,"column":4},"end":{"line":563,"column":5}},"201":{"start":{"line":552,"column":6},"end":{"line":552,"column":78}},"202":{"start":{"line":553,"column":6},"end":{"line":553,"column":83}},"203":{"start":{"line":554,"column":6},"end":{"line":562,"column":9}},"204":{"start":{"line":566,"column":24},"end":{"line":566,"column":26}},"205":{"start":{"line":568,"column":4},"end":{"line":568,"column":61}},"206":{"start":{"line":569,"column":4},"end":{"line":607,"column":5}},"207":{"start":{"line":570,"column":6},"end":{"line":575,"column":9}},"208":{"start":{"line":577,"column":23},"end":{"line":577,"column":85}},"209":{"start":{"line":578,"column":6},"end":{"line":578,"column":88}},"210":{"start":{"line":580,"column":6},"end":{"line":606,"column":7}},"211":{"start":{"line":581,"column":8},"end":{"line":585,"column":11}},"212":{"start":{"line":587,"column":8},"end":{"line":605,"column":11}},"213":{"start":{"line":609,"column":4},"end":{"line":609,"column":81}},"214":{"start":{"line":610,"column":4},"end":{"line":610,"column":62}},"215":{"start":{"line":612,"column":4},"end":{"line":621,"column":7}},"216":{"start":{"line":624,"column":4},"end":{"line":624,"column":55}},"217":{"start":{"line":625,"column":4},"end":{"line":625,"column":47}},"218":{"start":{"line":626,"column":4},"end":{"line":626,"column":49}},"219":{"start":{"line":627,"column":4},"end":{"line":627,"column":53}},"220":{"start":{"line":628,"column":4},"end":{"line":628,"column":42}},"221":{"start":{"line":630,"column":4},"end":{"line":638,"column":7}},"222":{"start":{"line":644,"column":0},"end":{"line":701,"column":3}},"223":{"start":{"line":645,"column":2},"end":{"line":700,"column":3}},"224":{"start":{"line":646,"column":26},"end":{"line":646,"column":36}},"225":{"start":{"line":649,"column":4},"end":{"line":654,"column":5}},"226":{"start":{"line":650,"column":6},"end":{"line":653,"column":9}},"227":{"start":{"line":657,"column":26},"end":{"line":658,"column":42}},"228":{"start":{"line":661,"column":24},"end":{"line":661,"column":55}},"229":{"start":{"line":661,"column":48},"end":{"line":661,"column":54}},"230":{"start":{"line":662,"column":22},"end":{"line":665,"column":6}},"231":{"start":{"line":668,"column":24},"end":{"line":687,"column":6}},"232":{"start":{"line":669,"column":23},"end":{"line":669,"column":105}},"233":{"start":{"line":669,"column":43},"end":{"line":669,"column":104}},"234":{"start":{"line":670,"column":6},"end":{"line":686,"column":8}},"235":{"start":{"line":689,"column":4},"end":{"line":693,"column":7}},"236":{"start":{"line":695,"column":4},"end":{"line":695,"column":68}},"237":{"start":{"line":696,"column":4},"end":{"line":699,"column":7}},"238":{"start":{"line":704,"column":0},"end":{"line":849,"column":3}},"239":{"start":{"line":705,"column":2},"end":{"line":848,"column":3}},"240":{"start":{"line":707,"column":33},"end":{"line":714,"column":5}},"241":{"start":{"line":708,"column":20},"end":{"line":708,"column":84}},"242":{"start":{"line":709,"column":21},"end":{"line":709,"column":23}},"243":{"start":{"line":710,"column":6},"end":{"line":712,"column":7}},"244":{"start":{"line":710,"column":19},"end":{"line":710,"column":20}},"245":{"start":{"line":711,"column":8},"end":{"line":711,"column":75}},"246":{"start":{"line":713,"column":6},"end":{"line":713,"column":22}},"247":{"start":{"line":716,"column":17},"end":{"line":716,"column":25}},"248":{"start":{"line":719,"column":4},"end":{"line":724,"column":5}},"249":{"start":{"line":720,"column":6},"end":{"line":723,"column":9}},"250":{"start":{"line":726,"column":24},"end":{"line":726,"column":32}},"251":{"start":{"line":729,"column":4},"end":{"line":734,"column":5}},"252":{"start":{"line":730,"column":6},"end":{"line":733,"column":9}},"253":{"start":{"line":737,"column":23},"end":{"line":737,"column":61}},"254":{"start":{"line":738,"column":4},"end":{"line":740,"column":5}},"255":{"start":{"line":739,"column":6},"end":{"line":739,"column":89}},"256":{"start":{"line":742,"column":19},"end":{"line":742,"column":36}},"257":{"start":{"line":743,"column":25},"end":{"line":743,"column":47}},"258":{"start":{"line":744,"column":27},"end":{"line":744,"column":62}},"259":{"start":{"line":746,"column":20},"end":{"line":754,"column":6}},"260":{"start":{"line":755,"column":4},"end":{"line":755,"column":25}},"261":{"start":{"line":758,"column":25},"end":{"line":767,"column":6}},"262":{"start":{"line":768,"column":4},"end":{"line":768,"column":30}},"263":{"start":{"line":771,"column":26},"end":{"line":771,"column":46}},"264":{"start":{"line":772,"column":21},"end":{"line":777,"column":6}},"265":{"start":{"line":778,"column":4},"end":{"line":778,"column":26}},"266":{"start":{"line":781,"column":29},"end":{"line":783,"column":29}},"267":{"start":{"line":785,"column":4},"end":{"line":815,"column":5}},"268":{"start":{"line":786,"column":29},"end":{"line":786,"column":58}},"269":{"start":{"line":789,"column":25},"end":{"line":803,"column":8}},"270":{"start":{"line":805,"column":27},"end":{"line":805,"column":50}},"271":{"start":{"line":808,"column":26},"end":{"line":812,"column":8}},"272":{"start":{"line":814,"column":6},"end":{"line":814,"column":31}},"273":{"start":{"line":818,"column":4},"end":{"line":823,"column":5}},"274":{"start":{"line":819,"column":6},"end":{"line":819,"column":83}},"275":{"start":{"line":821,"column":6},"end":{"line":821,"column":55}},"276":{"start":{"line":825,"column":30},"end":{"line":834,"column":8}},"277":{"start":{"line":836,"column":4},"end":{"line":840,"column":7}},"278":{"start":{"line":843,"column":4},"end":{"line":843,"column":63}},"279":{"start":{"line":844,"column":4},"end":{"line":847,"column":7}},"280":{"start":{"line":853,"column":0},"end":{"line":945,"column":3}},"281":{"start":{"line":854,"column":2},"end":{"line":944,"column":3}},"282":{"start":{"line":855,"column":23},"end":{"line":855,"column":33}},"283":{"start":{"line":856,"column":24},"end":{"line":856,"column":32}},"284":{"start":{"line":859,"column":22},"end":{"line":859,"column":66}},"285":{"start":{"line":860,"column":4},"end":{"line":865,"column":5}},"286":{"start":{"line":861,"column":6},"end":{"line":864,"column":9}},"287":{"start":{"line":868,"column":33},"end":{"line":875,"column":5}},"288":{"start":{"line":869,"column":20},"end":{"line":869,"column":84}},"289":{"start":{"line":870,"column":21},"end":{"line":870,"column":23}},"290":{"start":{"line":871,"column":6},"end":{"line":873,"column":7}},"291":{"start":{"line":871,"column":19},"end":{"line":871,"column":20}},"292":{"start":{"line":872,"column":8},"end":{"line":872,"column":75}},"293":{"start":{"line":874,"column":6},"end":{"line":874,"column":22}},"294":{"start":{"line":878,"column":4},"end":{"line":883,"column":5}},"295":{"start":{"line":879,"column":6},"end":{"line":882,"column":9}},"296":{"start":{"line":886,"column":23},"end":{"line":886,"column":61}},"297":{"start":{"line":887,"column":4},"end":{"line":889,"column":5}},"298":{"start":{"line":888,"column":6},"end":{"line":888,"column":89}},"299":{"start":{"line":891,"column":19},"end":{"line":891,"column":36}},"300":{"start":{"line":892,"column":25},"end":{"line":892,"column":47}},"301":{"start":{"line":893,"column":27},"end":{"line":893,"column":62}},"302":{"start":{"line":895,"column":20},"end":{"line":903,"column":6}},"303":{"start":{"line":904,"column":4},"end":{"line":904,"column":25}},"304":{"start":{"line":907,"column":25},"end":{"line":914,"column":6}},"305":{"start":{"line":915,"column":4},"end":{"line":915,"column":30}},"306":{"start":{"line":918,"column":26},"end":{"line":918,"column":46}},"307":{"start":{"line":919,"column":21},"end":{"line":924,"column":6}},"308":{"start":{"line":925,"column":4},"end":{"line":925,"column":26}},"309":{"start":{"line":927,"column":4},"end":{"line":931,"column":5}},"310":{"start":{"line":928,"column":6},"end":{"line":928,"column":83}},"311":{"start":{"line":930,"column":6},"end":{"line":930,"column":55}},"312":{"start":{"line":932,"column":4},"end":{"line":936,"column":7}},"313":{"start":{"line":939,"column":4},"end":{"line":939,"column":58}},"314":{"start":{"line":940,"column":4},"end":{"line":943,"column":7}},"315":{"start":{"line":951,"column":0},"end":{"line":1000,"column":3}},"316":{"start":{"line":952,"column":2},"end":{"line":999,"column":3}},"317":{"start":{"line":953,"column":22},"end":{"line":963,"column":51}},"318":{"start":{"line":965,"column":26},"end":{"line":987,"column":7}},"319":{"start":{"line":965,"column":48},"end":{"line":987,"column":5}},"320":{"start":{"line":989,"column":4},"end":{"line":993,"column":7}},"321":{"start":{"line":995,"column":4},"end":{"line":998,"column":7}},"322":{"start":{"line":1003,"column":0},"end":{"line":1022,"column":3}},"323":{"start":{"line":1004,"column":2},"end":{"line":1021,"column":3}},"324":{"start":{"line":1005,"column":21},"end":{"line":1012,"column":8}},"325":{"start":{"line":1014,"column":4},"end":{"line":1016,"column":5}},"326":{"start":{"line":1015,"column":6},"end":{"line":1015,"column":85}},"327":{"start":{"line":1018,"column":4},"end":{"line":1018,"column":48}},"328":{"start":{"line":1020,"column":4},"end":{"line":1020,"column":67}},"329":{"start":{"line":1025,"column":0},"end":{"line":1176,"column":3}},"330":{"start":{"line":1026,"column":2},"end":{"line":1175,"column":3}},"331":{"start":{"line":1027,"column":4},"end":{"line":1027,"column":53}},"332":{"start":{"line":1028,"column":4},"end":{"line":1028,"column":68}},"333":{"start":{"line":1030,"column":42},"end":{"line":1030,"column":50}},"334":{"start":{"line":1032,"column":4},"end":{"line":1032,"column":41}},"335":{"start":{"line":1033,"column":4},"end":{"line":1033,"column":41}},"336":{"start":{"line":1034,"column":4},"end":{"line":1034,"column":43}},"337":{"start":{"line":1035,"column":4},"end":{"line":1035,"column":39}},"338":{"start":{"line":1038,"column":4},"end":{"line":1038,"column":43}},"339":{"start":{"line":1039,"column":4},"end":{"line":1039,"column":50}},"340":{"start":{"line":1040,"column":4},"end":{"line":1040,"column":52}},"341":{"start":{"line":1041,"column":4},"end":{"line":1041,"column":62}},"342":{"start":{"line":1042,"column":4},"end":{"line":1042,"column":64}},"343":{"start":{"line":1044,"column":4},"end":{"line":1050,"column":5}},"344":{"start":{"line":1045,"column":6},"end":{"line":1045,"column":64}},"345":{"start":{"line":1046,"column":6},"end":{"line":1049,"column":9}},"346":{"start":{"line":1052,"column":4},"end":{"line":1052,"column":49}},"347":{"start":{"line":1055,"column":19},"end":{"line":1055,"column":28}},"348":{"start":{"line":1056,"column":4},"end":{"line":1058,"column":5}},"349":{"start":{"line":1057,"column":6},"end":{"line":1057,"column":35}},"350":{"start":{"line":1060,"column":4},"end":{"line":1060,"column":48}},"351":{"start":{"line":1062,"column":24},"end":{"line":1062,"column":62}},"352":{"start":{"line":1063,"column":4},"end":{"line":1066,"column":5}},"353":{"start":{"line":1064,"column":6},"end":{"line":1064,"column":50}},"354":{"start":{"line":1065,"column":6},"end":{"line":1065,"column":94}},"355":{"start":{"line":1068,"column":4},"end":{"line":1068,"column":47}},"356":{"start":{"line":1070,"column":19},"end":{"line":1070,"column":36}},"357":{"start":{"line":1071,"column":28},"end":{"line":1071,"column":43}},"358":{"start":{"line":1072,"column":23},"end":{"line":1072,"column":25}},"359":{"start":{"line":1073,"column":27},"end":{"line":1073,"column":73}},"360":{"start":{"line":1075,"column":4},"end":{"line":1075,"column":48}},"361":{"start":{"line":1077,"column":20},"end":{"line":1086,"column":6}},"362":{"start":{"line":1088,"column":4},"end":{"line":1092,"column":7}},"363":{"start":{"line":1094,"column":22},"end":{"line":1094,"column":42}},"364":{"start":{"line":1095,"column":4},"end":{"line":1095,"column":61}},"365":{"start":{"line":1098,"column":29},"end":{"line":1106,"column":5}},"366":{"start":{"line":1108,"column":4},"end":{"line":1108,"column":62}},"367":{"start":{"line":1110,"column":25},"end":{"line":1110,"column":59}},"368":{"start":{"line":1111,"column":26},"end":{"line":1111,"column":51}},"369":{"start":{"line":1112,"column":4},"end":{"line":1112,"column":73}},"370":{"start":{"line":1115,"column":25},"end":{"line":1124,"column":5}},"371":{"start":{"line":1126,"column":4},"end":{"line":1126,"column":67}},"372":{"start":{"line":1127,"column":4},"end":{"line":1127,"column":65}},"373":{"start":{"line":1128,"column":4},"end":{"line":1128,"column":72}},"374":{"start":{"line":1129,"column":4},"end":{"line":1129,"column":58}},"375":{"start":{"line":1130,"column":4},"end":{"line":1130,"column":46}},"376":{"start":{"line":1131,"column":4},"end":{"line":1131,"column":48}},"377":{"start":{"line":1132,"column":4},"end":{"line":1132,"column":56}},"378":{"start":{"line":1133,"column":4},"end":{"line":1133,"column":66}},"379":{"start":{"line":1135,"column":21},"end":{"line":1135,"column":46}},"380":{"start":{"line":1137,"column":4},"end":{"line":1137,"column":57}},"381":{"start":{"line":1138,"column":26},"end":{"line":1138,"column":47}},"382":{"start":{"line":1139,"column":4},"end":{"line":1139,"column":68}},"383":{"start":{"line":1141,"column":30},"end":{"line":1148,"column":8}},"384":{"start":{"line":1150,"column":4},"end":{"line":1150,"column":54}},"385":{"start":{"line":1151,"column":4},"end":{"line":1151,"column":57}},"386":{"start":{"line":1153,"column":4},"end":{"line":1153,"column":55}},"387":{"start":{"line":1154,"column":4},"end":{"line":1154,"column":61}},"388":{"start":{"line":1155,"column":4},"end":{"line":1155,"column":45}},"389":{"start":{"line":1156,"column":4},"end":{"line":1156,"column":49}},"390":{"start":{"line":1157,"column":4},"end":{"line":1157,"column":41}},"391":{"start":{"line":1160,"column":4},"end":{"line":1164,"column":5}},"392":{"start":{"line":1161,"column":6},"end":{"line":1161,"column":54}},"393":{"start":{"line":1162,"column":6},"end":{"line":1162,"column":51}},"394":{"start":{"line":1163,"column":6},"end":{"line":1163,"column":60}},"395":{"start":{"line":1167,"column":4},"end":{"line":1172,"column":5}},"396":{"start":{"line":1168,"column":6},"end":{"line":1168,"column":58}},"397":{"start":{"line":1169,"column":6},"end":{"line":1171,"column":9}},"398":{"start":{"line":1170,"column":8},"end":{"line":1170,"column":68}},"399":{"start":{"line":1174,"column":4},"end":{"line":1174,"column":69}},"400":{"start":{"line":1178,"column":0},"end":{"line":1201,"column":3}},"401":{"start":{"line":1179,"column":2},"end":{"line":1200,"column":3}},"402":{"start":{"line":1180,"column":15},"end":{"line":1180,"column":37}},"403":{"start":{"line":1181,"column":24},"end":{"line":1181,"column":80}},"404":{"start":{"line":1183,"column":4},"end":{"line":1194,"column":5}},"405":{"start":{"line":1184,"column":6},"end":{"line":1188,"column":9}},"406":{"start":{"line":1190,"column":6},"end":{"line":1193,"column":9}},"407":{"start":{"line":1196,"column":4},"end":{"line":1199,"column":7}},"408":{"start":{"line":1204,"column":0},"end":{"line":1255,"column":3}},"409":{"start":{"line":1205,"column":2},"end":{"line":1254,"column":3}},"410":{"start":{"line":1206,"column":42},"end":{"line":1206,"column":50}},"411":{"start":{"line":1207,"column":21},"end":{"line":1208,"column":35}},"412":{"start":{"line":1210,"column":4},"end":{"line":1212,"column":5}},"413":{"start":{"line":1211,"column":6},"end":{"line":1211,"column":85}},"414":{"start":{"line":1215,"column":4},"end":{"line":1215,"column":47}},"415":{"start":{"line":1215,"column":18},"end":{"line":1215,"column":47}},"416":{"start":{"line":1216,"column":4},"end":{"line":1216,"column":55}},"417":{"start":{"line":1216,"column":30},"end":{"line":1216,"column":55}},"418":{"start":{"line":1217,"column":4},"end":{"line":1217,"column":62}},"419":{"start":{"line":1217,"column":35},"end":{"line":1217,"column":62}},"420":{"start":{"line":1218,"column":4},"end":{"line":1218,"column":65}},"421":{"start":{"line":1218,"column":36},"end":{"line":1218,"column":65}},"422":{"start":{"line":1219,"column":4},"end":{"line":1219,"column":79}},"423":{"start":{"line":1219,"column":41},"end":{"line":1219,"column":79}},"424":{"start":{"line":1220,"column":4},"end":{"line":1220,"column":26}},"425":{"start":{"line":1223,"column":4},"end":{"line":1227,"column":5}},"426":{"start":{"line":1224,"column":6},"end":{"line":1226,"column":9}},"427":{"start":{"line":1230,"column":4},"end":{"line":1240,"column":5}},"428":{"start":{"line":1231,"column":27},"end":{"line":1238,"column":7}},"429":{"start":{"line":1239,"column":6},"end":{"line":1239,"column":88}},"430":{"start":{"line":1242,"column":28},"end":{"line":1249,"column":8}},"431":{"start":{"line":1251,"column":4},"end":{"line":1251,"column":55}},"432":{"start":{"line":1253,"column":4},"end":{"line":1253,"column":69}},"433":{"start":{"line":1258,"column":0},"end":{"line":1279,"column":3}},"434":{"start":{"line":1259,"column":2},"end":{"line":1278,"column":3}},"435":{"start":{"line":1260,"column":21},"end":{"line":1260,"column":58}},"436":{"start":{"line":1261,"column":4},"end":{"line":1263,"column":5}},"437":{"start":{"line":1262,"column":6},"end":{"line":1262,"column":85}},"438":{"start":{"line":1266,"column":4},"end":{"line":1272,"column":5}},"439":{"start":{"line":1267,"column":27},"end":{"line":1267,"column":81}},"440":{"start":{"line":1268,"column":6},"end":{"line":1271,"column":7}},"441":{"start":{"line":1269,"column":8},"end":{"line":1269,"column":59}},"442":{"start":{"line":1270,"column":8},"end":{"line":1270,"column":72}},"443":{"start":{"line":1274,"column":4},"end":{"line":1274,"column":51}},"444":{"start":{"line":1275,"column":4},"end":{"line":1275,"column":73}},"445":{"start":{"line":1277,"column":4},"end":{"line":1277,"column":69}},"446":{"start":{"line":1282,"column":0},"end":{"line":1296,"column":3}},"447":{"start":{"line":1283,"column":2},"end":{"line":1295,"column":3}},"448":{"start":{"line":1284,"column":19},"end":{"line":1284,"column":72}},"449":{"start":{"line":1285,"column":4},"end":{"line":1289,"column":7}},"450":{"start":{"line":1291,"column":4},"end":{"line":1294,"column":7}},"451":{"start":{"line":1299,"column":0},"end":{"line":1320,"column":3}},"452":{"start":{"line":1300,"column":2},"end":{"line":1319,"column":3}},"453":{"start":{"line":1301,"column":23},"end":{"line":1301,"column":44}},"454":{"start":{"line":1302,"column":25},"end":{"line":1302,"column":48}},"455":{"start":{"line":1304,"column":29},"end":{"line":1305,"column":26}},"456":{"start":{"line":1307,"column":4},"end":{"line":1311,"column":7}},"457":{"start":{"line":1313,"column":4},"end":{"line":1313,"column":53}},"458":{"start":{"line":1314,"column":4},"end":{"line":1318,"column":7}},"459":{"start":{"line":1323,"column":0},"end":{"line":1349,"column":3}},"460":{"start":{"line":1324,"column":2},"end":{"line":1348,"column":3}},"461":{"start":{"line":1325,"column":18},"end":{"line":1336,"column":5}},"462":{"start":{"line":1338,"column":4},"end":{"line":1342,"column":7}},"463":{"start":{"line":1344,"column":4},"end":{"line":1347,"column":7}},"464":{"start":{"line":1352,"column":0},"end":{"line":1357,"column":3}},"465":{"start":{"line":1353,"column":2},"end":{"line":1356,"column":5}},"466":{"start":{"line":1360,"column":0},"end":{"line":1367,"column":3}},"467":{"start":{"line":1361,"column":2},"end":{"line":1361,"column":46}},"468":{"start":{"line":1362,"column":2},"end":{"line":1366,"column":5}},"469":{"start":{"line":1370,"column":0},"end":{"line":1370,"column":21}}},"fnMap":{"0":{"name":"(anonymous_0)","decl":{"start":{"line":110,"column":23},"end":{"line":110,"column":24}},"loc":{"start":{"line":110,"column":37},"end":{"line":123,"column":1}},"line":110},"1":{"name":"(anonymous_1)","decl":{"start":{"line":126,"column":22},"end":{"line":126,"column":23}},"loc":{"start":{"line":126,"column":42},"end":{"line":140,"column":1}},"line":126},"2":{"name":"(anonymous_2)","decl":{"start":{"line":144,"column":45},"end":{"line":144,"column":46}},"loc":{"start":{"line":144,"column":65},"end":{"line":275,"column":1}},"line":144},"3":{"name":"(anonymous_3)","decl":{"start":{"line":172,"column":20},"end":{"line":172,"column":21}},"loc":{"start":{"line":172,"column":40},"end":{"line":260,"column":7}},"line":172},"4":{"name":"(anonymous_4)","decl":{"start":{"line":212,"column":40},"end":{"line":212,"column":41}},"loc":{"start":{"line":212,"column":47},"end":{"line":220,"column":11}},"line":212},"5":{"name":"(anonymous_5)","decl":{"start":{"line":247,"column":40},"end":{"line":247,"column":41}},"loc":{"start":{"line":247,"column":47},"end":{"line":255,"column":11}},"line":247},"6":{"name":"(anonymous_6)","decl":{"start":{"line":278,"column":49},"end":{"line":278,"column":50}},"loc":{"start":{"line":278,"column":69},"end":{"line":317,"column":1}},"line":278},"7":{"name":"(anonymous_7)","decl":{"start":{"line":320,"column":46},"end":{"line":320,"column":47}},"loc":{"start":{"line":320,"column":66},"end":{"line":393,"column":1}},"line":320},"8":{"name":"(anonymous_8)","decl":{"start":{"line":396,"column":49},"end":{"line":396,"column":50}},"loc":{"start":{"line":396,"column":69},"end":{"line":446,"column":1}},"line":396},"9":{"name":"(anonymous_9)","decl":{"start":{"line":449,"column":52},"end":{"line":449,"column":53}},"loc":{"start":{"line":449,"column":72},"end":{"line":477,"column":1}},"line":449},"10":{"name":"(anonymous_10)","decl":{"start":{"line":483,"column":67},"end":{"line":483,"column":68}},"loc":{"start":{"line":483,"column":87},"end":{"line":640,"column":1}},"line":483},"11":{"name":"(anonymous_11)","decl":{"start":{"line":517,"column":81},"end":{"line":517,"column":82}},"loc":{"start":{"line":517,"column":88},"end":{"line":521,"column":7}},"line":517},"12":{"name":"(anonymous_12)","decl":{"start":{"line":644,"column":64},"end":{"line":644,"column":65}},"loc":{"start":{"line":644,"column":84},"end":{"line":701,"column":1}},"line":644},"13":{"name":"(anonymous_13)","decl":{"start":{"line":661,"column":42},"end":{"line":661,"column":43}},"loc":{"start":{"line":661,"column":48},"end":{"line":661,"column":54}},"line":661},"14":{"name":"(anonymous_14)","decl":{"start":{"line":668,"column":42},"end":{"line":668,"column":43}},"loc":{"start":{"line":668,"column":58},"end":{"line":687,"column":5}},"line":668},"15":{"name":"(anonymous_15)","decl":{"start":{"line":669,"column":38},"end":{"line":669,"column":39}},"loc":{"start":{"line":669,"column":43},"end":{"line":669,"column":104}},"line":669},"16":{"name":"(anonymous_16)","decl":{"start":{"line":704,"column":54},"end":{"line":704,"column":55}},"loc":{"start":{"line":704,"column":74},"end":{"line":849,"column":1}},"line":704},"17":{"name":"(anonymous_17)","decl":{"start":{"line":707,"column":33},"end":{"line":707,"column":34}},"loc":{"start":{"line":707,"column":39},"end":{"line":714,"column":5}},"line":707},"18":{"name":"(anonymous_18)","decl":{"start":{"line":853,"column":75},"end":{"line":853,"column":76}},"loc":{"start":{"line":853,"column":95},"end":{"line":945,"column":1}},"line":853},"19":{"name":"(anonymous_19)","decl":{"start":{"line":868,"column":33},"end":{"line":868,"column":34}},"loc":{"start":{"line":868,"column":39},"end":{"line":875,"column":5}},"line":868},"20":{"name":"(anonymous_20)","decl":{"start":{"line":951,"column":45},"end":{"line":951,"column":46}},"loc":{"start":{"line":951,"column":65},"end":{"line":1000,"column":1}},"line":951},"21":{"name":"(anonymous_21)","decl":{"start":{"line":965,"column":40},"end":{"line":965,"column":41}},"loc":{"start":{"line":965,"column":48},"end":{"line":987,"column":5}},"line":965},"22":{"name":"(anonymous_22)","decl":{"start":{"line":1003,"column":49},"end":{"line":1003,"column":50}},"loc":{"start":{"line":1003,"column":69},"end":{"line":1022,"column":1}},"line":1003},"23":{"name":"(anonymous_23)","decl":{"start":{"line":1025,"column":46},"end":{"line":1025,"column":47}},"loc":{"start":{"line":1025,"column":66},"end":{"line":1176,"column":1}},"line":1025},"24":{"name":"(anonymous_24)","decl":{"start":{"line":1169,"column":40},"end":{"line":1169,"column":41}},"loc":{"start":{"line":1169,"column":49},"end":{"line":1171,"column":7}},"line":1169},"25":{"name":"(anonymous_25)","decl":{"start":{"line":1178,"column":41},"end":{"line":1178,"column":42}},"loc":{"start":{"line":1178,"column":61},"end":{"line":1201,"column":1}},"line":1178},"26":{"name":"(anonymous_26)","decl":{"start":{"line":1204,"column":49},"end":{"line":1204,"column":50}},"loc":{"start":{"line":1204,"column":69},"end":{"line":1255,"column":1}},"line":1204},"27":{"name":"(anonymous_27)","decl":{"start":{"line":1258,"column":52},"end":{"line":1258,"column":53}},"loc":{"start":{"line":1258,"column":72},"end":{"line":1279,"column":1}},"line":1258},"28":{"name":"(anonymous_28)","decl":{"start":{"line":1282,"column":42},"end":{"line":1282,"column":43}},"loc":{"start":{"line":1282,"column":62},"end":{"line":1296,"column":1}},"line":1282},"29":{"name":"(anonymous_29)","decl":{"start":{"line":1299,"column":44},"end":{"line":1299,"column":45}},"loc":{"start":{"line":1299,"column":64},"end":{"line":1320,"column":1}},"line":1299},"30":{"name":"(anonymous_30)","decl":{"start":{"line":1323,"column":41},"end":{"line":1323,"column":42}},"loc":{"start":{"line":1323,"column":61},"end":{"line":1349,"column":1}},"line":1323},"31":{"name":"(anonymous_31)","decl":{"start":{"line":1352,"column":13},"end":{"line":1352,"column":14}},"loc":{"start":{"line":1352,"column":27},"end":{"line":1357,"column":1}},"line":1352},"32":{"name":"(anonymous_32)","decl":{"start":{"line":1360,"column":8},"end":{"line":1360,"column":9}},"loc":{"start":{"line":1360,"column":33},"end":{"line":1367,"column":1}},"line":1360}},"branchMap":{"0":{"loc":{"start":{"line":69,"column":10},"end":{"line":69,"column":61}},"type":"binary-expr","locations":[{"start":{"line":69,"column":10},"end":{"line":69,"column":34}},{"start":{"line":69,"column":38},"end":{"line":69,"column":61}}],"line":69},"1":{"loc":{"start":{"line":184,"column":8},"end":{"line":256,"column":9}},"type":"if","locations":[{"start":{"line":184,"column":8},"end":{"line":256,"column":9}},{"start":{"line":221,"column":15},"end":{"line":256,"column":9}}],"line":184},"2":{"loc":{"start":{"line":221,"column":15},"end":{"line":256,"column":9}},"type":"if","locations":[{"start":{"line":221,"column":15},"end":{"line":256,"column":9}},{"start":{},"end":{}}],"line":221},"3":{"loc":{"start":{"line":300,"column":4},"end":{"line":305,"column":5}},"type":"if","locations":[{"start":{"line":300,"column":4},"end":{"line":305,"column":5}},{"start":{},"end":{}}],"line":300},"4":{"loc":{"start":{"line":326,"column":4},"end":{"line":331,"column":5}},"type":"if","locations":[{"start":{"line":326,"column":4},"end":{"line":331,"column":5}},{"start":{},"end":{}}],"line":326},"5":{"loc":{"start":{"line":333,"column":46},"end":{"line":333,"column":80}},"type":"binary-expr","locations":[{"start":{"line":333,"column":46},"end":{"line":333,"column":62}},{"start":{"line":333,"column":66},"end":{"line":333,"column":80}}],"line":333},"6":{"loc":{"start":{"line":349,"column":4},"end":{"line":370,"column":5}},"type":"if","locations":[{"start":{"line":349,"column":4},"end":{"line":370,"column":5}},{"start":{"line":360,"column":11},"end":{"line":370,"column":5}}],"line":349},"7":{"loc":{"start":{"line":356,"column":23},"end":{"line":356,"column":52}},"type":"binary-expr","locations":[{"start":{"line":356,"column":23},"end":{"line":356,"column":44}},{"start":{"line":356,"column":48},"end":{"line":356,"column":52}}],"line":356},"8":{"loc":{"start":{"line":360,"column":11},"end":{"line":370,"column":5}},"type":"if","locations":[{"start":{"line":360,"column":11},"end":{"line":370,"column":5}},{"start":{},"end":{}}],"line":360},"9":{"loc":{"start":{"line":378,"column":21},"end":{"line":378,"column":47}},"type":"binary-expr","locations":[{"start":{"line":378,"column":21},"end":{"line":378,"column":42}},{"start":{"line":378,"column":46},"end":{"line":378,"column":47}}],"line":378},"10":{"loc":{"start":{"line":403,"column":4},"end":{"line":405,"column":5}},"type":"if","locations":[{"start":{"line":403,"column":4},"end":{"line":405,"column":5}},{"start":{},"end":{}}],"line":403},"11":{"loc":{"start":{"line":408,"column":4},"end":{"line":410,"column":5}},"type":"if","locations":[{"start":{"line":408,"column":4},"end":{"line":410,"column":5}},{"start":{},"end":{}}],"line":408},"12":{"loc":{"start":{"line":408,"column":8},"end":{"line":408,"column":81}},"type":"binary-expr","locations":[{"start":{"line":408,"column":8},"end":{"line":408,"column":14}},{"start":{"line":408,"column":18},"end":{"line":408,"column":81}}],"line":408},"13":{"loc":{"start":{"line":413,"column":4},"end":{"line":418,"column":5}},"type":"if","locations":[{"start":{"line":413,"column":4},"end":{"line":418,"column":5}},{"start":{},"end":{}}],"line":413},"14":{"loc":{"start":{"line":414,"column":21},"end":{"line":414,"column":90}},"type":"binary-expr","locations":[{"start":{"line":414,"column":21},"end":{"line":414,"column":55}},{"start":{"line":414,"column":59},"end":{"line":414,"column":90}}],"line":414},"15":{"loc":{"start":{"line":415,"column":6},"end":{"line":417,"column":7}},"type":"if","locations":[{"start":{"line":415,"column":6},"end":{"line":417,"column":7}},{"start":{},"end":{}}],"line":415},"16":{"loc":{"start":{"line":421,"column":4},"end":{"line":430,"column":5}},"type":"if","locations":[{"start":{"line":421,"column":4},"end":{"line":430,"column":5}},{"start":{},"end":{}}],"line":421},"17":{"loc":{"start":{"line":425,"column":6},"end":{"line":429,"column":7}},"type":"if","locations":[{"start":{"line":425,"column":6},"end":{"line":429,"column":7}},{"start":{"line":427,"column":13},"end":{"line":429,"column":7}}],"line":425},"18":{"loc":{"start":{"line":425,"column":10},"end":{"line":425,"column":74}},"type":"binary-expr","locations":[{"start":{"line":425,"column":10},"end":{"line":425,"column":45}},{"start":{"line":425,"column":49},"end":{"line":425,"column":74}}],"line":425},"19":{"loc":{"start":{"line":427,"column":13},"end":{"line":429,"column":7}},"type":"if","locations":[{"start":{"line":427,"column":13},"end":{"line":429,"column":7}},{"start":{},"end":{}}],"line":427},"20":{"loc":{"start":{"line":427,"column":17},"end":{"line":427,"column":75}},"type":"binary-expr","locations":[{"start":{"line":427,"column":17},"end":{"line":427,"column":49}},{"start":{"line":427,"column":53},"end":{"line":427,"column":75}}],"line":427},"21":{"loc":{"start":{"line":452,"column":4},"end":{"line":454,"column":5}},"type":"if","locations":[{"start":{"line":452,"column":4},"end":{"line":454,"column":5}},{"start":{},"end":{}}],"line":452},"22":{"loc":{"start":{"line":457,"column":4},"end":{"line":463,"column":5}},"type":"if","locations":[{"start":{"line":457,"column":4},"end":{"line":463,"column":5}},{"start":{},"end":{}}],"line":457},"23":{"loc":{"start":{"line":459,"column":6},"end":{"line":462,"column":7}},"type":"if","locations":[{"start":{"line":459,"column":6},"end":{"line":462,"column":7}},{"start":{},"end":{}}],"line":459},"24":{"loc":{"start":{"line":464,"column":4},"end":{"line":470,"column":5}},"type":"if","locations":[{"start":{"line":464,"column":4},"end":{"line":470,"column":5}},{"start":{},"end":{}}],"line":464},"25":{"loc":{"start":{"line":466,"column":6},"end":{"line":469,"column":7}},"type":"if","locations":[{"start":{"line":466,"column":6},"end":{"line":469,"column":7}},{"start":{},"end":{}}],"line":466},"26":{"loc":{"start":{"line":494,"column":42},"end":{"line":494,"column":62}},"type":"cond-expr","locations":[{"start":{"line":494,"column":49},"end":{"line":494,"column":54}},{"start":{"line":494,"column":57},"end":{"line":494,"column":62}}],"line":494},"27":{"loc":{"start":{"line":495,"column":4},"end":{"line":504,"column":5}},"type":"if","locations":[{"start":{"line":495,"column":4},"end":{"line":504,"column":5}},{"start":{},"end":{}}],"line":495},"28":{"loc":{"start":{"line":509,"column":40},"end":{"line":509,"column":65}},"type":"cond-expr","locations":[{"start":{"line":509,"column":52},"end":{"line":509,"column":57}},{"start":{"line":509,"column":60},"end":{"line":509,"column":65}}],"line":509},"29":{"loc":{"start":{"line":511,"column":4},"end":{"line":532,"column":5}},"type":"if","locations":[{"start":{"line":511,"column":4},"end":{"line":532,"column":5}},{"start":{},"end":{}}],"line":511},"30":{"loc":{"start":{"line":551,"column":4},"end":{"line":563,"column":5}},"type":"if","locations":[{"start":{"line":551,"column":4},"end":{"line":563,"column":5}},{"start":{},"end":{}}],"line":551},"31":{"loc":{"start":{"line":578,"column":62},"end":{"line":578,"column":86}},"type":"cond-expr","locations":[{"start":{"line":578,"column":73},"end":{"line":578,"column":78}},{"start":{"line":578,"column":81},"end":{"line":578,"column":86}}],"line":578},"32":{"loc":{"start":{"line":580,"column":6},"end":{"line":606,"column":7}},"type":"if","locations":[{"start":{"line":580,"column":6},"end":{"line":606,"column":7}},{"start":{},"end":{}}],"line":580},"33":{"loc":{"start":{"line":649,"column":4},"end":{"line":654,"column":5}},"type":"if","locations":[{"start":{"line":649,"column":4},"end":{"line":654,"column":5}},{"start":{},"end":{}}],"line":649},"34":{"loc":{"start":{"line":649,"column":8},"end":{"line":649,"column":94}},"type":"binary-expr","locations":[{"start":{"line":649,"column":8},"end":{"line":649,"column":18}},{"start":{"line":649,"column":22},"end":{"line":649,"column":47}},{"start":{"line":649,"column":51},"end":{"line":649,"column":94}}],"line":649},"35":{"loc":{"start":{"line":684,"column":16},"end":{"line":684,"column":45}},"type":"binary-expr","locations":[{"start":{"line":684,"column":16},"end":{"line":684,"column":32}},{"start":{"line":684,"column":36},"end":{"line":684,"column":45}}],"line":684},"36":{"loc":{"start":{"line":719,"column":4},"end":{"line":724,"column":5}},"type":"if","locations":[{"start":{"line":719,"column":4},"end":{"line":724,"column":5}},{"start":{},"end":{}}],"line":719},"37":{"loc":{"start":{"line":719,"column":8},"end":{"line":719,"column":61}},"type":"binary-expr","locations":[{"start":{"line":719,"column":8},"end":{"line":719,"column":38}},{"start":{"line":719,"column":42},"end":{"line":719,"column":61}}],"line":719},"38":{"loc":{"start":{"line":729,"column":4},"end":{"line":734,"column":5}},"type":"if","locations":[{"start":{"line":729,"column":4},"end":{"line":734,"column":5}},{"start":{},"end":{}}],"line":729},"39":{"loc":{"start":{"line":729,"column":8},"end":{"line":729,"column":92}},"type":"binary-expr","locations":[{"start":{"line":729,"column":8},"end":{"line":729,"column":28}},{"start":{"line":729,"column":32},"end":{"line":729,"column":51}},{"start":{"line":729,"column":55},"end":{"line":729,"column":73}},{"start":{"line":729,"column":77},"end":{"line":729,"column":92}}],"line":729},"40":{"loc":{"start":{"line":738,"column":4},"end":{"line":740,"column":5}},"type":"if","locations":[{"start":{"line":738,"column":4},"end":{"line":740,"column":5}},{"start":{},"end":{}}],"line":738},"41":{"loc":{"start":{"line":764,"column":15},"end":{"line":764,"column":38}},"type":"binary-expr","locations":[{"start":{"line":764,"column":15},"end":{"line":764,"column":30}},{"start":{"line":764,"column":34},"end":{"line":764,"column":38}}],"line":764},"42":{"loc":{"start":{"line":801,"column":22},"end":{"line":801,"column":76}},"type":"cond-expr","locations":[{"start":{"line":801,"column":56},"end":{"line":801,"column":66}},{"start":{"line":801,"column":69},"end":{"line":801,"column":76}}],"line":801},"43":{"loc":{"start":{"line":860,"column":4},"end":{"line":865,"column":5}},"type":"if","locations":[{"start":{"line":860,"column":4},"end":{"line":865,"column":5}},{"start":{},"end":{}}],"line":860},"44":{"loc":{"start":{"line":878,"column":4},"end":{"line":883,"column":5}},"type":"if","locations":[{"start":{"line":878,"column":4},"end":{"line":883,"column":5}},{"start":{},"end":{}}],"line":878},"45":{"loc":{"start":{"line":878,"column":8},"end":{"line":878,"column":92}},"type":"binary-expr","locations":[{"start":{"line":878,"column":8},"end":{"line":878,"column":28}},{"start":{"line":878,"column":32},"end":{"line":878,"column":51}},{"start":{"line":878,"column":55},"end":{"line":878,"column":73}},{"start":{"line":878,"column":77},"end":{"line":878,"column":92}}],"line":878},"46":{"loc":{"start":{"line":887,"column":4},"end":{"line":889,"column":5}},"type":"if","locations":[{"start":{"line":887,"column":4},"end":{"line":889,"column":5}},{"start":{},"end":{}}],"line":887},"47":{"loc":{"start":{"line":974,"column":18},"end":{"line":977,"column":14}},"type":"cond-expr","locations":[{"start":{"line":974,"column":33},"end":{"line":977,"column":7}},{"start":{"line":977,"column":10},"end":{"line":977,"column":14}}],"line":974},"48":{"loc":{"start":{"line":1014,"column":4},"end":{"line":1016,"column":5}},"type":"if","locations":[{"start":{"line":1014,"column":4},"end":{"line":1016,"column":5}},{"start":{},"end":{}}],"line":1014},"49":{"loc":{"start":{"line":1044,"column":4},"end":{"line":1050,"column":5}},"type":"if","locations":[{"start":{"line":1044,"column":4},"end":{"line":1050,"column":5}},{"start":{},"end":{}}],"line":1044},"50":{"loc":{"start":{"line":1044,"column":8},"end":{"line":1044,"column":39}},"type":"binary-expr","locations":[{"start":{"line":1044,"column":8},"end":{"line":1044,"column":21}},{"start":{"line":1044,"column":25},"end":{"line":1044,"column":39}}],"line":1044},"51":{"loc":{"start":{"line":1056,"column":4},"end":{"line":1058,"column":5}},"type":"if","locations":[{"start":{"line":1056,"column":4},"end":{"line":1058,"column":5}},{"start":{},"end":{}}],"line":1056},"52":{"loc":{"start":{"line":1063,"column":4},"end":{"line":1066,"column":5}},"type":"if","locations":[{"start":{"line":1063,"column":4},"end":{"line":1066,"column":5}},{"start":{},"end":{}}],"line":1063},"53":{"loc":{"start":{"line":1102,"column":16},"end":{"line":1102,"column":39}},"type":"binary-expr","locations":[{"start":{"line":1102,"column":16},"end":{"line":1102,"column":32}},{"start":{"line":1102,"column":36},"end":{"line":1102,"column":39}}],"line":1102},"54":{"loc":{"start":{"line":1104,"column":15},"end":{"line":1104,"column":38}},"type":"binary-expr","locations":[{"start":{"line":1104,"column":15},"end":{"line":1104,"column":30}},{"start":{"line":1104,"column":34},"end":{"line":1104,"column":38}}],"line":1104},"55":{"loc":{"start":{"line":1122,"column":14},"end":{"line":1122,"column":31}},"type":"binary-expr","locations":[{"start":{"line":1122,"column":14},"end":{"line":1122,"column":20}},{"start":{"line":1122,"column":24},"end":{"line":1122,"column":31}}],"line":1122},"56":{"loc":{"start":{"line":1123,"column":16},"end":{"line":1123,"column":41}},"type":"binary-expr","locations":[{"start":{"line":1123,"column":16},"end":{"line":1123,"column":33}},{"start":{"line":1123,"column":37},"end":{"line":1123,"column":41}}],"line":1123},"57":{"loc":{"start":{"line":1160,"column":4},"end":{"line":1164,"column":5}},"type":"if","locations":[{"start":{"line":1160,"column":4},"end":{"line":1164,"column":5}},{"start":{},"end":{}}],"line":1160},"58":{"loc":{"start":{"line":1160,"column":8},"end":{"line":1160,"column":63}},"type":"binary-expr","locations":[{"start":{"line":1160,"column":8},"end":{"line":1160,"column":41}},{"start":{"line":1160,"column":45},"end":{"line":1160,"column":63}}],"line":1160},"59":{"loc":{"start":{"line":1167,"column":4},"end":{"line":1172,"column":5}},"type":"if","locations":[{"start":{"line":1167,"column":4},"end":{"line":1172,"column":5}},{"start":{},"end":{}}],"line":1167},"60":{"loc":{"start":{"line":1183,"column":4},"end":{"line":1194,"column":5}},"type":"if","locations":[{"start":{"line":1183,"column":4},"end":{"line":1194,"column":5}},{"start":{"line":1189,"column":11},"end":{"line":1194,"column":5}}],"line":1183},"61":{"loc":{"start":{"line":1210,"column":4},"end":{"line":1212,"column":5}},"type":"if","locations":[{"start":{"line":1210,"column":4},"end":{"line":1212,"column":5}},{"start":{},"end":{}}],"line":1210},"62":{"loc":{"start":{"line":1215,"column":4},"end":{"line":1215,"column":47}},"type":"if","locations":[{"start":{"line":1215,"column":4},"end":{"line":1215,"column":47}},{"start":{},"end":{}}],"line":1215},"63":{"loc":{"start":{"line":1216,"column":4},"end":{"line":1216,"column":55}},"type":"if","locations":[{"start":{"line":1216,"column":4},"end":{"line":1216,"column":55}},{"start":{},"end":{}}],"line":1216},"64":{"loc":{"start":{"line":1217,"column":4},"end":{"line":1217,"column":62}},"type":"if","locations":[{"start":{"line":1217,"column":4},"end":{"line":1217,"column":62}},{"start":{},"end":{}}],"line":1217},"65":{"loc":{"start":{"line":1218,"column":4},"end":{"line":1218,"column":65}},"type":"if","locations":[{"start":{"line":1218,"column":4},"end":{"line":1218,"column":65}},{"start":{},"end":{}}],"line":1218},"66":{"loc":{"start":{"line":1219,"column":4},"end":{"line":1219,"column":79}},"type":"if","locations":[{"start":{"line":1219,"column":4},"end":{"line":1219,"column":79}},{"start":{},"end":{}}],"line":1219},"67":{"loc":{"start":{"line":1223,"column":4},"end":{"line":1227,"column":5}},"type":"if","locations":[{"start":{"line":1223,"column":4},"end":{"line":1227,"column":5}},{"start":{},"end":{}}],"line":1223},"68":{"loc":{"start":{"line":1223,"column":8},"end":{"line":1223,"column":51}},"type":"binary-expr","locations":[{"start":{"line":1223,"column":8},"end":{"line":1223,"column":22}},{"start":{"line":1223,"column":26},"end":{"line":1223,"column":51}}],"line":1223},"69":{"loc":{"start":{"line":1230,"column":4},"end":{"line":1240,"column":5}},"type":"if","locations":[{"start":{"line":1230,"column":4},"end":{"line":1240,"column":5}},{"start":{},"end":{}}],"line":1230},"70":{"loc":{"start":{"line":1230,"column":8},"end":{"line":1230,"column":44}},"type":"binary-expr","locations":[{"start":{"line":1230,"column":8},"end":{"line":1230,"column":15}},{"start":{"line":1230,"column":19},"end":{"line":1230,"column":44}}],"line":1230},"71":{"loc":{"start":{"line":1261,"column":4},"end":{"line":1263,"column":5}},"type":"if","locations":[{"start":{"line":1261,"column":4},"end":{"line":1263,"column":5}},{"start":{},"end":{}}],"line":1261},"72":{"loc":{"start":{"line":1266,"column":4},"end":{"line":1272,"column":5}},"type":"if","locations":[{"start":{"line":1266,"column":4},"end":{"line":1272,"column":5}},{"start":{},"end":{}}],"line":1266},"73":{"loc":{"start":{"line":1268,"column":6},"end":{"line":1271,"column":7}},"type":"if","locations":[{"start":{"line":1268,"column":6},"end":{"line":1271,"column":7}},{"start":{},"end":{}}],"line":1268},"74":{"loc":{"start":{"line":1365,"column":11},"end":{"line":1365,"column":91}},"type":"cond-expr","locations":[{"start":{"line":1365,"column":52},"end":{"line":1365,"column":63}},{"start":{"line":1365,"column":66},"end":{"line":1365,"column":91}}],"line":1365}},"s":{"0":3,"1":3,"2":3,"3":3,"4":3,"5":3,"6":3,"7":3,"8":3,"9":3,"10":3,"11":3,"12":3,"13":3,"14":3,"15":3,"16":3,"17":3,"18":3,"19":3,"20":3,"21":3,"22":3,"23":3,"24":3,"25":3,"26":3,"27":3,"28":3,"29":3,"30":3,"31":3,"32":3,"33":3,"34":3,"35":3,"36":3,"37":3,"38":3,"39":3,"40":3,"41":3,"42":3,"43":3,"44":3,"45":3,"46":3,"47":3,"48":3,"49":3,"50":3,"51":3,"52":3,"53":3,"54":3,"55":3,"56":3,"57":3,"58":3,"59":3,"60":3,"61":3,"62":3,"63":3,"64":3,"65":3,"66":3,"67":3,"68":3,"69":3,"70":3,"71":3,"72":3,"73":3,"74":3,"75":3,"76":3,"77":0,"78":3,"79":0,"80":0,"81":0,"82":0,"83":3,"84":0,"85":0,"86":0,"87":0,"88":0,"89":0,"90":0,"91":0,"92":0,"93":0,"94":0,"95":0,"96":0,"97":0,"98":0,"99":0,"100":0,"101":0,"102":0,"103":0,"104":3,"105":0,"106":0,"107":0,"108":0,"109":0,"110":0,"111":3,"112":0,"113":0,"114":0,"115":0,"116":0,"117":0,"118":0,"119":0,"120":0,"121":0,"122":0,"123":0,"124":0,"125":0,"126":0,"127":0,"128":0,"129":0,"130":0,"131":0,"132":0,"133":0,"134":0,"135":3,"136":0,"137":0,"138":0,"139":0,"140":0,"141":0,"142":0,"143":0,"144":0,"145":0,"146":0,"147":0,"148":0,"149":0,"150":0,"151":0,"152":0,"153":0,"154":0,"155":0,"156":0,"157":3,"158":0,"159":0,"160":0,"161":0,"162":0,"163":0,"164":0,"165":0,"166":0,"167":0,"168":0,"169":0,"170":0,"171":0,"172":0,"173":0,"174":0,"175":3,"176":0,"177":0,"178":0,"179":0,"180":0,"181":0,"182":0,"183":0,"184":0,"185":0,"186":0,"187":0,"188":0,"189":0,"190":0,"191":0,"192":0,"193":0,"194":0,"195":0,"196":0,"197":0,"198":0,"199":0,"200":0,"201":0,"202":0,"203":0,"204":0,"205":0,"206":0,"207":0,"208":0,"209":0,"210":0,"211":0,"212":0,"213":0,"214":0,"215":0,"216":0,"217":0,"218":0,"219":0,"220":0,"221":0,"222":3,"223":0,"224":0,"225":0,"226":0,"227":0,"228":0,"229":0,"230":0,"231":0,"232":0,"233":0,"234":0,"235":0,"236":0,"237":0,"238":3,"239":0,"240":0,"241":0,"242":0,"243":0,"244":0,"245":0,"246":0,"247":0,"248":0,"249":0,"250":0,"251":0,"252":0,"253":0,"254":0,"255":0,"256":0,"257":0,"258":0,"259":0,"260":0,"261":0,"262":0,"263":0,"264":0,"265":0,"266":0,"267":0,"268":0,"269":0,"270":0,"271":0,"272":0,"273":0,"274":0,"275":0,"276":0,"277":0,"278":0,"279":0,"280":3,"281":0,"282":0,"283":0,"284":0,"285":0,"286":0,"287":0,"288":0,"289":0,"290":0,"291":0,"292":0,"293":0,"294":0,"295":0,"296":0,"297":0,"298":0,"299":0,"300":0,"301":0,"302":0,"303":0,"304":0,"305":0,"306":0,"307":0,"308":0,"309":0,"310":0,"311":0,"312":0,"313":0,"314":0,"315":3,"316":0,"317":0,"318":0,"319":0,"320":0,"321":0,"322":3,"323":0,"324":0,"325":0,"326":0,"327":0,"328":0,"329":3,"330":0,"331":0,"332":0,"333":0,"334":0,"335":0,"336":0,"337":0,"338":0,"339":0,"340":0,"341":0,"342":0,"343":0,"344":0,"345":0,"346":0,"347":0,"348":0,"349":0,"350":0,"351":0,"352":0,"353":0,"354":0,"355":0,"356":0,"357":0,"358":0,"359":0,"360":0,"361":0,"362":0,"363":0,"364":0,"365":0,"366":0,"367":0,"368":0,"369":0,"370":0,"371":0,"372":0,"373":0,"374":0,"375":0,"376":0,"377":0,"378":0,"379":0,"380":0,"381":0,"382":0,"383":0,"384":0,"385":0,"386":0,"387":0,"388":0,"389":0,"390":0,"391":0,"392":0,"393":0,"394":0,"395":0,"396":0,"397":0,"398":0,"399":0,"400":3,"401":0,"402":0,"403":0,"404":0,"405":0,"406":0,"407":0,"408":3,"409":0,"410":0,"411":0,"412":0,"413":0,"414":0,"415":0,"416":0,"417":0,"418":0,"419":0,"420":0,"421":0,"422":0,"423":0,"424":0,"425":0,"426":0,"427":0,"428":0,"429":0,"430":0,"431":0,"432":0,"433":3,"434":0,"435":0,"436":0,"437":0,"438":0,"439":0,"440":0,"441":0,"442":0,"443":0,"444":0,"445":0,"446":3,"447":0,"448":0,"449":0,"450":0,"451":3,"452":0,"453":0,"454":0,"455":0,"456":0,"457":0,"458":0,"459":3,"460":0,"461":0,"462":0,"463":0,"464":3,"465":0,"466":3,"467":0,"468":0,"469":3},"f":{"0":0,"1":0,"2":0,"3":0,"4":0,"5":0,"6":0,"7":0,"8":0,"9":0,"10":0,"11":0,"12":0,"13":0,"14":0,"15":0,"16":0,"17":0,"18":0,"19":0,"20":0,"21":0,"22":0,"23":0,"24":0,"25":0,"26":0,"27":0,"28":0,"29":0,"30":0,"31":0,"32":0},"b":{"0":[3,0],"1":[0,0],"2":[0,0],"3":[0,0],"4":[0,0],"5":[0,0],"6":[0,0],"7":[0,0],"8":[0,0],"9":[0,0],"10":[0,0],"11":[0,0],"12":[0,0],"13":[0,0],"14":[0,0],"15":[0,0],"16":[0,0],"17":[0,0],"18":[0,0],"19":[0,0],"20":[0,0],"21":[0,0],"22":[0,0],"23":[0,0],"24":[0,0],"25":[0,0],"26":[0,0],"27":[0,0],"28":[0,0],"29":[0,0],"30":[0,0],"31":[0,0],"32":[0,0],"33":[0,0],"34":[0,0,0],"35":[0,0],"36":[0,0],"37":[0,0],"38":[0,0],"39":[0,0,0,0],"40":[0,0],"41":[0,0],"42":[0,0],"43":[0,0],"44":[0,0],"45":[0,0,0,0],"46":[0,0],"47":[0,0],"48":[0,0],"49":[0,0],"50":[0,0],"51":[0,0],"52":[0,0],"53":[0,0],"54":[0,0],"55":[0,0],"56":[0,0],"57":[0,0],"58":[0,0],"59":[0,0],"60":[0,0],"61":[0,0],"62":[0,0],"63":[0,0],"64":[0,0],"65":[0,0],"66":[0,0],"67":[0,0],"68":[0,0],"69":[0,0],"70":[0,0],"71":[0,0],"72":[0,0],"73":[0,0],"74":[0,0]},"_coverageSchema":"1a1c01bbd47fc00a2c39e90264f33305004495a9","hash":"cd0a809f9a3a6b3ca21032fb01c92231143f7c89"}
,"C:\\Users\\User\\Downloads\\Ensias\\Ensias\\2A GL\\Stage\\chronogaz_app\\Chronogaz_Final\\api\\src\\config\\database.js": {"path":"C:\\Users\\User\\Downloads\\Ensias\\Ensias\\2A GL\\Stage\\chronogaz_app\\Chronogaz_Final\\api\\src\\config\\database.js","statementMap":{"0":{"start":{"line":1,"column":17},"end":{"line":1,"column":36}},"1":{"start":{"line":3,"column":17},"end":{"line":3,"column":40}},"2":{"start":{"line":5,"column":18},"end":{"line":21,"column":1}},"3":{"start":{"line":6,"column":2},"end":{"line":20,"column":3}},"4":{"start":{"line":8,"column":4},"end":{"line":11,"column":5}},"5":{"start":{"line":9,"column":6},"end":{"line":9,"column":39}},"6":{"start":{"line":10,"column":6},"end":{"line":10,"column":61}},"7":{"start":{"line":13,"column":4},"end":{"line":13,"column":52}},"8":{"start":{"line":15,"column":4},"end":{"line":19,"column":5}},"9":{"start":{"line":16,"column":6},"end":{"line":16,"column":22}},"10":{"start":{"line":18,"column":6},"end":{"line":18,"column":16}},"11":{"start":{"line":23,"column":0},"end":{"line":23,"column":27}}},"fnMap":{"0":{"name":"(anonymous_0)","decl":{"start":{"line":5,"column":18},"end":{"line":5,"column":19}},"loc":{"start":{"line":5,"column":30},"end":{"line":21,"column":1}},"line":5}},"branchMap":{"0":{"loc":{"start":{"line":8,"column":4},"end":{"line":11,"column":5}},"type":"if","locations":[{"start":{"line":8,"column":4},"end":{"line":11,"column":5}},{"start":{},"end":{}}],"line":8},"1":{"loc":{"start":{"line":15,"column":4},"end":{"line":19,"column":5}},"type":"if","locations":[{"start":{"line":15,"column":4},"end":{"line":19,"column":5}},{"start":{"line":17,"column":11},"end":{"line":19,"column":5}}],"line":15}},"s":{"0":0,"1":0,"2":0,"3":0,"4":0,"5":0,"6":0,"7":0,"8":0,"9":0,"10":0,"11":0},"f":{"0":0},"b":{"0":[0,0],"1":[0,0]}}
,"C:\\Users\\User\\Downloads\\Ensias\\Ensias\\2A GL\\Stage\\chronogaz_app\\Chronogaz_Final\\api\\src\\config\\passport.js": {"path":"C:\\Users\\User\\Downloads\\Ensias\\Ensias\\2A GL\\Stage\\chronogaz_app\\Chronogaz_Final\\api\\src\\config\\passport.js","statementMap":{"0":{"start":{"line":1,"column":17},"end":{"line":1,"column":36}},"1":{"start":{"line":2,"column":23},"end":{"line":2,"column":66}},"2":{"start":{"line":3,"column":13},"end":{"line":3,"column":38}},"3":{"start":{"line":4,"column":13},"end":{"line":4,"column":38}},"4":{"start":{"line":5,"column":21},"end":{"line":5,"column":54}},"5":{"start":{"line":6,"column":18},"end":{"line":6,"column":48}},"6":{"start":{"line":8,"column":0},"end":{"line":52,"column":4}},"7":{"start":{"line":13,"column":2},"end":{"line":51,"column":3}},"8":{"start":{"line":15,"column":15},"end":{"line":16,"column":38}},"9":{"start":{"line":18,"column":4},"end":{"line":25,"column":5}},"10":{"start":{"line":20,"column":27},"end":{"line":20,"column":76}},"11":{"start":{"line":21,"column":24},"end":{"line":21,"column":70}},"12":{"start":{"line":23,"column":6},"end":{"line":23,"column":59}},"13":{"start":{"line":24,"column":6},"end":{"line":24,"column":30}},"14":{"start":{"line":28,"column":23},"end":{"line":28,"column":61}},"15":{"start":{"line":29,"column":20},"end":{"line":37,"column":6}},"16":{"start":{"line":39,"column":4},"end":{"line":39,"column":25}},"17":{"start":{"line":40,"column":4},"end":{"line":40,"column":36}},"18":{"start":{"line":41,"column":4},"end":{"line":46,"column":6}},"19":{"start":{"line":48,"column":4},"end":{"line":48,"column":31}},"20":{"start":{"line":50,"column":4},"end":{"line":50,"column":29}}},"fnMap":{"0":{"name":"(anonymous_0)","decl":{"start":{"line":12,"column":3},"end":{"line":12,"column":4}},"loc":{"start":{"line":12,"column":55},"end":{"line":52,"column":1}},"line":12}},"branchMap":{"0":{"loc":{"start":{"line":18,"column":4},"end":{"line":25,"column":5}},"type":"if","locations":[{"start":{"line":18,"column":4},"end":{"line":25,"column":5}},{"start":{},"end":{}}],"line":18},"1":{"loc":{"start":{"line":23,"column":32},"end":{"line":23,"column":57}},"type":"binary-expr","locations":[{"start":{"line":23,"column":32},"end":{"line":23,"column":44}},{"start":{"line":23,"column":48},"end":{"line":23,"column":57}}],"line":23}},"s":{"0":3,"1":3,"2":3,"3":3,"4":3,"5":3,"6":3,"7":0,"8":0,"9":0,"10":0,"11":0,"12":0,"13":0,"14":0,"15":0,"16":0,"17":0,"18":0,"19":0,"20":0},"f":{"0":0},"b":{"0":[0,0],"1":[0,0]},"_coverageSchema":"1a1c01bbd47fc00a2c39e90264f33305004495a9","hash":"9c17a94fa953c778485eff0880d3580f566442c1"}
,"C:\\Users\\User\\Downloads\\Ensias\\Ensias\\2A GL\\Stage\\chronogaz_app\\Chronogaz_Final\\api\\src\\controllers\\LocationController.js": {"path":"C:\\Users\\User\\Downloads\\Ensias\\Ensias\\2A GL\\Stage\\chronogaz_app\\Chronogaz_Final\\api\\src\\controllers\\LocationController.js","statementMap":{"0":{"start":{"line":1,"column":17},"end":{"line":1,"column":36}},"1":{"start":{"line":2,"column":13},"end":{"line":2,"column":38}},"2":{"start":{"line":3,"column":16},"end":{"line":3,"column":44}},"3":{"start":{"line":6,"column":18},"end":{"line":22,"column":1}},"4":{"start":{"line":7,"column":2},"end":{"line":21,"column":3}},"5":{"start":{"line":8,"column":19},"end":{"line":8,"column":69}},"6":{"start":{"line":9,"column":4},"end":{"line":13,"column":7}},"7":{"start":{"line":15,"column":4},"end":{"line":15,"column":56}},"8":{"start":{"line":16,"column":4},"end":{"line":20,"column":7}},"9":{"start":{"line":25,"column":19},"end":{"line":82,"column":1}},"10":{"start":{"line":26,"column":2},"end":{"line":81,"column":3}},"11":{"start":{"line":27,"column":62},"end":{"line":27,"column":70}},"12":{"start":{"line":30,"column":4},"end":{"line":35,"column":5}},"13":{"start":{"line":31,"column":6},"end":{"line":34,"column":9}},"14":{"start":{"line":38,"column":25},"end":{"line":43,"column":6}},"15":{"start":{"line":45,"column":4},"end":{"line":50,"column":5}},"16":{"start":{"line":46,"column":6},"end":{"line":49,"column":9}},"17":{"start":{"line":52,"column":21},"end":{"line":55,"column":5}},"18":{"start":{"line":57,"column":4},"end":{"line":57,"column":35}},"19":{"start":{"line":57,"column":14},"end":{"line":57,"column":35}},"20":{"start":{"line":58,"column":4},"end":{"line":58,"column":59}},"21":{"start":{"line":58,"column":18},"end":{"line":58,"column":59}},"22":{"start":{"line":59,"column":4},"end":{"line":59,"column":62}},"23":{"start":{"line":59,"column":19},"end":{"line":59,"column":62}},"24":{"start":{"line":61,"column":17},"end":{"line":61,"column":44}},"25":{"start":{"line":63,"column":4},"end":{"line":67,"column":7}},"26":{"start":{"line":69,"column":4},"end":{"line":69,"column":51}},"27":{"start":{"line":70,"column":4},"end":{"line":75,"column":5}},"28":{"start":{"line":71,"column":6},"end":{"line":74,"column":9}},"29":{"start":{"line":76,"column":4},"end":{"line":80,"column":7}},"30":{"start":{"line":85,"column":20},"end":{"line":118,"column":1}},"31":{"start":{"line":86,"column":2},"end":{"line":117,"column":3}},"32":{"start":{"line":87,"column":19},"end":{"line":87,"column":29}},"33":{"start":{"line":89,"column":4},"end":{"line":94,"column":5}},"34":{"start":{"line":90,"column":6},"end":{"line":93,"column":9}},"35":{"start":{"line":96,"column":17},"end":{"line":96,"column":40}},"36":{"start":{"line":98,"column":4},"end":{"line":103,"column":5}},"37":{"start":{"line":99,"column":6},"end":{"line":102,"column":9}},"38":{"start":{"line":105,"column":4},"end":{"line":109,"column":7}},"39":{"start":{"line":111,"column":4},"end":{"line":111,"column":55}},"40":{"start":{"line":112,"column":4},"end":{"line":116,"column":7}},"41":{"start":{"line":121,"column":19},"end":{"line":187,"column":1}},"42":{"start":{"line":122,"column":2},"end":{"line":186,"column":3}},"43":{"start":{"line":123,"column":19},"end":{"line":123,"column":29}},"44":{"start":{"line":124,"column":23},"end":{"line":124,"column":31}},"45":{"start":{"line":126,"column":4},"end":{"line":131,"column":5}},"46":{"start":{"line":127,"column":6},"end":{"line":130,"column":9}},"47":{"start":{"line":134,"column":25},"end":{"line":134,"column":48}},"48":{"start":{"line":135,"column":4},"end":{"line":140,"column":5}},"49":{"start":{"line":136,"column":6},"end":{"line":139,"column":9}},"50":{"start":{"line":143,"column":4},"end":{"line":162,"column":5}},"51":{"start":{"line":144,"column":29},"end":{"line":146,"column":7}},"52":{"start":{"line":148,"column":6},"end":{"line":150,"column":7}},"53":{"start":{"line":149,"column":8},"end":{"line":149,"column":82}},"54":{"start":{"line":151,"column":6},"end":{"line":153,"column":7}},"55":{"start":{"line":152,"column":8},"end":{"line":152,"column":46}},"56":{"start":{"line":155,"column":24},"end":{"line":155,"column":58}},"57":{"start":{"line":156,"column":6},"end":{"line":161,"column":7}},"58":{"start":{"line":157,"column":8},"end":{"line":160,"column":11}},"59":{"start":{"line":165,"column":4},"end":{"line":165,"column":83}},"60":{"start":{"line":165,"column":29},"end":{"line":165,"column":83}},"61":{"start":{"line":166,"column":4},"end":{"line":166,"column":86}},"62":{"start":{"line":166,"column":30},"end":{"line":166,"column":86}},"63":{"start":{"line":168,"column":17},"end":{"line":172,"column":5}},"64":{"start":{"line":174,"column":4},"end":{"line":178,"column":7}},"65":{"start":{"line":180,"column":4},"end":{"line":180,"column":54}},"66":{"start":{"line":181,"column":4},"end":{"line":185,"column":7}},"67":{"start":{"line":190,"column":19},"end":{"line":243,"column":1}},"68":{"start":{"line":191,"column":2},"end":{"line":242,"column":3}},"69":{"start":{"line":192,"column":19},"end":{"line":192,"column":29}},"70":{"start":{"line":194,"column":4},"end":{"line":199,"column":5}},"71":{"start":{"line":195,"column":6},"end":{"line":198,"column":9}},"72":{"start":{"line":202,"column":25},"end":{"line":202,"column":48}},"73":{"start":{"line":203,"column":4},"end":{"line":208,"column":5}},"74":{"start":{"line":204,"column":6},"end":{"line":207,"column":9}},"75":{"start":{"line":211,"column":25},"end":{"line":214,"column":6}},"76":{"start":{"line":216,"column":4},"end":{"line":221,"column":5}},"77":{"start":{"line":217,"column":6},"end":{"line":220,"column":9}},"78":{"start":{"line":224,"column":17},"end":{"line":228,"column":5}},"79":{"start":{"line":230,"column":4},"end":{"line":234,"column":7}},"80":{"start":{"line":236,"column":4},"end":{"line":236,"column":54}},"81":{"start":{"line":237,"column":4},"end":{"line":241,"column":7}},"82":{"start":{"line":246,"column":21},"end":{"line":277,"column":1}},"83":{"start":{"line":247,"column":2},"end":{"line":276,"column":3}},"84":{"start":{"line":248,"column":18},"end":{"line":248,"column":27}},"85":{"start":{"line":250,"column":4},"end":{"line":255,"column":5}},"86":{"start":{"line":251,"column":6},"end":{"line":254,"column":9}},"87":{"start":{"line":257,"column":19},"end":{"line":262,"column":14}},"88":{"start":{"line":264,"column":4},"end":{"line":268,"column":7}},"89":{"start":{"line":270,"column":4},"end":{"line":270,"column":53}},"90":{"start":{"line":271,"column":4},"end":{"line":275,"column":7}},"91":{"start":{"line":280,"column":23},"end":{"line":313,"column":1}},"92":{"start":{"line":281,"column":2},"end":{"line":312,"column":3}},"93":{"start":{"line":282,"column":24},"end":{"line":282,"column":66}},"94":{"start":{"line":283,"column":27},"end":{"line":283,"column":70}},"95":{"start":{"line":286,"column":25},"end":{"line":294,"column":6}},"96":{"start":{"line":296,"column":4},"end":{"line":304,"column":7}},"97":{"start":{"line":306,"column":4},"end":{"line":306,"column":56}},"98":{"start":{"line":307,"column":4},"end":{"line":311,"column":7}},"99":{"start":{"line":316,"column":23},"end":{"line":345,"column":1}},"100":{"start":{"line":317,"column":2},"end":{"line":344,"column":3}},"101":{"start":{"line":318,"column":24},"end":{"line":318,"column":32}},"102":{"start":{"line":320,"column":4},"end":{"line":325,"column":5}},"103":{"start":{"line":321,"column":6},"end":{"line":324,"column":9}},"104":{"start":{"line":328,"column":4},"end":{"line":336,"column":7}},"105":{"start":{"line":338,"column":4},"end":{"line":338,"column":46}},"106":{"start":{"line":339,"column":4},"end":{"line":343,"column":7}},"107":{"start":{"line":347,"column":0},"end":{"line":356,"column":2}}},"fnMap":{"0":{"name":"(anonymous_0)","decl":{"start":{"line":6,"column":18},"end":{"line":6,"column":19}},"loc":{"start":{"line":6,"column":38},"end":{"line":22,"column":1}},"line":6},"1":{"name":"(anonymous_1)","decl":{"start":{"line":25,"column":19},"end":{"line":25,"column":20}},"loc":{"start":{"line":25,"column":39},"end":{"line":82,"column":1}},"line":25},"2":{"name":"(anonymous_2)","decl":{"start":{"line":85,"column":20},"end":{"line":85,"column":21}},"loc":{"start":{"line":85,"column":40},"end":{"line":118,"column":1}},"line":85},"3":{"name":"(anonymous_3)","decl":{"start":{"line":121,"column":19},"end":{"line":121,"column":20}},"loc":{"start":{"line":121,"column":39},"end":{"line":187,"column":1}},"line":121},"4":{"name":"(anonymous_4)","decl":{"start":{"line":190,"column":19},"end":{"line":190,"column":20}},"loc":{"start":{"line":190,"column":39},"end":{"line":243,"column":1}},"line":190},"5":{"name":"(anonymous_5)","decl":{"start":{"line":246,"column":21},"end":{"line":246,"column":22}},"loc":{"start":{"line":246,"column":41},"end":{"line":277,"column":1}},"line":246},"6":{"name":"(anonymous_6)","decl":{"start":{"line":280,"column":23},"end":{"line":280,"column":24}},"loc":{"start":{"line":280,"column":43},"end":{"line":313,"column":1}},"line":280},"7":{"name":"(anonymous_7)","decl":{"start":{"line":316,"column":23},"end":{"line":316,"column":24}},"loc":{"start":{"line":316,"column":43},"end":{"line":345,"column":1}},"line":316}},"branchMap":{"0":{"loc":{"start":{"line":27,"column":45},"end":{"line":27,"column":57}},"type":"default-arg","locations":[{"start":{"line":27,"column":53},"end":{"line":27,"column":57}}],"line":27},"1":{"loc":{"start":{"line":30,"column":4},"end":{"line":35,"column":5}},"type":"if","locations":[{"start":{"line":30,"column":4},"end":{"line":35,"column":5}},{"start":{},"end":{}}],"line":30},"2":{"loc":{"start":{"line":45,"column":4},"end":{"line":50,"column":5}},"type":"if","locations":[{"start":{"line":45,"column":4},"end":{"line":50,"column":5}},{"start":{},"end":{}}],"line":45},"3":{"loc":{"start":{"line":57,"column":4},"end":{"line":57,"column":35}},"type":"if","locations":[{"start":{"line":57,"column":4},"end":{"line":57,"column":35}},{"start":{},"end":{}}],"line":57},"4":{"loc":{"start":{"line":58,"column":4},"end":{"line":58,"column":59}},"type":"if","locations":[{"start":{"line":58,"column":4},"end":{"line":58,"column":59}},{"start":{},"end":{}}],"line":58},"5":{"loc":{"start":{"line":59,"column":4},"end":{"line":59,"column":62}},"type":"if","locations":[{"start":{"line":59,"column":4},"end":{"line":59,"column":62}},{"start":{},"end":{}}],"line":59},"6":{"loc":{"start":{"line":70,"column":4},"end":{"line":75,"column":5}},"type":"if","locations":[{"start":{"line":70,"column":4},"end":{"line":75,"column":5}},{"start":{},"end":{}}],"line":70},"7":{"loc":{"start":{"line":89,"column":4},"end":{"line":94,"column":5}},"type":"if","locations":[{"start":{"line":89,"column":4},"end":{"line":94,"column":5}},{"start":{},"end":{}}],"line":89},"8":{"loc":{"start":{"line":98,"column":4},"end":{"line":103,"column":5}},"type":"if","locations":[{"start":{"line":98,"column":4},"end":{"line":103,"column":5}},{"start":{},"end":{}}],"line":98},"9":{"loc":{"start":{"line":126,"column":4},"end":{"line":131,"column":5}},"type":"if","locations":[{"start":{"line":126,"column":4},"end":{"line":131,"column":5}},{"start":{},"end":{}}],"line":126},"10":{"loc":{"start":{"line":135,"column":4},"end":{"line":140,"column":5}},"type":"if","locations":[{"start":{"line":135,"column":4},"end":{"line":140,"column":5}},{"start":{},"end":{}}],"line":135},"11":{"loc":{"start":{"line":143,"column":4},"end":{"line":162,"column":5}},"type":"if","locations":[{"start":{"line":143,"column":4},"end":{"line":162,"column":5}},{"start":{},"end":{}}],"line":143},"12":{"loc":{"start":{"line":143,"column":8},"end":{"line":143,"column":42}},"type":"binary-expr","locations":[{"start":{"line":143,"column":8},"end":{"line":143,"column":23}},{"start":{"line":143,"column":27},"end":{"line":143,"column":42}}],"line":143},"13":{"loc":{"start":{"line":148,"column":6},"end":{"line":150,"column":7}},"type":"if","locations":[{"start":{"line":148,"column":6},"end":{"line":150,"column":7}},{"start":{},"end":{}}],"line":148},"14":{"loc":{"start":{"line":151,"column":6},"end":{"line":153,"column":7}},"type":"if","locations":[{"start":{"line":151,"column":6},"end":{"line":153,"column":7}},{"start":{},"end":{}}],"line":151},"15":{"loc":{"start":{"line":156,"column":6},"end":{"line":161,"column":7}},"type":"if","locations":[{"start":{"line":156,"column":6},"end":{"line":161,"column":7}},{"start":{},"end":{}}],"line":156},"16":{"loc":{"start":{"line":165,"column":4},"end":{"line":165,"column":83}},"type":"if","locations":[{"start":{"line":165,"column":4},"end":{"line":165,"column":83}},{"start":{},"end":{}}],"line":165},"17":{"loc":{"start":{"line":166,"column":4},"end":{"line":166,"column":86}},"type":"if","locations":[{"start":{"line":166,"column":4},"end":{"line":166,"column":86}},{"start":{},"end":{}}],"line":166},"18":{"loc":{"start":{"line":194,"column":4},"end":{"line":199,"column":5}},"type":"if","locations":[{"start":{"line":194,"column":4},"end":{"line":199,"column":5}},{"start":{},"end":{}}],"line":194},"19":{"loc":{"start":{"line":203,"column":4},"end":{"line":208,"column":5}},"type":"if","locations":[{"start":{"line":203,"column":4},"end":{"line":208,"column":5}},{"start":{},"end":{}}],"line":203},"20":{"loc":{"start":{"line":216,"column":4},"end":{"line":221,"column":5}},"type":"if","locations":[{"start":{"line":216,"column":4},"end":{"line":221,"column":5}},{"start":{},"end":{}}],"line":216},"21":{"loc":{"start":{"line":250,"column":4},"end":{"line":255,"column":5}},"type":"if","locations":[{"start":{"line":250,"column":4},"end":{"line":255,"column":5}},{"start":{},"end":{}}],"line":250},"22":{"loc":{"start":{"line":250,"column
[...]
,"C:\\Users\\User\\Downloads\\Ensias\\Ensias\\2A GL\\Stage\\chronogaz_app\\Chronogaz_Final\\api\\src\\routes\\truckLoadingSessions.js": {"path":"C:\\Users\\User\\Downloads\\Ensias\\Ensias\\2A GL\\Stage\\chronogaz_app\\Chronogaz_Final\\api\\src\\routes\\truckLoadingSessions.js","statementMap":{"0":{"start":{"line":1,"column":16},"end":{"line":1,"column":34}},"1":{"start":{"line":2,"column":15},"end":{"line":2,"column":31}},"2":{"start":{"line":11,"column":4},"end":{"line":11,"column":59}},"3":{"start":{"line":14,"column":0},"end":{"line":14,"column":39}},"4":{"start":{"line":15,"column":0},"end":{"line":15,"column":42}},"5":{"start":{"line":16,"column":0},"end":{"line":16,"column":69}},"6":{"start":{"line":17,"column":0},"end":{"line":17,"column":39}},"7":{"start":{"line":18,"column":0},"end":{"line":18,"column":41}},"8":{"start":{"line":19,"column":0},"end":{"line":19,"column":49}},"9":{"start":{"line":20,"column":0},"end":{"line":20,"column":47}},"10":{"start":{"line":21,"column":0},"end":{"line":21,"column":44}},"11":{"start":{"line":23,"column":0},"end":{"line":23,"column":24}}},"fnMap":{},"branchMap":{},"s":{"0":3,"1":3,"2":3,"3":3,"4":3,"5":3,"6":3,"7":3,"8":3,"9":3,"10":3,"11":3},"f":{},"b":{},"_coverageSchema":"1a1c01bbd47fc00a2c39e90264f33305004495a9","hash":"8b79f5d5e1bc3747019d9ab485a749767e31fb55"}
,"C:\\Users\\User\\Downloads\\Ensias\\Ensias\\2A GL\\Stage\\chronogaz_app\\Chronogaz_Final\\api\\src\\routes\\trucks.js": {"path":"C:\\Users\\User\\Downloads\\Ensias\\Ensias\\2A GL\\Stage\\chronogaz_app\\Chronogaz_Final\\api\\src\\routes\\trucks.js","statementMap":{"0":{"start":{"line":1,"column":16},"end":{"line":1,"column":34}},"1":{"start":{"line":2,"column":15},"end":{"line":2,"column":31}},"2":{"start":{"line":3,"column":24},"end":{"line":3,"column":65}},"3":{"start":{"line":4,"column":30},"end":{"line":4,"column":69}},"4":{"start":{"line":7,"column":0},"end":{"line":7,"column":46}},"5":{"start":{"line":8,"column":0},"end":{"line":8,"column":49}},"6":{"start":{"line":11,"column":0},"end":{"line":15,"column":2}},"7":{"start":{"line":17,"column":0},"end":{"line":21,"column":2}},"8":{"start":{"line":23,"column":0},"end":{"line":23,"column":70}},"9":{"start":{"line":26,"column":0},"end":{"line":26,"column":82}},"10":{"start":{"line":27,"column":0},"end":{"line":27,"column":77}},"11":{"start":{"line":28,"column":0},"end":{"line":28,"column":89}},"12":{"start":{"line":31,"column":0},"end":{"line":31,"column":65}},"13":{"start":{"line":32,"column":0},"end":{"line":32,"column":72}},"14":{"start":{"line":33,"column":0},"end":{"line":33,"column":79}},"15":{"start":{"line":35,"column":0},"end":{"line":35,"column":24}}},"fnMap":{},"branchMap":{},"s":{"0":3,"1":3,"2":3,"3":3,"4":3,"5":3,"6":3,"7":3,"8":3,"9":3,"10":3,"11":3,"12":3,"13":3,"14":3,"15":3},"f":{},"b":{},"_coverageSchema":"1a1c01bbd47fc00a2c39e90264f33305004495a9","hash":"e5cb94df6b960a91644bb29e25b8e177daf3d54a"}
,"C:\\Users\\User\\Downloads\\Ensias\\Ensias\\2A GL\\Stage\\chronogaz_app\\Chronogaz_Final\\api\\src\\routes\\ums.js": {"path":"C:\\Users\\User\\Downloads\\Ensias\\Ensias\\2A GL\\Stage\\chronogaz_app\\Chronogaz_Final\\api\\src\\routes\\ums.js","statementMap":{"0":{"start":{"line":1,"column":16},"end":{"line":1,"column":34}},"1":{"start":{"line":2,"column":15},"end":{"line":2,"column":31}},"2":{"start":{"line":3,"column":21},"end":{"line":3,"column":59}},"3":{"start":{"line":4,"column":30},"end":{"line":4,"column":69}},"4":{"start":{"line":7,"column":0},"end":{"line":7,"column":40}},"5":{"start":{"line":8,"column":0},"end":{"line":8,"column":43}},"6":{"start":{"line":11,"column":0},"end":{"line":11,"column":59}},"7":{"start":{"line":12,"column":0},"end":{"line":12,"column":61}},"8":{"start":{"line":13,"column":0},"end":{"line":13,"column":64}},"9":{"start":{"line":15,"column":0},"end":{"line":15,"column":24}}},"fnMap":{},"branchMap":{},"s":{"0":3,"1":3,"2":3,"3":3,"4":3,"5":3,"6":3,"7":3,"8":3,"9":3},"f":{},"b":{},"_coverageSchema":"1a1c01bbd47fc00a2c39e90264f33305004495a9","hash":"54fb93f41dea195ccbea47de3cb7df5fba5db705"}
,"C:\\Users\\User\\Downloads\\Ensias\\Ensias\\2A GL\\Stage\\chronogaz_app\\Chronogaz_Final\\api\\src\\routes\\usersRouter.js": {"path":"C:\\Users\\User\\Downloads\\Ensias\\Ensias\\2A GL\\Stage\\chronogaz_app\\Chronogaz_Final\\api\\src\\routes\\usersRouter.js","statementMap":{"0":{"start":{"line":1,"column":16},"end":{"line":1,"column":34}},"1":{"start":{"line":10,"column":4},"end":{"line":10,"column":44}},"2":{"start":{"line":11,"column":30},"end":{"line":11,"column":69}},"3":{"start":{"line":12,"column":25},"end":{"line":12,"column":69}},"4":{"start":{"line":13,"column":27},"end":{"line":13,"column":71}},"5":{"start":{"line":14,"column":37},"end":{"line":14,"column":83}},"6":{"start":{"line":16,"column":15},"end":{"line":16,"column":31}},"7":{"start":{"line":19,"column":0},"end":{"line":19,"column":54}},"8":{"start":{"line":20,"column":0},"end":{"line":20,"column":57}},"9":{"start":{"line":23,"column":0},"end":{"line":23,"column":66}},"10":{"start":{"line":24,"column":0},"end":{"line":24,"column":81}},"11":{"start":{"line":27,"column":0},"end":{"line":27,"column":43}},"12":{"start":{"line":28,"column":0},"end":{"line":28,"column":49}},"13":{"start":{"line":29,"column":0},"end":{"line":29,"column":46}},"14":{"start":{"line":30,"column":0},"end":{"line":30,"column":58}},"15":{"start":{"line":31,"column":0},"end":{"line":31,"column":48}},"16":{"start":{"line":33,"column":0},"end":{"line":33,"column":24}}},"fnMap":{},"branchMap":{},"s":{"0":3,"1":3,"2":3,"3":3,"4":3,"5":3,"6":3,"7":3,"8":3,"9":3,"10":3,"11":3,"12":3,"13":3,"14":3,"15":3,"16":3},"f":{},"b":{},"_coverageSchema":"1a1c01bbd47fc00a2c39e90264f33305004495a9","hash":"8d3758be2417000cdb1fe2709b572b32cf623ed8"}
,"C:\\Users\\User\\Downloads\\Ensias\\Ensias\\2A GL\\Stage\\chronogaz_app\\Chronogaz_Final\\api\\src\\services\\emailService.js": {"path":"C:\\Users\\User\\Downloads\\Ensias\\Ensias\\2A GL\\Stage\\chronogaz_app\\Chronogaz_Final\\api\\src\\services\\emailService.js","statementMap":{"0":{"start":{"line":1,"column":19},"end":{"line":1,"column":40}},"1":{"start":{"line":3,"column":20},"end":{"line":11,"column":2}},"2":{"start":{"line":13,"column":31},"end":{"line":35,"column":1}},"3":{"start":{"line":14,"column":19},"end":{"line":14,"column":110}},"4":{"start":{"line":16,"column":22},"end":{"line":32,"column":3}},"5":{"start":{"line":34,"column":2},"end":{"line":34,"column":42}},"6":{"start":{"line":37,"column":30},"end":{"line":56,"column":1}},"7":{"start":{"line":38,"column":22},"end":{"line":53,"column":3}},"8":{"start":{"line":55,"column":2},"end":{"line":55,"column":42}},"9":{"start":{"line":58,"column":30},"end":{"line":80,"column":1}},"10":{"start":{"line":59,"column":22},"end":{"line":77,"column":3}},"11":{"start":{"line":79,"column":2},"end":{"line":79,"column":42}},"12":{"start":{"line":82,"column":0},"end":{"line":86,"column":2}}},"fnMap":{"0":{"name":"(anonymous_0)","decl":{"start":{"line":13,"column":31},"end":{"line":13,"column":32}},"loc":{"start":{"line":13,"column":60},"end":{"line":35,"column":1}},"line":13},"1":{"name":"(anonymous_1)","decl":{"start":{"line":37,"column":30},"end":{"line":37,"column":31}},"loc":{"start":{"line":37,"column":65},"end":{"line":56,"column":1}},"line":37},"2":{"name":"(anonymous_2)","decl":{"start":{"line":58,"column":30},"end":{"line":58,"column":31}},"loc":{"start":{"line":58,"column":72},"end":{"line":80,"column":1}},"line":58}},"branchMap":{"0":{"loc":{"start":{"line":4,"column":8},"end":{"line":4,"column":49}},"type":"binary-expr","locations":[{"start":{"line":4,"column":8},"end":{"line":4,"column":29}},{"start":{"line":4,"column":33},"end":{"line":4,"column":49}}],"line":4},"1":{"loc":{"start":{"line":5,"column":8},"end":{"line":5,"column":36}},"type":"binary-expr","locations":[{"start":{"line":5,"column":8},"end":{"line":5,"column":29}},{"start":{"line":5,"column":33},"end":{"line":5,"column":36}}],"line":5},"2":{"loc":{"start":{"line":14,"column":22},"end":{"line":14,"column":73}},"type":"binary-expr","locations":[{"start":{"line":14,"column":22},"end":{"line":14,"column":46}},{"start":{"line":14,"column":50},"end":{"line":14,"column":73}}],"line":14},"3":{"loc":{"start":{"line":73,"column":43},"end":{"line":73,"column":94}},"type":"binary-expr","locations":[{"start":{"line":73,"column":43},"end":{"line":73,"column":67}},{"start":{"line":73,"column":71},"end":{"line":73,"column":94}}],"line":73}},"s":{"0":3,"1":3,"2":3,"3":0,"4":0,"5":0,"6":3,"7":0,"8":0,"9":3,"10":0,"11":0,"12":3},"f":{"0":0,"1":0,"2":0},"b":{"0":[3,0],"1":[3,0],"2":[0,0],"3":[0,0]},"_coverageSchema":"1a1c01bbd47fc00a2c39e90264f33305004495a9","hash":"2aefa97dea3cb44a5ae01ba8f2f48bcc9079cd12"}
,"C:\\Users\\User\\Downloads\\Ensias\\Ensias\\2A GL\\Stage\\chronogaz_app\\Chronogaz_Final\\api\\src\\utils\\customerCode.js": {"path":"C:\\Users\\User\\Downloads\\Ensias\\Ensias\\2A GL\\Stage\\chronogaz_app\\Chronogaz_Final\\api\\src\\utils\\customerCode.js","statementMap":{"0":{"start":{"line":1,"column":17},"end":{"line":1,"column":46}},"1":{"start":{"line":3,"column":29},"end":{"line":18,"column":1}},"2":{"start":{"line":4,"column":17},"end":{"line":4,"column":63}},"3":{"start":{"line":7,"column":23},"end":{"line":9,"column":32}},"4":{"start":{"line":11,"column":19},"end":{"line":11,"column":20}},"5":{"start":{"line":12,"column":2},"end":{"line":15,"column":3}},"6":{"start":{"line":13,"column":23},"end":{"line":13,"column":72}},"7":{"start":{"line":14,"column":4},"end":{"line":14,"column":32}},"8":{"start":{"line":17,"column":2},"end":{"line":17,"column":62}},"9":{"start":{"line":20,"column":0},"end":{"line":20,"column":42}}},"fnMap":{"0":{"name":"(anonymous_0)","decl":{"start":{"line":3,"column":29},"end":{"line":3,"column":30}},"loc":{"start":{"line":3,"column":52},"end":{"line":18,"column":1}},"line":3}},"branchMap":{"0":{"loc":{"start":{"line":4,"column":17},"end":{"line":4,"column":63}},"type":"cond-expr","locations":[{"start":{"line":4,"column":46},"end":{"line":4,"column":53}},{"start":{"line":4,"column":56},"end":{"line":4,"column":63}}],"line":4},"1":{"loc":{"start":{"line":12,"column":2},"end":{"line":15,"column":3}},"type":"if","locations":[{"start":{"line":12,"column":2},"end":{"line":15,"column":3}},{"start":{},"end":{}}],"line":12}},"s":{"0":3,"1":3,"2":0,"3":0,"4":0,"5":0,"6":0,"7":0,"8":0,"9":3},"f":{"0":0},"b":{"0":[0,0],"1":[0,0]},"_coverageSchema":"1a1c01bbd47fc00a2c39e90264f33305004495a9","hash":"901e90d17d4e5c9a685491177a9a2726e3775b3e"}
,"C:\\Users\\User\\Downloads\\Ensias\\Ensias\\2A GL\\Stage\\chronogaz_app\\Chronogaz_Final\\api\\src\\utils\\gpsTracker.js": {"path":"C:\\Users\\User\\Downloads\\Ensias\\Ensias\\2A GL\\Stage\\chronogaz_app\\Chronogaz_Final\\api\\src\\utils\\gpsTracker.js","statementMap":{"0":{"start":{"line":2,"column":18},"end":{"line":2,"column":48}},"1":{"start":{"line":3,"column":20},"end":{"line":3,"column":52}},"2":{"start":{"line":4,"column":16},"end":{"line":4,"column":44}},"3":{"start":{"line":7,"column":29},"end":{"line":114,"column":1}},"4":{"start":{"line":8,"column":2},"end":{"line":113,"column":3}},"5":{"start":{"line":9,"column":4},"end":{"line":9,"column":79}},"6":{"start":{"line":12,"column":20},"end":{"line":21,"column":8}},"7":{"start":{"line":23,"column":4},"end":{"line":35,"column":5}},"8":{"start":{"line":24,"column":6},"end":{"line":24,"column":95}},"9":{"start":{"line":25,"column":6},"end":{"line":34,"column":11}},"10":{"start":{"line":37,"column":4},"end":{"line":39,"column":5}},"11":{"start":{"line":38,"column":6},"end":{"line":38,"column":78}},"12":{"start":{"line":41,"column":4},"end":{"line":41,"column":63}},"13":{"start":{"line":44,"column":4},"end":{"line":44,"column":46}},"14":{"start":{"line":45,"column":4},"end":{"line":45,"column":48}},"15":{"start":{"line":46,"column":4},"end":{"line":46,"column":37}},"16":{"start":{"line":47,"column":4},"end":{"line":47,"column":27}},"17":{"start":{"line":50,"column":4},"end":{"line":73,"column":5}},"18":{"start":{"line":51,"column":6},"end":{"line":72,"column":7}},"19":{"start":{"line":52,"column":26},"end":{"line":52,"column":93}},"20":{"start":{"line":54,"column":28},"end":{"line":57,"column":33}},"21":{"start":{"line":59,"column":8},"end":{"line":68,"column":9}},"22":{"start":{"line":60,"column":10},"end":{"line":60,"column":65}},"23":{"start":{"line":61,"column":10},"end":{"line":61,"column":67}},"24":{"start":{"line":62,"column":10},"end":{"line":62,"column":56}},"25":{"start":{"line":63,"column":10},"end":{"line":63,"column":46}},"26":{"start":{"line":64,"column":10},"end":{"line":64,"column":65}},"27":{"start":{"line":66,"column":10},"end":{"line":66,"column":96}},"28":{"start":{"line":70,"column":8},"end":{"line":70,"column":92}},"29":{"start":{"line":76,"column":4},"end":{"line":97,"column":5}},"30":{"start":{"line":77,"column":29},"end":{"line":85,"column":7}},"31":{"start":{"line":88,"column":6},"end":{"line":88,"column":82}},"32":{"start":{"line":89,"column":6},"end":{"line":89,"column":99}},"33":{"start":{"line":92,"column":6},"end":{"line":94,"column":7}},"34":{"start":{"line":93,"column":8},"end":{"line":93,"column":93}},"35":{"start":{"line":96,"column":6},"end":{"line":96,"column":117}},"36":{"start":{"line":99,"column":4},"end":{"line":105,"column":6}},"37":{"start":{"line":108,"column":4},"end":{"line":108,"column":57}},"38":{"start":{"line":109,"column":4},"end":{"line":112,"column":6}},"39":{"start":{"line":117,"column":30},"end":{"line":156,"column":1}},"40":{"start":{"line":118,"column":2},"end":{"line":155,"column":3}},"41":{"start":{"line":119,"column":22},"end":{"line":128,"column":8}},"42":{"start":{"line":130,"column":4},"end":{"line":132,"column":5}},"43":{"start":{"line":131,"column":6},"end":{"line":131,"column":18}},"44":{"start":{"line":134,"column":22},"end":{"line":134,"column":80}},"45":{"start":{"line":136,"column":24},"end":{"line":141,"column":28}},"46":{"start":{"line":143,"column":4},"end":{"line":149,"column":5}},"47":{"start":{"line":144,"column":6},"end":{"line":148,"column":8}},"48":{"start":{"line":151,"column":4},"end":{"line":151,"column":16}},"49":{"start":{"line":153,"column":4},"end":{"line":153,"column":58}},"50":{"start":{"line":154,"column":4},"end":{"line":154,"column":16}},"51":{"start":{"line":158,"column":0},"end":{"line":161,"column":2}}},"fnMap":{"0":{"name":"(anonymous_0)","decl":{"start":{"line":7,"column":29},"end":{"line":7,"column":30}},"loc":{"start":{"line":7,"column":76},"end":{"line":114,"column":1}},"line":7},"1":{"name":"(anonymous_1)","decl":{"start":{"line":117,"column":30},"end":{"line":117,"column":31}},"loc":{"start":{"line":117,"column":53},"end":{"line":156,"column":1}},"line":117}},"branchMap":{"0":{"loc":{"start":{"line":23,"column":4},"end":{"line":35,"column":5}},"type":"if","locations":[{"start":{"line":23,"column":4},"end":{"line":35,"column":5}},{"start":{},"end":{}}],"line":23},"1":{"loc":{"start":{"line":37,"column":4},"end":{"line":39,"column":5}},"type":"if","locations":[{"start":{"line":37,"column":4},"end":{"line":39,"column":5}},{"start":{},"end":{}}],"line":37},"2":{"loc":{"start":{"line":50,"column":4},"end":{"line":73,"column":5}},"type":"if","locations":[{"start":{"line":50,"column":4},"end":{"line":73,"column":5}},{"start":{},"end":{}}],"line":50},"3":{"loc":{"start":{"line":59,"column":8},"end":{"line":68,"column":9}},"type":"if","locations":[{"start":{"line":59,"column":8},"end":{"line":68,"column":9}},{"start":{"line":65,"column":15},"end":{"line":68,"column":9}}],"line":59},"4":{"loc":{"start":{"line":59,"column":12},"end":{"line":59,"column":49}},"type":"binary-expr","locations":[{"start":{"line":59,"column":12},"end":{"line":59,"column":23}},{"start":{"line":59,"column":27},"end":{"line":59,"column":49}}],"line":59},"5":{"loc":{"start":{"line":76,"column":4},"end":{"line":97,"column":5}},"type":"if","locations":[{"start":{"line":76,"column":4},"end":{"line":97,"column":5}},{"start":{},"end":{}}],"line":76},"6":{"loc":{"start":{"line":92,"column":6},"end":{"line":94,"column":7}},"type":"if","locations":[{"start":{"line":92,"column":6},"end":{"line":94,"column":7}},{"start":{},"end":{}}],"line":92},"7":{"loc":{"start":{"line":130,"column":4},"end":{"line":132,"column":5}},"type":"if","locations":[{"start":{"line":130,"column":4},"end":{"line":132,"column":5}},{"start":{},"end":{}}],"line":130},"8":{"loc":{"start":{"line":143,"column":4},"end":{"line":149,"column":5}},"type":"if","locations":[{"start":{"line":143,"column":4},"end":{"line":149,"column":5}},{"start":{},"end":{}}],"line":143},"9":{"loc":{"start":{"line":143,"column":8},"end":{"line":143,"column":45}},"type":"binary-expr","locations":[{"start":{"line":143,"column":8},"end":{"line":143,"column":19}},{"start":{"line":143,"column":23},"end":{"line":143,"column":45}}],"line":143}},"s":{"0":0,"1":0,"2":0,"3":0,"4":0,"5":0,"6":0,"7":0,"8":0,"9":0,"10":0,"11":0,"12":0,"13":0,"14":0,"15":0,"16":0,"17":0,"18":0,"19":0,"20":0,"21":0,"22":0,"23":0,"24":0,"25":0,"26":0,"27":0,"28":0,"29":0,"30":0,"31":0,"32":0,"33":0,"34":0,"35":0,"36":0,"37":0,"38":0,"39":0,"40":0,"41":0,"42":0,"43":0,"44":0,"45":0,"46":0,"47":0,"48":0,"49":0,"50":0,"51":0},"f":{"0":0,"1":0},"b":{"0":[0,0],"1":[0,0],"2":[0,0],"3":[0,0],"4":[0,0],"5":[0,0],"6":[0,0],"7":[0,0],"8":[0,0],"9":[0,0]}}
,"C:\\Users\\User\\Downloads\\Ensias\\Ensias\\2A GL\\Stage\\chronogaz_app\\Chronogaz_Final\\api\\src\\utils\\jwt.js": {"path":"C:\\Users\\User\\Downloads\\Ensias\\Ensias\\2A GL\\Stage\\chronogaz_app\\Chronogaz_Final\\api\\src\\utils\\jwt.js","statementMap":{},"fnMap":{},"branchMap":{},"s":{},"f":{},"b":{}}
,"C:\\Users\\User\\Downloads\\Ensias\\Ensias\\2A GL\\Stage\\chronogaz_app\\Chronogaz_Final\\api\\src\\utils\\password.js": {"path":"C:\\Users\\User\\Downloads\\Ensias\\Ensias\\2A GL\\Stage\\chronogaz_app\\Chronogaz_Final\\api\\src\\utils\\password.js","statementMap":{"0":{"start":{"line":1,"column":15},"end":{"line":1,"column":34}},"1":{"start":{"line":3,"column":21},"end":{"line":6,"column":1}},"2":{"start":{"line":4,"column":21},"end":{"line":4,"column":62}},"3":{"start":{"line":5,"column":2},"end":{"line":5,"column":49}},"4":{"start":{"line":8,"column":24},"end":{"line":10,"column":1}},"5":{"start":{"line":9,"column":2},"end":{"line":9,"column":46}},"6":{"start":{"line":12,"column":0},"end":{"line":15,"column":2}}},"fnMap":{"0":{"name":"(anonymous_0)","decl":{"start":{"line":3,"column":21},"end":{"line":3,"column":22}},"loc":{"start":{"line":3,"column":41},"end":{"line":6,"column":1}},"line":3},"1":{"name":"(anonymous_1)","decl":{"start":{"line":8,"column":24},"end":{"line":8,"column":25}},"loc":{"start":{"line":8,"column":50},"end":{"line":10,"column":1}},"line":8}},"branchMap":{"0":{"loc":{"start":{"line":4,"column":21},"end":{"line":4,"column":62}},"type":"binary-expr","locations":[{"start":{"line":4,"column":21},"end":{"line":4,"column":56}},{"start":{"line":4,"column":60},"end":{"line":4,"column":62}}],"line":4}},"s":{"0":3,"1":3,"2":0,"3":0,"4":3,"5":0,"6":3},"f":{"0":0,"1":0},"b":{"0":[0,0]},"_coverageSchema":"1a1c01bbd47fc00a2c39e90264f33305004495a9","hash":"76475708b6c9976e6c4681348200863fee843a68"}
,"C:\\Users\\User\\Downloads\\Ensias\\Ensias\\2A GL\\Stage\\chronogaz_app\\Chronogaz_Final\\api\\src\\utils\\validation.js": {"path":"C:\\Users\\User\\Downloads\\Ensias\\Ensias\\2A GL\\Stage\\chronogaz_app\\Chronogaz_Final\\api\\src\\utils\\validation.js","statementMap":{},"fnMap":{},"branchMap":{},"s":{},"f":{},"b":{}}
}
