TN:
SF:src\app.js
FN:110,(anonymous_0)
FN:126,(anonymous_1)
FN:144,(anonymous_2)
FN:172,(anonymous_3)
FN:212,(anonymous_4)
FN:247,(anonymous_5)
FN:278,(anonymous_6)
FN:320,(anonymous_7)
FN:396,(anonymous_8)
FN:449,(anonymous_9)
FN:483,(anonymous_10)
FN:517,(anonymous_11)
FN:644,(anonymous_12)
FN:661,(anonymous_13)
FN:668,(anonymous_14)
FN:669,(anonymous_15)
FN:704,(anonymous_16)
FN:707,(anonymous_17)
FN:853,(anonymous_18)
FN:868,(anonymous_19)
FN:951,(anonymous_20)
FN:965,(anonymous_21)
FN:1003,(anonymous_22)
FN:1025,(anonymous_23)
FN:1169,(anonymous_24)
FN:1178,(anonymous_25)
FN:1204,(anonymous_26)
FN:1258,(anonymous_27)
FN:1282,(anonymous_28)
FN:1299,(anonymous_29)
FN:1323,(anonymous_30)
FN:1352,(anonymous_31)
FN:1360,(anonymous_32)
FNF:33
FNH:0
FNDA:0,(anonymous_0)
FNDA:0,(anonymous_1)
FNDA:0,(anonymous_2)
FNDA:0,(anonymous_3)
FNDA:0,(anonymous_4)
FNDA:0,(anonymous_5)
FNDA:0,(anonymous_6)
FNDA:0,(anonymous_7)
FNDA:0,(anonymous_8)
FNDA:0,(anonymous_9)
FNDA:0,(anonymous_10)
FNDA:0,(anonymous_11)
FNDA:0,(anonymous_12)
FNDA:0,(anonymous_13)
FNDA:0,(anonymous_14)
FNDA:0,(anonymous_15)
FNDA:0,(anonymous_16)
FNDA:0,(anonymous_17)
FNDA:0,(anonymous_18)
FNDA:0,(anonymous_19)
FNDA:0,(anonymous_20)
FNDA:0,(anonymous_21)
FNDA:0,(anonymous_22)
FNDA:0,(anonymous_23)
FNDA:0,(anonymous_24)
FNDA:0,(anonymous_25)
FNDA:0,(anonymous_26)
FNDA:0,(anonymous_27)
FNDA:0,(anonymous_28)
FNDA:0,(anonymous_29)
FNDA:0,(anonymous_30)
FNDA:0,(anonymous_31)
FNDA:0,(anonymous_32)
DA:1,3
DA:2,3
DA:3,3
DA:6,3
DA:7,3
DA:10,3
DA:11,3
DA:12,3
DA:13,3
DA:14,3
DA:15,3
DA:16,3
DA:17,3
DA:19,3
DA:20,3
DA:21,3
DA:22,3
DA:23,3
DA:25,3
DA:26,3
DA:27,3
DA:28,3
DA:31,3
DA:32,3
DA:33,3
DA:34,3
DA:35,3
DA:36,3
DA:39,3
DA:40,3
DA:41,3
DA:42,3
DA:43,3
DA:44,3
DA:45,3
DA:46,3
DA:47,3
DA:48,3
DA:49,3
DA:51,3
DA:52,3
DA:53,3
DA:56,3
DA:57,3
DA:59,3
DA:61,3
DA:62,3
DA:63,3
DA:65,3
DA:68,3
DA:73,3
DA:74,3
DA:77,3
DA:78,3
DA:79,3
DA:80,3
DA:81,3
DA:82,3
DA:83,3
DA:84,3
DA:85,3
DA:88,3
DA:89,3
DA:90,3
DA:91,3
DA:92,3
DA:93,3
DA:94,3
DA:95,3
DA:96,3
DA:97,3
DA:99,3
DA:100,3
DA:101,3
DA:104,3
DA:107,3
DA:110,3
DA:111,0
DA:126,3
DA:127,0
DA:128,0
DA:129,0
DA:135,0
DA:144,3
DA:145,0
DA:146,0
DA:171,0
DA:173,0
DA:174,0
DA:184,0
DA:186,0
DA:199,0
DA:212,0
DA:221,0
DA:223,0
DA:234,0
DA:247,0
DA:258,0
DA:259,0
DA:263,0
DA:269,0
DA:270,0
DA:278,3
DA:279,0
DA:280,0
DA:300,0
DA:301,0
DA:307,0
DA:312,0
DA:320,3
DA:321,0
DA:322,0
DA:325,0
DA:326,0
DA:327,0
DA:333,0
DA:335,0
DA:344,0
DA:346,0
DA:347,0
DA:349,0
DA:350,0
DA:358,0
DA:359,0
DA:360,0
DA:361,0
DA:368,0
DA:369,0
DA:372,0
DA:382,0
DA:384,0
DA:390,0
DA:391,0
DA:396,3
DA:397,0
DA:398,0
DA:399,0
DA:403,0
DA:404,0
DA:408,0
DA:409,0
DA:413,0
DA:414,0
DA:415,0
DA:416,0
DA:421,0
DA:422,0
DA:423,0
DA:425,0
DA:426,0
DA:427,0
DA:428,0
DA:432,0
DA:442,0
DA:444,0
DA:449,3
DA:450,0
DA:451,0
DA:452,0
DA:453,0
DA:457,0
DA:458,0
DA:459,0
DA:460,0
DA:461,0
DA:464,0
DA:465,0
DA:466,0
DA:467,0
DA:468,0
DA:472,0
DA:473,0
DA:475,0
DA:483,3
DA:484,0
DA:485,0
DA:487,0
DA:488,0
DA:489,0
DA:490,0
DA:493,0
DA:494,0
DA:495,0
DA:496,0
DA:507,0
DA:508,0
DA:509,0
DA:511,0
DA:512,0
DA:513,0
DA:516,0
DA:517,0
DA:523,0
DA:534,0
DA:542,0
DA:543,0
DA:549,0
DA:551,0
DA:552,0
DA:553,0
DA:554,0
DA:566,0
DA:568,0
DA:569,0
DA:570,0
DA:577,0
DA:578,0
DA:580,0
DA:581,0
DA:587,0
DA:609,0
DA:610,0
DA:612,0
DA:624,0
DA:625,0
DA:626,0
DA:627,0
DA:628,0
DA:630,0
DA:644,3
DA:645,0
DA:646,0
DA:649,0
DA:650,0
DA:657,0
DA:661,0
DA:662,0
DA:668,0
DA:669,0
DA:670,0
DA:689,0
DA:695,0
DA:696,0
DA:704,3
DA:705,0
DA:707,0
DA:708,0
DA:709,0
DA:710,0
DA:711,0
DA:713,0
DA:716,0
DA:719,0
DA:720,0
DA:726,0
DA:729,0
DA:730,0
DA:737,0
DA:738,0
DA:739,0
DA:742,0
DA:743,0
DA:744,0
DA:746,0
DA:755,0
DA:758,0
DA:768,0
DA:771,0
DA:772,0
DA:778,0
DA:781,0
DA:785,0
DA:786,0
DA:789,0
DA:805,0
DA:808,0
DA:814,0
DA:818,0
DA:819,0
DA:821,0
DA:825,0
DA:836,0
DA:843,0
DA:844,0
DA:853,3
DA:854,0
DA:855,0
DA:856,0
DA:859,0
DA:860,0
DA:861,0
DA:868,0
DA:869,0
DA:870,0
DA:871,0
DA:872,0
DA:874,0
DA:878,0
DA:879,0
DA:886,0
DA:887,0
DA:888,0
DA:891,0
DA:892,0
DA:893,0
DA:895,0
DA:904,0
DA:907,0
DA:915,0
DA:918,0
DA:919,0
DA:925,0
DA:927,0
DA:928,0
DA:930,0
DA:932,0
DA:939,0
DA:940,0
DA:951,3
DA:952,0
DA:953,0
DA:965,0
DA:989,0
DA:995,0
DA:1003,3
DA:1004,0
DA:1005,0
DA:1014,0
DA:1015,0
DA:1018,0
DA:1020,0
DA:1025,3
DA:1026,0
DA:1027,0
DA:1028,0
DA:1030,0
DA:1032,0
DA:1033,0
DA:1034,0
DA:1035,0
DA:1038,0
DA:1039,0
DA:1040,0
DA:1041,0
DA:1042,0
DA:1044,0
DA:1045,0
DA:1046,0
DA:1052,0
DA:1055,0
DA:1056,0
DA:1057,0
DA:1060,0
DA:1062,0
DA:1063,0
DA:1064,0
DA:1065,0
DA:1068,0
DA:1070,0
DA:1071,0
DA:1072,0
DA:1073,0
DA:1075,0
DA:1077,0
DA:1088,0
DA:1094,0
DA:1095,0
DA:1098,0
DA:1108,0
DA:1110,0
DA:1111,0
DA:1112,0
DA:1115,0
DA:1126,0
DA:1127,0
DA:1128,0
DA:1129,0
DA:1130,0
DA:1131,0
DA:1132,0
DA:1133,0
DA:1135,0
DA:1137,0
DA:1138,0
DA:1139,0
DA:1141,0
DA:1150,0
DA:1151,0
DA:1153,0
DA:1154,0
DA:1155,0
DA:1156,0
DA:1157,0
DA:1160,0
DA:1161,0
DA:1162,0
DA:1163,0
DA:1167,0
DA:1168,0
DA:1169,0
DA:1170,0
DA:1174,0
DA:1178,3
DA:1179,0
DA:1180,0
DA:1181,0
DA:1183,0
DA:1184,0
DA:1190,0
DA:1196,0
DA:1204,3
DA:1205,0
DA:1206,0
DA:1207,0
DA:1210,0
DA:1211,0
DA:1215,0
DA:1216,0
DA:1217,0
DA:1218,0
DA:1219,0
DA:1220,0
DA:1223,0
DA:1224,0
DA:1230,0
DA:1231,0
DA:1239,0
DA:1242,0
DA:1251,0
DA:1253,0
DA:1258,3
DA:1259,0
DA:1260,0
DA:1261,0
DA:1262,0
DA:1266,0
DA:1267,0
DA:1268,0
DA:1269,0
DA:1270,0
DA:1274,0
DA:1275,0
DA:1277,0
DA:1282,3
DA:1283,0
DA:1284,0
DA:1285,0
DA:1291,0
DA:1299,3
DA:1300,0
DA:1301,0
DA:1302,0
DA:1304,0
DA:1307,0
DA:1313,0
DA:1314,0
DA:1323,3
DA:1324,0
DA:1325,0
DA:1338,0
DA:1344,0
DA:1352,3
DA:1353,0
DA:1360,3
DA:1361,0
DA:1362,0
DA:1370,3
LF:457
LH:99
BRDA:69,0,0,3
BRDA:69,0,1,0
BRDA:184,1,0,0
BRDA:184,1,1,0
BRDA:221,2,0,0
BRDA:221,2,1,0
BRDA:300,3,0,0
BRDA:300,3,1,0
BRDA:326,4,0,0
BRDA:326,4,1,0
BRDA:333,5,0,0
BRDA:333,5,1,0
BRDA:349,6,0,0
BRDA:349,6,1,0
BRDA:356,7,0,0
BRDA:356,7,1,0
BRDA:360,8,0,0
BRDA:360,8,1,0
BRDA:378,9,0,0
BRDA:378,9,1,0
BRDA:403,10,0,0
BRDA:403,10,1,0
BRDA:408,11,0,0
BRDA:408,11,1,0
BRDA:408,12,0,0
BRDA:408,12,1,0
BRDA:413,13,0,0
BRDA:413,13,1,0
BRDA:414,14,0,0
BRDA:414,14,1,0
BRDA:415,15,0,0
BRDA:415,15,1,0
BRDA:421,16,0,0
BRDA:421,16,1,0
BRDA:425,17,0,0
BRDA:425,17,1,0
BRDA:425,18,0,0
BRDA:425,18,1,0
BRDA:427,19,0,0
BRDA:427,19,1,0
BRDA:427,20,0,0
BRDA:427,20,1,0
BRDA:452,21,0,0
BRDA:452,21,1,0
BRDA:457,22,0,0
BRDA:457,22,1,0
BRDA:459,23,0,0
BRDA:459,23,1,0
BRDA:464,24,0,0
BRDA:464,24,1,0
BRDA:466,25,0,0
BRDA:466,25,1,0
BRDA:494,26,0,0
BRDA:494,26,1,0
BRDA:495,27,0,0
BRDA:495,27,1,0
BRDA:509,28,0,0
BRDA:509,28,1,0
BRDA:511,29,0,0
BRDA:511,29,1,0
BRDA:551,30,0,0
BRDA:551,30,1,0
BRDA:578,31,0,0
BRDA:578,31,1,0
BRDA:580,32,0,0
BRDA:580,32,1,0
BRDA:649,33,0,0
BRDA:649,33,1,0
BRDA:649,34,0,0
BRDA:649,34,1,0
BRDA:649,34,2,0
BRDA:684,35,0,0
BRDA:684,35,1,0
BRDA:719,36,0,0
BRDA:719,36,1,0
BRDA:719,37,0,0
BRDA:719,37,1,0
BRDA:729,38,0,0
BRDA:729,38,1,0
BRDA:729,39,0,0
BRDA:729,39,1,0
BRDA:729,39,2,0
BRDA:729,39,3,0
BRDA:738,40,0,0
BRDA:738,40,1,0
BRDA:764,41,0,0
BRDA:764,41,1,0
BRDA:801,42,0,0
BRDA:801,42,1,0
BRDA:860,43,0,0
BRDA:860,43,1,0
BRDA:878,44,0,0
BRDA:878,44,1,0
BRDA:878,45,0,0
BRDA:878,45,1,0
BRDA:878,45,2,0
BRDA:878,45,3,0
BRDA:887,46,0,0
BRDA:887,46,1,0
BRDA:974,47,0,0
BRDA:974,47,1,0
BRDA:1014,48,0,0
BRDA:1014,48,1,0
BRDA:1044,49,0,0
BRDA:1044,49,1,0
BRDA:1044,50,0,0
BRDA:1044,50,1,0
BRDA:1056,51,0,0
BRDA:1056,51,1,0
BRDA:1063,52,0,0
BRDA:1063,52,1,0
BRDA:1102,53,0,0
BRDA:1102,53,1,0
BRDA:1104,54,0,0
BRDA:1104,54,1,0
BRDA:1122,55,0,0
BRDA:1122,55,1,0
BRDA:1123,56,0,0
BRDA:1123,56,1,0
BRDA:1160,57,0,0
BRDA:1160,57,1,0
BRDA:1160,58,0,0
BRDA:1160,58,1,0
BRDA:1167,59,0,0
BRDA:1167,59,1,0
BRDA:1183,60,0,0
BRDA:1183,60,1,0
BRDA:1210,61,0,0
BRDA:1210,61,1,0
BRDA:1215,62,0,0
BRDA:1215,62,1,0
BRDA:1216,63,0,0
BRDA:1216,63,1,0
BRDA:1217,64,0,0
BRDA:1217,64,1,0
BRDA:1218,65,0,0
BRDA:1218,65,1,0
BRDA:1219,66,0,0
BRDA:1219,66,1,0
BRDA:1223,67,0,0
BRDA:1223,67,1,0
BRDA:1223,68,0,0
BRDA:1223,68,1,0
BRDA:1230,69,0,0
BRDA:1230,69,1,0
BRDA:1230,70,0,0
BRDA:1230,70,1,0
BRDA:1261,71,0,0
BRDA:1261,71,1,0
BRDA:1266,72,0,0
BRDA:1266,72,1,0
BRDA:1268,73,0,0
BRDA:1268,73,1,0
BRDA:1365,74,0,0
BRDA:1365,74,1,0
BRF:155
BRH:1
end_of_record
TN:
SF:src\config\database.js
FN:5,(anonymous_0)
FNF:1
FNH:0
FNDA:0,(anonymous_0)
DA:1,0
DA:3,0
DA:5,0
DA:6,0
DA:8,0
DA:9,0
DA:10,0
DA:13,0
DA:15,0
DA:16,0
DA:18,0
DA:23,0
LF:12
LH:0
BRDA:8,0,0,0
BRDA:8,0,1,0
BRDA:15,1,0,0
BRDA:15,1,1,0
BRF:4
BRH:0
end_of_record
TN:
SF:src\config\passport.js
FN:12,(anonymous_0)
FNF:1
FNH:0
FNDA:0,(anonymous_0)
DA:1,3
DA:2,3
DA:3,3
DA:4,3
DA:5,3
DA:6,3
DA:8,3
DA:13,0
DA:15,0
DA:18,0
DA:20,0
DA:21,0
DA:23,0
DA:24,0
DA:28,0
DA:29,0
DA:39,0
DA:40,0
DA:41,0
DA:48,0
DA:50,0
LF:21
LH:7
BRDA:18,0,0,0
BRDA:18,0,1,0
BRDA:23,1,0,0
BRDA:23,1,1,0
BRF:4
BRH:0
end_of_record
TN:
SF:src\controllers\LocationController.js
FN:6,(anonymous_0)
FN:25,(anonymous_1)
FN:85,(anonymous_2)
FN:121,(anonymous_3)
FN:190,(anonymous_4)
FN:246,(anonymous_5)
FN:280,(anonymous_6)
FN:316,(anonymous_7)
FNF:8
FNH:0
FNDA:0,(anonymous_0)
FNDA:0,(anonymous_1)
FNDA:0,(anonymous_2)
FNDA:0,(anonymous_3)
FNDA:0,(anonymous_4)
FNDA:0,(anonymous_5)
FNDA:0,(anonymous_6)
FNDA:0,(anonymous_7)
DA:1,3
DA:2,3
DA:3,3
DA:6,3
DA:7,0
DA:8,0
DA:9,0
DA:15,0
DA:16,0
DA:25,3
DA:26,0
DA:27,0
DA:30,0
DA:31,0
DA:38,0
DA:45,0
DA:46,0
DA:52,0
DA:57,0
DA:58,0
DA:59,0
DA:61,0
DA:63,0
DA:69,0
DA:70,0
DA:71,0
DA:76,0
DA:85,3
DA:86,0
DA:87,0
DA:89,0
DA:90,0
DA:96,0
DA:98,0
DA:99,0
DA:105,0
DA:111,0
DA:112,0
DA:121,3
DA:122,0
DA:123,0
DA:124,0
DA:126,0
DA:127,0
DA:134,0
DA:135,0
DA:136,0
DA:143,0
DA:144,0
DA:148,0
DA:149,0
DA:151,0
DA:152,0
DA:155,0
DA:156,0
DA:157,0
DA:165,0
DA:166,0
DA:168,0
DA:174,0
DA:180,0
DA:181,0
DA:190,3
DA:191,0
DA:192,0
DA:194,0
DA:195,0
DA:202,0
DA:203,0
DA:204,0
DA:211,0
DA:216,0
DA:217,0
DA:224,0
DA:230,0
DA:236,0
DA:237,0
DA:246,3
DA:247,0
DA:248,0
DA:250,0
DA:251,0
DA:257,0
DA:264,0
DA:270,0
DA:271,0
DA:280,3
DA:281,0
DA:282,0
DA:283,0
DA:286,0
DA:296,0
DA:306,0
DA:307,0
DA:316,3
DA:317,0
DA:318,0
DA:320,0
DA:321,0
DA:328,0
DA:338,0
DA:339,0
DA:347,3
LF:103
LH:12
BRDA:27,0,0,0
BRDA:30,1,0,0
BRDA:30,1,1,0
BRDA:45,2,0,0
BRDA:45,2,1,0
BRDA:57,3,0,0
BRDA:57,3,1,0
BRDA:58,4,0,0
BRDA:58,4,1,0
BRDA:59,5,0,0
BRDA:59,5,1,0
BRDA:70,6,0,0
BRDA:70,6,1,0
BRDA:89,7,0,0
BRDA:89,7,1,0
BRDA:98,8,0,0
BRDA:98,8,1,0
BRDA:126,9,0,0
BRDA:126,9,1,0
BRDA:135,10,0,0
BRDA:135,10,1,0
BRDA:143,11,0,0
BRDA:143,11,1,0
BRDA:143,12,0,0
BRDA:143,12,1,0
BRDA:148,13,0,0
BRDA:148,13,1,0
BRDA:151,14,0,0
BRDA:151,14,1,0
BRDA:156,15,0,0
BRDA:156,15,1,0
BRDA:165,16,0,0
BRDA:165,16,1,0
BRDA:166,17,0,0
BRDA:166,17,1,0
BRDA:194,18,0,0
BRDA:194,18,1,0
BRDA:203,19,0,0
BRDA:203,19,1,0
BRDA:216,20,0,0
BRDA:216,20,1,0
BRDA:250,21,0,0
BRDA:250,21,1,0
BRDA:250,22,0,0
BRDA:250,22,1,0
BRDA:320,23,0,0
BRDA:320,23,1,0
BRF:47
BRH:0
end_of_record
TN:
SF:src\controllers\addressController.js
FN:10,(anonymous_0)
FN:85,(anonymous_1)
FN:123,(anonymous_2)
FN:155,(anonymous_3)
FN:211,(anonymous_4)
FN:249,(anonymous_5)
FNF:6
FNH:0
FNDA:0,(anonymous_0)
FNDA:0,(anonymous_1)
FNDA:0,(anonymous_2)
FNDA:0,(anonymous_3)
FNDA:0,(anonymous_4)
FNDA:0,(anonymous_5)
DA:1,3
DA:2,3
DA:3,3
DA:4,3
DA:5,3
DA:6,3
DA:7,3
DA:10,3
DA:11,0
DA:26,0
DA:29,0
DA:30,0
DA:37,0
DA:38,0
DA:39,0
DA:46,0
DA:62,0
DA:65,0
DA:68,0
DA:75,0
DA:76,0
DA:85,3
DA:86,0
DA:87,0
DA:89,0
DA:90,0
DA:96,0
DA:99,0
DA:100,0
DA:106,0
DA:113,0
DA:114,0
DA:123,3
DA:124,0
DA:125,0
DA:127,0
DA:128,0
DA:134,0
DA:138,0
DA:145,0
DA:146,0
DA:155,3
DA:156,0
DA:157,0
DA:158,0
DA:160,0
DA:161,0
DA:168,0
DA:169,0
DA:170,0
DA:177,0
DA:178,0
DA:179,0
DA:180,0
DA:188,0
DA:194,0
DA:201,0
DA:202,0
DA:211,3
DA:212,0
DA:213,0
DA:215,0
DA:216,0
DA:222,0
DA:223,0
DA:224,0
DA:231,0
DA:233,0
DA:239,0
DA:240,0
DA:249,3
DA:250,0
DA:251,0
DA:252,0
DA:255,0
DA:256,0
DA:257,0
DA:264,0
DA:265,0
DA:266,0
DA:267,0
DA:272,0
DA:277,0
DA:280,0
DA:285,0
DA:286,0
DA:288,0
DA:291,0
DA:292,0
DA:295,0
DA:298,0
DA:305,0
DA:306,0
DA:314,3
LF:94
LH:14
BRDA:29,0,0,0
BRDA:29,0,1,0
BRDA:29,1,0,0
BRDA:29,1,1,0
BRDA:29,1,2,0
BRDA:38,2,0,0
BRDA:38,2,1,0
BRDA:58,3,0,0
BRDA:58,3,1,0
BRDA:59,4,0,0
BRDA:59,4,1,0
BRDA:89,5,0,0
BRDA:89,5,1,0
BRDA:99,6,0,0
BRDA:99,6,1,0
BRDA:127,7,0,0
BRDA:127,7,1,0
BRDA:160,8,0,0
BRDA:160,8,1,0
BRDA:169,9,0,0
BRDA:169,9,1,0
BRDA:177,10,0,0
BRDA:177,10,1,0
BRDA:179,11,0,0
BRDA:179,11,1,0
BRDA:215,12,0,0
BRDA:215,12,1,0
BRDA:223,13,0,0
BRDA:223,13,1,0
BRDA:256,14,0,0
BRDA:256,14,1,0
BRDA:264,15,0,0
BRDA:264,15,1,0
BRDA:266,16,0,0
BRDA:266,16,1,0
BRDA:282,17,0,0
BRDA:282,17,1,0
BRDA:285,18,0,0
BRDA:285,18,1,0
BRF:39
BRH:0
end_of_record
TN:
SF:src\controllers\adminController.js
FN:14,(anonymous_0)
FN:42,(anonymous_1)
FN:97,(anonymous_2)
FN:113,(anonymous_3)
FN:147,(anonymous_4)
FN:405,(anonymous_5)
FN:471,(anonymous_6)
FN:568,(anonymous_7)
FN:663,(anonymous_8)
FN:683,(anonymous_9)
FN:745,(anonymous_10)
FN:768,(anonymous_11)
FN:803,(anonymous_12)
FN:843,(anonymous_13)
FN:881,(anonymous_14)
FNF:15
FNH:0
FNDA:0,(anonymous_0)
FNDA:0,(anonymous_1)
FNDA:0,(anonymous_2)
FNDA:0,(anonymous_3)
FNDA:0,(anonymous_4)
FNDA:0,(anonymous_5)
FNDA:0,(anonymous_6)
FNDA:0,(anonymous_7)
FNDA:0,(anonymous_8)
FNDA:0,(anonymous_9)
FNDA:0,(anonymous_10)
FNDA:0,(anonymous_11)
FNDA:0,(anonymous_12)
FNDA:0,(anonymous_13)
FNDA:0,(anonymous_14)
DA:1,3
DA:2,3
DA:3,3
DA:4,3
DA:5,3
DA:6,3
DA:7,3
DA:8,3
DA:9,3
DA:10,3
DA:11,3
DA:12,3
DA:14,3
DA:15,0
DA:16,0
DA:42,0
DA:43,0
DA:53,0
DA:54,0
DA:64,0
DA:65,0
DA:79,0
DA:82,0
DA:88,0
DA:89,0
DA:97,3
DA:98,0
DA:99,0
DA:113,0
DA:132,0
DA:138,0
DA:139,0
DA:147,3
DA:148,0
DA:157,0
DA:160,0
DA:166,0
DA:173,0
DA:174,0
DA:182,0
DA:183,0
DA:189,0
DA:190,0
DA:196,0
DA:197,0
DA:198,0
DA:204,0
DA:205,0
DA:206,0
DA:209,0
DA:210,0
DA:211,0
DA:217,0
DA:218,0
DA:220,0
DA:229,0
DA:231,0
DA:240,0
DA:241,0
DA:242,0
DA:245,0
DA:252,0
DA:255,0
DA:256,0
DA:269,0
DA:271,0
DA:276,0
DA:279,0
DA:284,0
DA:285,0
DA:286,0
DA:293,0
DA:294,0
DA:295,0
DA:296,0
DA:297,0
DA:300,0
DA:301,0
DA:304,0
DA:305,0
DA:307,0
DA:316,0
DA:317,0
DA:319,0
DA:320,0
DA:321,0
DA:324,0
DA:333,0
DA:336,0
DA:337,0
DA:350,0
DA:352,0
DA:357,0
DA:360,0
DA:365,0
DA:366,0
DA:367,0
DA:374,0
DA:375,0
DA:379,0
DA:386,0
DA:388,0
DA:389,0
DA:390,0
DA:397,0
DA:405,3
DA:406,0
DA:407,0
DA:408,0
DA:412,0
DA:413,0
DA:419,0
DA:420,0
DA:426,0
DA:427,0
DA:428,0
DA:434,0
DA:435,0
DA:437,0
DA:447,0
DA:448,0
DA:449,0
DA:452,0
DA:458,0
DA:459,0
DA:464,0
DA:465,0
DA:470,0
DA:471,0
DA:472,0
DA:473,0
DA:477,0
DA:483,0
DA:489,0
DA:490,0
DA:491,0
DA:492,0
DA:493,0
DA:494,0
DA:496,0
DA:497,0
DA:499,0
DA:500,0
DA:502,0
DA:503,0
DA:505,0
DA:506,0
DA:509,0
DA:510,0
DA:515,0
DA:521,0
DA:522,0
DA:527,0
DA:528,0
DA:530,0
DA:536,0
DA:537,0
DA:539,0
DA:548,0
DA:550,0
DA:555,0
DA:561,0
DA:562,0
DA:567,0
DA:568,0
DA:569,0
DA:570,0
DA:574,0
DA:580,0
DA:586,0
DA:587,0
DA:588,0
DA:589,0
DA:590,0
DA:591,0
DA:593,0
DA:594,0
DA:597,0
DA:598,0
DA:603,0
DA:609,0
DA:610,0
DA:615,0
DA:617,0
DA:619,0
DA:625,0
DA:627,0
DA:629,0
DA:638,0
DA:640,0
DA:645,0
DA:650,0
DA:657,0
DA:659,0
DA:660,0
DA:663,0
DA:667,0
DA:668,0
DA:669,0
DA:675,0
DA:683,3
DA:684,0
DA:685,0
DA:687,0
DA:688,0
DA:689,0
DA:695,0
DA:696,0
DA:702,0
DA:703,0
DA:704,0
DA:706,0
DA:707,0
DA:710,0
DA:711,0
DA:714,0
DA:717,0
DA:718,0
DA:719,0
DA:721,0
DA:722,0
DA:725,0
DA:728,0
DA:730,0
DA:736,0
DA:737,0
DA:745,3
DA:746,0
DA:747,0
DA:767,0
DA:769,0
DA:770,0
DA:780,0
DA:782,0
DA:793,0
DA:803,0
DA:818,0
DA:820,0
DA:833,0
DA:843,0
DA:860,0
DA:867,0
DA:873,0
DA:874,0
DA:881,3
DA:882,0
DA:883,0
DA:884,0
DA:885,0
DA:887,0
DA:896,0
DA:897,0
DA:904,3
LF:253
LH:20
BRDA:53,0,0,0
BRDA:53,0,1,0
BRDA:64,1,0,0
BRDA:64,1,1,0
BRDA:173,2,0,0
BRDA:173,2,1,0
BRDA:173,3,0,0
BRDA:173,3,1,0
BRDA:173,3,2,0
BRDA:173,3,3,0
BRDA:182,4,0,0
BRDA:182,4,1,0
BRDA:182,5,0,0
BRDA:182,5,1,0
BRDA:182,5,2,0
BRDA:189,6,0,0
BRDA:189,6,1,0
BRDA:189,7,0,0
BRDA:189,7,1,0
BRDA:189,7,2,0
BRDA:197,8,0,0
BRDA:197,8,1,0
BRDA:205,9,0,0
BRDA:205,9,1,0
BRDA:205,10,0,0
BRDA:205,10,1,0
BRDA:210,11,0,0
BRDA:210,11,1,0
BRDA:240,12,0,0
BRDA:240,12,1,0
BRDA:241,13,0,0
BRDA:241,13,1,0
BRDA:241,14,0,0
BRDA:241,14,1,0
BRDA:241,14,2,0
BRDA:255,15,0,0
BRDA:255,15,1,0
BRDA:255,16,0,0
BRDA:255,16,1,0
BRDA:264,17,0,0
BRDA:264,17,1,0
BRDA:265,18,0,0
BRDA:265,18,1,0
BRDA:284,19,0,0
BRDA:284,19,1,0
BRDA:290,20,0,0
BRDA:290,20,1,0
BRDA:291,21,0,0
BRDA:291,21,1,0
BRDA:295,22,0,0
BRDA:295,22,1,0
BRDA:295,23,0,0
BRDA:295,23,1,0
BRDA:296,24,0,0
BRDA:296,24,1,0
BRDA:296,25,0,0
BRDA:296,25,1,0
BRDA:300,26,0,0
BRDA:300,26,1,0
BRDA:300,27,0,0
BRDA:300,27,1,0
BRDA:319,28,0,0
BRDA:319,28,1,0
BRDA:320,29,0,0
BRDA:320,29,1,0
BRDA:336,30,0,0
BRDA:336,30,1,0
BRDA:336,31,0,0
BRDA:336,31,1,0
BRDA:345,32,0,0
BRDA:345,32,1,0
BRDA:346,33,0,0
BRDA:346,33,1,0
BRDA:365,34,0,0
BRDA:365,34,1,0
BRDA:371,35,0,0
BRDA:371,35,1,0
BRDA:372,36,0,0
BRDA:372,36,1,0
BRDA:388,37,0,0
BRDA:388,37,1,0
BRDA:412,38,0,0
BRDA:412,38,1,0
BRDA:412,39,0,0
BRDA:412,39,1,0
BRDA:412,39,2,0
BRDA:419,40,0,0
BRDA:419,40,1,0
BRDA:419,41,0,0
BRDA:419,41,1,0
BRDA:419,41,2,0
BRDA:427,42,0,0
BRDA:427,42,1,0
BRDA:447,43,0,0
BRDA:447,43,1,0
BRDA:447,44,0,0
BRDA:447,44,1,0
BRDA:458,45,0,0
BRDA:458,45,1,0
BRDA:464,46,0,0
BRDA:464,46,1,0
BRDA:464,47,0,0
BRDA:464,47,1,0
BRDA:472,48,0,0
BRDA:472,48,1,0
BRDA:489,49,0,0
BRDA:489,49,1,0
BRDA:489,50,0,0
BRDA:489,50,1,0
BRDA:489,50,2,0
BRDA:491,51,0,0
BRDA:491,51,1,0
BRDA:493,52,0,0
BRDA:493,52,1,0
BRDA:496,53,0,0
BRDA:496,53,1,0
BRDA:499,54,0,0
BRDA:499,54,1,0
BRDA:502,55,0,0
BRDA:502,55,1,0
BRDA:505,56,0,0
BRDA:505,56,1,0
BRDA:509,57,0,0
BRDA:509,57,1,0
BRDA:521,58,0,0
BRDA:521,58,1,0
BRDA:527,59,0,0
BRDA:527,59,1,0
BRDA:527,60,0,0
BRDA:527,60,1,0
BRDA:533,61,0,0
BRDA:533,61,1,0
BRDA:534,62,0,0
BRDA:534,62,1,0
BRDA:536,63,0,0
BRDA:536,63,1,0
BRDA:543,64,0,0
BRDA:543,64,1,0
BRDA:544,65,0,0
BRDA:544,65,1,0
BRDA:561,66,0,0
BRDA:561,66,1,0
BRDA:561,67,0,0
BRDA:561,67,1,0
BRDA:569,68,0,0
BRDA:569,68,1,0
BRDA:586,69,0,0
BRDA:586,69,1,0
BRDA:586,70,0,0
BRDA:586,70,1,0
BRDA:588,71,0,0
BRDA:588,71,1,0
BRDA:590,72,0,0
BRDA:590,72,1,0
BRDA:593,73,0,0
BRDA:593,73,1,0
BRDA:597,74,0,0
BRDA:597,74,1,0
BRDA:609,75,0,0
BRDA:609,75,1,0
BRDA:615,76,0,0
BRDA:615,76,1,0
BRDA:615,77,0,0
BRDA:615,77,1,0
BRDA:622,78,0,0
BRDA:622,78,1,0
BRDA:623,79,0,0
BRDA:623,79,1,0
BRDA:625,80,0,0
BRDA:625,80,1,0
BRDA:633,81,0,0
BRDA:633,81,1,0
BRDA:634,82,0,0
BRDA:634,82,1,0
BRDA:659,83,0,0
BRDA:659,83,1,0
BRDA:667,84,0,0
BRDA:667,84,1,0
BRDA:688,85,0,0
BRDA:688,85,1,0
BRDA:695,86,0,0
BRDA:695,86,1,0
BRDA:703,87,0,0
BRDA:703,87,1,0
BRDA:706,88,0,0
BRDA:706,88,1,0
BRDA:710,89,0,0
BRDA:710,89,1,0
BRDA:710,90,0,0
BRDA:710,90,1,0
BRDA:718,91,0,0
BRDA:718,91,1,0
BRDA:721,92,0,0
BRDA:721,92,1,0
BRDA:780,93,0,0
BRDA:780,93,1,0
BRDA:806,94,0,0
BRDA:806,94,1,0
BRDA:807,95,0,0
BRDA:807,95,1,0
BRDA:808,96,0,0
BRDA:808,96,1,0
BRDA:809,97,0,0
BRDA:809,97,1,0
BRDA:810,98,0,0
BRDA:810,98,1,0
BRDA:811,99,0,0
BRDA:811,99,1,0
BRDA:814,100,0,0
BRDA:814,100,1,0
BRDA:818,101,0,0
BRDA:818,101,1,0
BRDA:846,102,0,0
BRDA:846,102,1,0
BRDA:847,103,0,0
BRDA:847,103,1,0
BRDA:848,104,0,0
BRDA:848,104,1,0
BRDA:849,105,0,0
BRDA:849,105,1,0
BRDA:850,106,0,0
BRDA:850,106,1,0
BRDA:851,107,0,0
BRDA:851,107,1,0
BRDA:854,108,0,0
BRDA:854,108,1,0
BRF:226
BRH:0
end_of_record
TN:
SF:src\controllers\authController.js
FN:17,(anonymous_0)
FN:295,(anonymous_1)
FN:434,(anonymous_2)
FNF:3
FNH:0
FNDA:0,(anonymous_0)
FNDA:0,(anonymous_1)
FNDA:0,(anonymous_2)
DA:1,3
DA:2,3
DA:3,3
DA:4,3
DA:5,3
DA:6,3
DA:7,3
DA:8,3
DA:9,3
DA:10,3
DA:11,3
DA:12,3
DA:13,3
DA:14,3
DA:15,3
DA:17,3
DA:18,0
DA:25,0
DA:28,0
DA:29,0
DA:36,0
DA:39,0
DA:40,0
DA:46,0
DA:47,0
DA:53,0
DA:54,0
DA:61,0
DA:62,0
DA:63,0
DA:70,0
DA:71,0
DA:72,0
DA:79,0
DA:82,0
DA:90,0
DA:92,0
DA:101,0
DA:103,0
DA:104,0
DA:107,0
DA:114,0
DA:117,0
DA:118,0
DA:131,0
DA:133,0
DA:138,0
DA:141,0
DA:144,0
DA:145,0
DA:146,0
DA:152,0
DA:153,0
DA:154,0
DA:155,0
DA:156,0
DA:160,0
DA:161,0
DA:165,0
DA:166,0
DA:167,0
DA:171,0
DA:172,0
DA:173,0
DA:177,0
DA:178,0
DA:179,0
DA:182,0
DA:183,0
DA:185,0
DA:194,0
DA:195,0
DA:197,0
DA:199,0
DA:200,0
DA:203,0
DA:212,0
DA:215,0
DA:216,0
DA:229,0
DA:231,0
DA:236,0
DA:239,0
DA:242,0
DA:243,0
DA:244,0
DA:250,0
DA:251,0
DA:256,0
DA:266,0
DA:276,0
DA:279,0
DA:280,0
DA:281,0
DA:287,0
DA:295,3
DA:296,0
DA:297,0
DA:300,0
DA:301,0
DA:308,0
DA:311,0
DA:312,0
DA:313,0
DA:320,0
DA:321,0
DA:328,0
DA:329,0
DA:330,0
DA:331,0
DA:332,0
DA:338,0
DA:345,0
DA:346,0
DA:349,0
DA:350,0
DA:353,0
DA:354,0
DA:359,0
DA:360,0
DA:361,0
DA:362,0
DA:370,0
DA:371,0
DA:373,0
DA:374,0
DA:375,0
DA:382,0
DA:383,0
DA:384,0
DA:391,0
DA:402,0
DA:406,0
DA:425,0
DA:426,0
DA:434,3
DA:435,0
DA:436,0
DA:437,0
DA:440,0
DA:441,0
DA:448,0
DA:449,0
DA:455,0
DA:456,0
DA:462,0
DA:463,0
DA:470,0
DA:472,0
DA:473,0
DA:479,0
DA:486,0
DA:489,0
DA:490,0
DA:503,0
DA:505,0
DA:510,0
DA:514,0
DA:515,0
DA:521,0
DA:523,0
DA:525,0
DA:526,0
DA:532,0
DA:541,0
DA:544,0
DA:545,0
DA:558,0
DA:560,0
DA:565,0
DA:569,0
DA:570,0
DA:576,0
DA:580,0
DA:583,0
DA:586,0
DA:596,0
DA:610,0
DA:613,0
DA:614,0
DA:615,0
DA:621,0
DA:629,3
LF:183
LH:19
BRDA:28,0,0,0
BRDA:28,0,1,0
BRDA:28,1,0,0
BRDA:28,1,1,0
BRDA:28,1,2,0
BRDA:28,1,3,0
BRDA:39,2,0,0
BRDA:39,2,1,0
BRDA:39,3,0,0
BRDA:39,3,1,0
BRDA:39,3,2,0
BRDA:46,4,0,0
BRDA:46,4,1,0
BRDA:46,5,0,0
BRDA:46,5,1,0
BRDA:46,5,2,0
BRDA:53,6,0,0
BRDA:53,6,1,0
BRDA:53,7,0,0
BRDA:53,7,1,0
BRDA:62,8,0,0
BRDA:62,8,1,0
BRDA:71,9,0,0
BRDA:71,9,1,0
BRDA:101,10,0,0
BRDA:101,10,1,0
BRDA:103,11,0,0
BRDA:103,11,1,0
BRDA:103,12,0,0
BRDA:103,12,1,0
BRDA:103,12,2,0
BRDA:117,13,0,0
BRDA:117,13,1,0
BRDA:117,14,0,0
BRDA:117,14,1,0
BRDA:126,15,0,0
BRDA:126,15,1,0
BRDA:127,16,0,0
BRDA:127,16,1,0
BRDA:144,17,0,0
BRDA:144,17,1,0
BRDA:154,18,0,0
BRDA:154,18,1,0
BRDA:155,19,0,0
BRDA:155,19,1,0
BRDA:155,20,0,0
BRDA:155,20,1,0
BRDA:160,21,0,0
BRDA:160,21,1,0
BRDA:160,22,0,0
BRDA:160,22,1,0
BRDA:166,23,0,0
BRDA:166,23,1,0
BRDA:172,24,0,0
BRDA:172,24,1,0
BRDA:177,25,0,0
BRDA:177,25,1,0
BRDA:197,26,0,0
BRDA:197,26,1,0
BRDA:199,27,0,0
BRDA:199,27,1,0
BRDA:215,28,0,0
BRDA:215,28,1,0
BRDA:215,29,0,0
BRDA:215,29,1,0
BRDA:224,30,0,0
BRDA:224,30,1,0
BRDA:225,31,0,0
BRDA:225,31,1,0
BRDA:242,32,0,0
BRDA:242,32,1,0
BRDA:263,33,0,0
BRDA:263,33,1,0
BRDA:279,34,0,0
BRDA:279,34,1,0
BRDA:300,35,0,0
BRDA:300,35,1,0
BRDA:300,36,0,0
BRDA:300,36,1,0
BRDA:312,37,0,0
BRDA:312,37,1,0
BRDA:320,38,0,0
BRDA:320,38,1,0
BRDA:331,39,0,0
BRDA:331,39,1,0
BRDA:338,40,0,0
BRDA:338,40,1,0
BRDA:338,40,2,0
BRDA:338,40,3,0
BRDA:338,40,4,0
BRDA:338,40,5,0
BRDA:349,41,0,0
BRDA:349,41,1,0
BRDA:353,42,0,0
BRDA:353,42,1,0
BRDA:353,43,0,0
BRDA:353,43,1,0
BRDA:359,44,0,0
BRDA:359,44,1,0
BRDA:359,45,0,0
BRDA:359,45,1,0
BRDA:361,46,0,0
BRDA:361,46,1,0
BRDA:361,47,0,0
BRDA:361,47,1,0
BRDA:373,48,0,0
BRDA:373,48,1,0
BRDA:382,49,0,0
BRDA:382,49,1,0
BRDA:398,50,0,0
BRDA:398,50,1,0
BRDA:440,51,0,0
BRDA:440,51,1,0
BRDA:440,52,0,0
BRDA:440,52,1,0
BRDA:448,53,0,0
BRDA:448,53,1,0
BRDA:448,54,0,0
BRDA:448,54,1,0
BRDA:448,54,2,0
BRDA:455,55,0,0
BRDA:455,55,1,0
BRDA:455,56,0,0
BRDA:455,56,1,0
BRDA:455,56,2,0
BRDA:462,57,0,0
BRDA:462,57,1,0
BRDA:470,58,0,0
BRDA:470,58,1,0
BRDA:472,59,0,0
BRDA:472,59,1,0
BRDA:472,60,0,0
BRDA:472,60,1,0
BRDA:472,60,2,0
BRDA:489,61,0,0
BRDA:489,61,1,0
BRDA:489,62,0,0
BRDA:489,62,1,0
BRDA:498,63,0,0
BRDA:498,63,1,0
BRDA:499,64,0,0
BRDA:499,64,1,0
BRDA:523,65,0,0
BRDA:523,65,1,0
BRDA:525,66,0,0
BRDA:525,66,1,0
BRDA:544,67,0,0
BRDA:544,67,1,0
BRDA:544,68,0,0
BRDA:544,68,1,0
BRDA:553,69,0,0
BRDA:553,69,1,0
BRDA:554,70,0,0
BRDA:554,70,1,0
BRDA:593,71,0,0
BRDA:593,71,1,0
BRDA:613,72,0,0
BRDA:613,72,1,0
BRF:158
BRH:0
end_of_record
TN:
SF:src\controllers\blFrsController.js
FN:6,(anonymous_0)
FN:54,(anonymous_1)
FN:69,(anonymous_2)
FN:104,(anonymous_3)
FN:140,(anonymous_4)
FN:159,(anonymous_5)
FNF:6
FNH:0
FNDA:0,(anonymous_0)
FNDA:0,(anonymous_1)
FNDA:0,(anonymous_2)
FNDA:0,(anonymous_3)
FNDA:0,(anonymous_4)
FNDA:0,(anonymous_5)
DA:1,3
DA:2,3
DA:3,3
DA:6,3
DA:7,0
DA:18,0
DA:21,0
DA:22,0
DA:23,0
DA:24,0
DA:26,0
DA:34,0
DA:46,0
DA:47,0
DA:50,0
DA:53,0
DA:54,0
DA:59,0
DA:62,0
DA:64,0
DA:69,3
DA:70,0
DA:71,0
DA:73,0
DA:74,0
DA:75,0
DA:76,0
DA:78,0
DA:97,0
DA:99,0
DA:104,3
DA:105,0
DA:106,0
DA:124,0
DA:125,0
DA:129,0
DA:133,0
DA:135,0
DA:140,3
DA:141,0
DA:142,0
DA:148,0
DA:149,0
DA:152,0
DA:154,0
DA:159,3
DA:160,0
DA:161,0
DA:163,0
DA:165,0
DA:166,0
DA:169,0
DA:171,0
LF:53
LH:8
BRDA:22,0,0,0
BRDA:22,0,1,0
BRDA:46,1,0,0
BRDA:46,1,1,0
BRDA:53,2,0,0
BRDA:53,2,1,0
BRDA:53,3,0,0
BRDA:53,3,1,0
BRDA:74,4,0,0
BRDA:74,4,1,0
BRDA:75,5,0,0
BRDA:75,5,1,0
BRDA:76,6,0,0
BRDA:76,6,1,0
BRDA:124,7,0,0
BRDA:124,7,1,0
BRDA:148,8,0,0
BRDA:148,8,1,0
BRDA:165,9,0,0
BRDA:165,9,1,0
BRF:20
BRH:0
end_of_record
TN:
SF:src\controllers\customerController.js
FN:13,(anonymous_0)
FN:55,(anonymous_1)
FN:98,(anonymous_2)
FN:138,(anonymous_3)
FN:169,(anonymous_4)
FN:206,(anonymous_5)
FN:207,(anonymous_6)
FN:242,(anonymous_7)
FN:300,(anonymous_8)
FN:400,(anonymous_9)
FN:503,(anonymous_10)
FN:591,(anonymous_11)
FN:638,(anonymous_12)
FNF:13
FNH:0
FNDA:0,(anonymous_0)
FNDA:0,(anonymous_1)
FNDA:0,(anonymous_2)
FNDA:0,(anonymous_3)
FNDA:0,(anonymous_4)
FNDA:0,(anonymous_5)
FNDA:0,(anonymous_6)
FNDA:0,(anonymous_7)
FNDA:0,(anonymous_8)
FNDA:0,(anonymous_9)
FNDA:0,(anonymous_10)
FNDA:0,(anonymous_11)
FNDA:0,(anonymous_12)
DA:1,3
DA:2,3
DA:3,3
DA:4,3
DA:5,3
DA:6,3
DA:7,3
DA:8,3
DA:9,3
DA:10,3
DA:13,3
DA:14,0
DA:15,0
DA:17,0
DA:19,0
DA:20,0
DA:26,0
DA:27,0
DA:29,0
DA:30,0
DA:32,0
DA:33,0
DA:39,0
DA:45,0
DA:55,0
DA:56,0
DA:57,0
DA:72,0
DA:73,0
DA:75,0
DA:76,0
DA:82,0
DA:88,0
DA:98,0
DA:99,0
DA:100,0
DA:115,0
DA:121,0
DA:129,0
DA:130,0
DA:138,3
DA:139,0
DA:140,0
DA:142,0
DA:146,0
DA:147,0
DA:153,0
DA:159,0
DA:160,0
DA:169,3
DA:170,0
DA:177,0
DA:179,0
DA:182,0
DA:184,0
DA:185,0
DA:188,0
DA:189,0
DA:193,0
DA:194,0
DA:195,0
DA:202,0
DA:206,0
DA:207,0
DA:209,0
DA:218,0
DA:220,0
DA:239,0
DA:242,0
DA:243,0
DA:253,0
DA:254,0
DA:262,0
DA:263,0
DA:272,0
DA:275,0
DA:290,0
DA:291,0
DA:300,3
DA:301,0
DA:302,0
DA:305,0
DA:306,0
DA:313,0
DA:314,0
DA:315,0
DA:322,0
DA:323,0
DA:324,0
DA:330,0
DA:331,0
DA:333,0
DA:342,0
DA:345,0
DA:354,0
DA:357,0
DA:358,0
DA:365,0
DA:368,0
DA:383,0
DA:390,0
DA:391,0
DA:400,3
DA:401,0
DA:402,0
DA:405,0
DA:406,0
DA:413,0
DA:414,0
DA:415,0
DA:422,0
DA:423,0
DA:424,0
DA:430,0
DA:431,0
DA:433,0
DA:442,0
DA:445,0
DA:457,0
DA:460,0
DA:461,0
DA:468,0
DA:471,0
DA:486,0
DA:493,0
DA:494,0
DA:503,3
DA:504,0
DA:505,0
DA:506,0
DA:508,0
DA:512,0
DA:513,0
DA:520,0
DA:521,0
DA:525,0
DA:526,0
DA:527,0
DA:529,0
DA:534,0
DA:535,0
DA:541,0
DA:546,0
DA:547,0
DA:548,0
DA:550,0
DA:551,0
DA:552,0
DA:553,0
DA:558,0
DA:574,0
DA:581,0
DA:582,0
DA:591,3
DA:592,0
DA:593,0
DA:595,0
DA:596,0
DA:597,0
DA:604,0
DA:605,0
DA:606,0
DA:607,0
DA:608,0
DA:612,0
DA:613,0
DA:614,0
DA:615,0
DA:616,0
DA:620,0
DA:622,0
DA:628,0
DA:629,0
DA:638,3
DA:639,0
DA:640,0
DA:641,0
DA:642,0
DA:643,0
DA:646,0
DA:647,0
DA:648,0
DA:652,0
DA:665,0
DA:666,0
DA:674,3
LF:186
LH:19
BRDA:19,0,0,0
BRDA:19,0,1,0
BRDA:29,1,0,0
BRDA:29,1,1,0
BRDA:29,2,0,0
BRDA:29,2,1,0
BRDA:32,3,0,0
BRDA:32,3,1,0
BRDA:42,4,0,0
BRDA:42,4,1,0
BRDA:42,4,2,0
BRDA:59,5,0,0
BRDA:59,5,1,0
BRDA:60,6,0,0
BRDA:60,6,1,0
BRDA:61,7,0,0
BRDA:61,7,1,0
BRDA:62,8,0,0
BRDA:62,8,1,0
BRDA:64,9,0,0
BRDA:64,9,1,0
BRDA:65,10,0,0
BRDA:65,10,1,0
BRDA:65,10,2,0
BRDA:72,11,0,0
BRDA:72,11,1,0
BRDA:72,12,0,0
BRDA:72,12,1,0
BRDA:75,13,0,0
BRDA:75,13,1,0
BRDA:85,14,0,0
BRDA:85,14,1,0
BRDA:85,14,2,0
BRDA:102,15,0,0
BRDA:102,15,1,0
BRDA:103,16,0,0
BRDA:103,16,1,0
BRDA:104,17,0,0
BRDA:104,17,1,0
BRDA:105,18,0,0
BRDA:105,18,1,0
BRDA:107,19,0,0
BRDA:107,19,1,0
BRDA:108,20,0,0
BRDA:108,20,1,0
BRDA:108,20,2,0
BRDA:146,21,0,0
BRDA:146,21,1,0
BRDA:172,22,0,0
BRDA:173,23,0,0
BRDA:184,24,0,0
BRDA:184,24,1,0
BRDA:188,25,0,0
BRDA:188,25,1,0
BRDA:194,26,0,0
BRDA:194,26,1,0
BRDA:253,27,0,0
BRDA:253,27,1,0
BRDA:262,28,0,0
BRDA:262,28,1,0
BRDA:305,29,0,0
BRDA:305,29,1,0
BRDA:305,30,0,0
BRDA:305,30,1,0
BRDA:305,30,2,0
BRDA:305,30,3,0
BRDA:314,31,0,0
BRDA:314,31,1,0
BRDA:323,32,0,0
BRDA:323,32,1,0
BRDA:352,33,0,0
BRDA:352,33,1,0
BRDA:363,34,0,0
BRDA:363,34,1,0
BRDA:405,35,0,0
BRDA:405,35,1,0
BRDA:405,36,0,0
BRDA:405,36,1,0
BRDA:414,37,0,0
BRDA:414,37,1,0
BRDA:423,38,0,0
BRDA:423,38,1,0
BRDA:455,39,0,0
BRDA:455,39,1,0
BRDA:466,40,0,0
BRDA:466,40,1,0
BRDA:512,41,0,0
BRDA:512,41,1,0
BRDA:520,42,0,0
BRDA:520,42,1,0
BRDA:520,43,0,0
BRDA:520,43,1,0
BRDA:525,44,0,0
BRDA:525,44,1,0
BRDA:526,45,0,0
BRDA:526,45,1,0
BRDA:527,46,0,0
BRDA:527,46,1,0
BRDA:534,47,0,0
BRDA:534,47,1,0
BRDA:546,48,0,0
BRDA:546,48,1,0
BRDA:550,49,0,0
BRDA:550,49,1,0
BRDA:550,50,0,0
BRDA:550,50,1,0
BRDA:552,51,0,0
BRDA:552,51,1,0
BRDA:552,52,0,0
BRDA:552,52,1,0
BRDA:596,53,0,0
BRDA:596,53,1,0
BRDA:604,54,0,0
BRDA:604,54,1,0
BRDA:606,55,0,0
BRDA:606,55,1,0
BRDA:612,56,0,0
BRDA:612,56,1,0
BRDA:614,57,0,0
BRDA:614,57,1,0
BRF:120
BRH:0
end_of_record
TN:
SF:src\controllers\depotController.js
FN:4,(anonymous_0)
FN:23,(anonymous_1)
FN:48,(anonymous_2)
FN:73,(anonymous_3)
FN:107,(anonymous_4)
FN:136,(anonymous_5)
FNF:6
FNH:0
FNDA:0,(anonymous_0)
FNDA:0,(anonymous_1)
FNDA:0,(anonymous_2)
FNDA:0,(anonymous_3)
FNDA:0,(anonymous_4)
FNDA:0,(anonymous_5)
DA:1,3
DA:4,3
DA:5,0
DA:6,0
DA:9,0
DA:15,0
DA:23,3
DA:24,0
DA:25,0
DA:28,0
DA:29,0
DA:35,0
DA:40,0
DA:48,3
DA:49,0
DA:50,0
DA:52,0
DA:54,0
DA:59,0
DA:60,0
DA:65,0
DA:73,3
DA:74,0
DA:75,0
DA:81,0
DA:82,0
DA:88,0
DA:93,0
DA:94,0
DA:99,0
DA:107,3
DA:108,0
DA:109,0
DA:115,0
DA:116,0
DA:122,0
DA:128,0
DA:136,3
DA:137,0
DA:138,0
DA:140,0
DA:141,0
DA:147,0
DA:157,0
DA:163,0
LF:45
LH:7
BRDA:28,0,0,0
BRDA:28,0,1,0
BRDA:59,1,0,0
BRDA:59,1,1,0
BRDA:81,2,0,0
BRDA:81,2,1,0
BRDA:93,3,0,0
BRDA:93,3,1,0
BRDA:115,4,0,0
BRDA:115,4,1,0
BRDA:140,5,0,0
BRDA:140,5,1,0
BRF:12
BRH:0
end_of_record
TN:
SF:src\controllers\depotEntryLineController.js
FN:4,(anonymous_0)
FN:20,(anonymous_1)
FN:33,(anonymous_2)
FN:52,(anonymous_3)
FNF:4
FNH:0
FNDA:0,(anonymous_0)
FNDA:0,(anonymous_1)
FNDA:0,(anonymous_2)
FNDA:0,(anonymous_3)
DA:1,3
DA:4,3
DA:5,0
DA:6,0
DA:7,0
DA:9,0
DA:13,0
DA:15,0
DA:20,3
DA:21,0
DA:22,0
DA:26,0
DA:28,0
DA:33,3
DA:34,0
DA:35,0
DA:41,0
DA:42,0
DA:45,0
DA:47,0
DA:52,3
DA:53,0
DA:54,0
DA:56,0
DA:57,0
DA:60,0
DA:62,0
LF:27
LH:5
BRDA:41,0,0,0
BRDA:41,0,1,0
BRDA:56,1,0,0
BRDA:56,1,1,0
BRF:4
BRH:0
end_of_record
TN:
SF:src\controllers\emailVerificationController.js
FN:8,(anonymous_0)
FN:74,(anonymous_1)
FNF:2
FNH:0
FNDA:0,(anonymous_0)
FNDA:0,(anonymous_1)
DA:1,3
DA:2,3
DA:3,3
DA:4,3
DA:5,3
DA:6,3
DA:8,3
DA:9,0
DA:10,0
DA:12,0
DA:13,0
DA:20,0
DA:23,0
DA:29,0
DA:30,0
DA:37,0
DA:45,0
DA:46,0
DA:49,0
DA:56,0
DA:57,0
DA:60,0
DA:66,0
DA:67,0
DA:74,3
DA:75,0
DA:76,0
DA:78,0
DA:79,0
DA:80,0
DA:87,0
DA:88,0
DA:90,0
DA:95,0
DA:97,0
DA:103,0
DA:104,0
DA:111,3
LF:38
LH:9
BRDA:12,0,0,0
BRDA:12,0,1,0
BRDA:12,1,0,0
BRDA:12,1,1,0
BRDA:29,2,0,0
BRDA:29,2,1,0
BRDA:56,3,0,0
BRDA:56,3,1,0
BRDA:79,4,0,0
BRDA:79,4,1,0
BRF:10
BRH:0
end_of_record
TN:
SF:src\controllers\employeeController.js
FN:5,(anonymous_0)
FN:11,(anonymous_1)
FNF:2
FNH:0
FNDA:0,(anonymous_0)
FNDA:0,(anonymous_1)
DA:1,0
DA:5,0
DA:6,0
DA:7,0
DA:8,0
DA:11,0
DA:16,0
DA:18,0
DA:19,0
DA:24,0
LF:10
LH:0
BRF:0
BRH:0
end_of_record
TN:
SF:src\controllers\evaluationController.js
FN:6,(anonymous_0)
FN:57,(anonymous_1)
FN:86,(anonymous_2)
FNF:3
FNH:0
FNDA:0,(anonymous_0)
FNDA:0,(anonymous_1)
FNDA:0,(anonymous_2)
DA:1,3
DA:2,3
DA:4,3
DA:7,0
DA:8,0
DA:9,0
DA:12,0
DA:13,0
DA:14,0
DA:21,0
DA:22,0
DA:23,0
DA:29,0
DA:40,0
DA:42,0
DA:48,0
DA:58,0
DA:59,0
DA:61,0
DA:65,0
DA:66,0
DA:72,0
DA:77,0
DA:87,0
DA:88,0
DA:90,0
DA:94,0
DA:99,0
DA:108,3
LF:29
LH:4
BRDA:13,0,0,0
BRDA:13,0,1,0
BRDA:13,1,0,0
BRDA:13,1,1,0
BRDA:22,2,0,0
BRDA:22,2,1,0
BRDA:65,3,0,0
BRDA:65,3,1,0
BRF:8
BRH:0
end_of_record
TN:
SF:src\controllers\firstLoginController.js
FN:4,(anonymous_0)
FNF:1
FNH:0
FNDA:0,(anonymous_0)
DA:1,3
DA:2,3
DA:4,3
DA:5,0
DA:6,0
DA:7,0
DA:10,0
DA:11,0
DA:17,0
DA:18,0
DA:25,0
DA:26,0
DA:27,0
DA:34,0
DA:35,0
DA:42,0
DA:43,0
DA:44,0
DA:51,0
DA:52,0
DA:53,0
DA:60,0
DA:63,0
DA:69,0
DA:75,0
DA:76,0
DA:83,3
LF:27
LH:4
BRDA:10,0,0,0
BRDA:10,0,1,0
BRDA:10,1,0,0
BRDA:10,1,1,0
BRDA:17,2,0,0
BRDA:17,2,1,0
BRDA:26,3,0,0
BRDA:26,3,1,0
BRDA:34,4,0,0
BRDA:34,4,1,0
BRDA:34,5,0,0
BRDA:34,5,1,0
BRDA:43,6,0,0
BRDA:43,6,1,0
BRDA:52,7,0,0
BRDA:52,7,1,0
BRF:16
BRH:0
end_of_record
TN:
SF:src\controllers\fournisseurController.js
FN:6,(anonymous_0)
FN:23,(anonymous_1)
FN:64,(anonymous_2)
FN:70,(anonymous_3)
FN:90,(anonymous_4)
FN:116,(anonymous_5)
FN:140,(anonymous_6)
FN:180,(anonymous_7)
FN:205,(anonymous_8)
FN:242,(anonymous_9)
FN:258,(anonymous_10)
FN:320,(anonymous_11)
FNF:12
FNH:0
FNDA:0,(anonymous_0)
FNDA:0,(anonymous_1)
FNDA:0,(anonymous_2)
FNDA:0,(anonymous_3)
FNDA:0,(anonymous_4)
FNDA:0,(anonymous_5)
FNDA:0,(anonymous_6)
FNDA:0,(anonymous_7)
FNDA:0,(anonymous_8)
FNDA:0,(anonymous_9)
FNDA:0,(anonymous_10)
FNDA:0,(anonymous_11)
DA:1,3
DA:2,3
DA:3,3
DA:6,3
DA:7,0
DA:8,0
DA:10,0
DA:19,0
DA:22,0
DA:23,0
DA:25,0
DA:26,0
DA:27,0
DA:30,0
DA:38,0
DA:41,0
DA:45,0
DA:46,0
DA:51,0
DA:59,0
DA:64,3
DA:65,0
DA:66,0
DA:69,0
DA:71,0
DA:76,0
DA:83,0
DA:85,0
DA:90,3
DA:91,0
DA:92,0
DA:94,0
DA:95,0
DA:98,0
DA:103,0
DA:111,0
DA:116,3
DA:117,0
DA:118,0
DA:120,0
DA:126,0
DA:127,0
DA:131,0
DA:133,0
DA:139,0
DA:140,0
DA:141,0
DA:142,0
DA:143,0
DA:146,0
DA:154,0
DA:157,0
DA:162,0
DA:167,0
DA:175,0
DA:180,3
DA:181,0
DA:182,0
DA:188,0
DA:189,0
DA:193,0
DA:198,0
DA:200,0
DA:205,3
DA:206,0
DA:207,0
DA:208,0
DA:211,0
DA:212,0
DA:213,0
DA:217,0
DA:218,0
DA:219,0
DA:222,0
DA:231,0
DA:232,0
DA:235,0
DA:237,0
DA:242,3
DA:243,0
DA:244,0
DA:246,0
DA:251,0
DA:253,0
DA:258,3
DA:259,0
DA:260,0
DA:261,0
DA:264,0
DA:265,0
DA:266,0
DA:270,0
DA:276,0
DA:277,0
DA:281,0
DA:282,0
DA:283,0
DA:284,0
DA:289,0
DA:290,0
DA:301,0
DA:313,0
DA:315,0
DA:320,3
DA:321,0
DA:322,0
DA:325,0
DA:326,0
DA:327,0
DA:331,0
DA:337,0
DA:338,0
DA:342,0
DA:347,0
DA:348,0
DA:355,0
DA:362,0
DA:363,0
DA:369,0
DA:370,0
DA:377,0
DA:379,0
LF:122
LH:12
BRDA:22,0,0,0
BRDA:22,0,1,0
BRDA:22,1,0,0
BRDA:22,1,1,0
BRDA:26,2,0,0
BRDA:26,2,1,0
BRDA:35,3,0,0
BRDA:35,3,1,0
BRDA:36,4,0,0
BRDA:36,4,1,0
BRDA:94,5,0,0
BRDA:94,5,1,0
BRDA:126,6,0,0
BRDA:126,6,1,0
BRDA:131,7,0,0
BRDA:131,7,1,0
BRDA:139,8,0,0
BRDA:139,8,1,0
BRDA:142,9,0,0
BRDA:142,9,1,0
BRDA:151,10,0,0
BRDA:151,10,1,0
BRDA:152,11,0,0
BRDA:152,11,1,0
BRDA:188,12,0,0
BRDA:188,12,1,0
BRDA:212,13,0,0
BRDA:212,13,1,0
BRDA:218,14,0,0
BRDA:218,14,1,0
BRDA:227,15,0,0
BRDA:227,15,1,0
BRDA:228,16,0,0
BRDA:228,16,1,0
BRDA:265,17,0,0
BRDA:265,17,1,0
BRDA:276,18,0,0
BRDA:276,18,1,0
BRDA:281,19,0,0
BRDA:281,19,1,0
BRDA:283,20,0,0
BRDA:283,20,1,0
BRDA:289,21,0,0
BRDA:289,21,1,0
BRDA:304,22,0,0
BRDA:304,22,1,0
BRDA:305,23,0,0
BRDA:305,23,1,0
BRDA:306,24,0,0
BRDA:306,24,1,0
BRDA:307,25,0,0
BRDA:307,25,1,0
BRDA:308,26,0,0
BRDA:308,26,1,0
BRDA:326,27,0,0
BRDA:326,27,1,0
BRDA:337,28,0,0
BRDA:337,28,1,0
BRDA:347,29,0,0
BRDA:347,29,1,0
BRDA:362,30,0,0
BRDA:362,30,1,0
BRDA:369,31,0,0
BRDA:369,31,1,0
BRF:64
BRH:0
end_of_record
TN:
SF:src\controllers\listePrixController.js
FN:4,(anonymous_0)
FN:34,(anonymous_1)
FN:58,(anonymous_2)
FN:81,(anonymous_3)
FN:109,(anonymous_4)
FN:133,(anonymous_5)
FN:165,(anonymous_6)
FN:203,(anonymous_7)
FN:235,(anonymous_8)
FN:261,(anonymous_9)
FN:276,(anonymous_10)
FN:278,(anonymous_11)
FNF:12
FNH:0
FNDA:0,(anonymous_0)
FNDA:0,(anonymous_1)
FNDA:0,(anonymous_2)
FNDA:0,(anonymous_3)
FNDA:0,(anonymous_4)
FNDA:0,(anonymous_5)
FNDA:0,(anonymous_6)
FNDA:0,(anonymous_7)
FNDA:0,(anonymous_8)
FNDA:0,(anonymous_9)
FNDA:0,(anonymous_10)
FNDA:0,(anonymous_11)
DA:1,3
DA:4,3
DA:5,0
DA:6,0
DA:8,0
DA:9,0
DA:11,0
DA:12,0
DA:18,0
DA:20,0
DA:26,0
DA:34,3
DA:35,0
DA:36,0
DA:38,0
DA:39,0
DA:45,0
DA:50,0
DA:58,3
DA:59,0
DA:60,0
DA:62,0
DA:67,0
DA:68,0
DA:73,0
DA:81,3
DA:82,0
DA:83,0
DA:89,0
DA:90,0
DA:96,0
DA:101,0
DA:109,3
DA:110,0
DA:111,0
DA:113,0
DA:114,0
DA:120,0
DA:125,0
DA:133,3
DA:134,0
DA:135,0
DA:136,0
DA:138,0
DA:145,0
DA:146,0
DA:152,0
DA:157,0
DA:165,3
DA:166,0
DA:167,0
DA:168,0
DA:170,0
DA:183,0
DA:184,0
DA:190,0
DA:195,0
DA:203,3
DA:204,0
DA:205,0
DA:207,0
DA:214,0
DA:215,0
DA:221,0
DA:227,0
DA:235,3
DA:236,0
DA:237,0
DA:241,0
DA:242,0
DA:248,0
DA:253,0
DA:261,3
DA:262,0
DA:263,0
DA:266,0
DA:275,0
DA:276,0
DA:277,0
DA:278,0
DA:279,0
DA:289,0
DA:295,0
LF:83
LH:11
BRDA:9,0,0,0
BRDA:9,0,1,0
BRDA:11,1,0,0
BRDA:11,1,1,0
BRDA:11,2,0,0
BRDA:11,2,1,0
BRDA:38,3,0,0
BRDA:38,3,1,0
BRDA:67,4,0,0
BRDA:67,4,1,0
BRDA:89,5,0,0
BRDA:89,5,1,0
BRDA:113,6,0,0
BRDA:113,6,1,0
BRDA:145,7,0,0
BRDA:145,7,1,0
BRDA:183,8,0,0
BRDA:183,8,1,0
BRDA:214,9,0,0
BRDA:214,9,1,0
BRDA:241,10,0,0
BRDA:241,10,1,0
BRDA:277,11,0,0
BRDA:277,11,1,0
BRDA:277,12,0,0
BRDA:277,12,1,0
BRF:26
BRH:0
end_of_record
TN:
SF:src\controllers\livraisonController.js
FN:10,(anonymous_0)
FN:139,(anonymous_1)
FN:200,(anonymous_2)
FN:301,(anonymous_3)
FN:411,(anonymous_4)
FN:478,(anonymous_5)
FN:513,(anonymous_6)
FN:534,(anonymous_7)
FN:555,(anonymous_8)
FN:638,(anonymous_9)
FN:697,(anonymous_10)
FNF:11
FNH:0
FNDA:0,(anonymous_0)
FNDA:0,(anonymous_1)
FNDA:0,(anonymous_2)
FNDA:0,(anonymous_3)
FNDA:0,(anonymous_4)
FNDA:0,(anonymous_5)
FNDA:0,(anonymous_6)
FNDA:0,(anonymous_7)
FNDA:0,(anonymous_8)
FNDA:0,(anonymous_9)
FNDA:0,(anonymous_10)
DA:1,3
DA:2,3
DA:3,3
DA:4,3
DA:5,3
DA:6,3
DA:7,3
DA:10,3
DA:11,0
DA:12,0
DA:13,0
DA:15,0
DA:17,0
DA:22,0
DA:23,0
DA:30,0
DA:31,0
DA:37,0
DA:45,0
DA:46,0
DA:47,0
DA:50,0
DA:51,0
DA:54,0
DA:57,0
DA:58,0
DA:67,0
DA:68,0
DA:76,0
DA:82,0
DA:85,0
DA:93,0
DA:94,0
DA:95,0
DA:96,0
DA:99,0
DA:100,0
DA:106,0
DA:109,0
DA:123,0
DA:124,0
DA:127,0
DA:128,0
DA:131,0
DA:135,0
DA:139,0
DA:148,0
DA:149,0
DA:152,0
DA:153,0
DA:163,0
DA:164,0
DA:172,0
DA:178,0
DA:184,0
DA:191,0
DA:192,0
DA:200,3
DA:201,0
DA:202,0
DA:213,0
DA:215,0
DA:216,0
DA:222,0
DA:225,0
DA:226,0
DA:233,0
DA:234,0
DA:241,0
DA:242,0
DA:244,0
DA:245,0
DA:252,0
DA:264,0
DA:271,0
DA:272,0
DA:273,0
DA:274,0
DA:275,0
DA:278,0
DA:279,0
DA:285,0
DA:292,0
DA:293,0
DA:301,3
DA:302,0
DA:303,0
DA:304,0
DA:306,0
DA:309,0
DA:310,0
DA:311,0
DA:313,0
DA:314,0
DA:316,0
DA:323,0
DA:324,0
DA:326,0
DA:327,0
DA:330,0
DA:375,0
DA:376,0
DA:377,0
DA:383,0
DA:387,0
DA:389,0
DA:402,0
DA:403,0
DA:411,3
DA:412,0
DA:413,0
DA:415,0
DA:416,0
DA:422,0
DA:448,0
DA:449,0
DA:456,0
DA:460,0
DA:469,0
DA:470,0
DA:478,3
DA:479,0
DA:480,0
DA:481,0
DA:483,0
DA:484,0
DA:490,0
DA:491,0
DA:492,0
DA:499,0
DA:500,0
DA:507,0
DA:510,0
DA:513,0
DA:514,0
DA:516,0
DA:517,0
DA:520,0
DA:531,0
DA:534,0
DA:535,0
DA:536,0
DA:537,0
DA:539,0
DA:546,0
DA:547,0
DA:555,3
DA:556,0
DA:558,0
DA:568,0
DA:569,0
DA:570,0
DA:571,0
DA:573,0
DA:581,0
DA:586,0
DA:589,0
DA:617,0
DA:629,0
DA:630,0
DA:638,3
DA:639,0
DA:640,0
DA:641,0
DA:643,0
DA:644,0
DA:650,0
DA:653,0
DA:654,0
DA:661,0
DA:662,0
DA:669,0
DA:670,0
DA:671,0
DA:675,0
DA:676,0
DA:677,0
DA:678,0
DA:679,0
DA:682,0
DA:689,0
DA:690,0
DA:697,3
DA:698,0
DA:699,0
DA:702,0
DA:703,0
DA:710,0
DA:731,0
DA:732,0
DA:738,0
DA:739,0
DA:740,0
DA:746,0
DA:747,0
DA:749,0
DA:751,0
DA:757,0
DA:758,0
DA:767,0
DA:779,0
DA:784,0
DA:785,0
DA:791,3
LF:204
LH:16
BRDA:22,0,0,0
BRDA:22,0,1,0
BRDA:30,1,0,0
BRDA:30,1,1,0
BRDA:46,2,0,0
BRDA:46,2,1,0
BRDA:57,3,0,0
BRDA:57,3,1,0
BRDA:94,4,0,0
BRDA:94,4,1,0
BRDA:94,5,0,0
BRDA:94,5,1,0
BRDA:99,6,0,0
BRDA:99,6,1,0
BRDA:152,7,0,0
BRDA:152,7,1,0
BRDA:215,8,0,0
BRDA:215,8,1,0
BRDA:225,9,0,0
BRDA:225,9,1,0
BRDA:233,10,0,0
BRDA:233,10,1,0
BRDA:242,11,0,0
BRDA:242,11,1,0
BRDA:244,12,0,0
BRDA:244,12,1,0
BRDA:254,13,0,0
BRDA:254,13,1,0
BRDA:255,14,0,0
BRDA:255,14,1,0
BRDA:256,15,0,0
BRDA:256,15,1,0
BRDA:257,16,0,0
BRDA:257,16,1,0
BRDA:258,17,0,0
BRDA:258,17,1,0
BRDA:259,18,0,0
BRDA:259,18,1,0
BRDA:260,19,0,0
BRDA:260,19,1,0
BRDA:261,20,0,0
BRDA:261,20,1,0
BRDA:272,21,0,0
BRDA:272,21,1,0
BRDA:272,22,0,0
BRDA:272,22,1,0
BRDA:273,23,0,0
BRDA:273,23,1,0
BRDA:274,24,0,0
BRDA:274,24,1,0
BRDA:278,25,0,0
BRDA:278,25,1,0
BRDA:303,26,0,0
BRDA:303,27,0,0
BRDA:309,28,0,0
BRDA:309,28,1,0
BRDA:309,29,0,0
BRDA:309,29,1,0
BRDA:313,30,0,0
BRDA:313,30,1,0
BRDA:323,31,0,0
BRDA:323,31,1,0
BRDA:326,32,0,0
BRDA:326,32,1,0
BRDA:376,33,0,0
BRDA:376,33,1,0
BRDA:415,34,0,0
BRDA:415,34,1,0
BRDA:448,35,0,0
BRDA:448,35,1,0
BRDA:483,36,0,0
BRDA:483,36,1,0
BRDA:491,37,0,0
BRDA:491,37,1,0
BRDA:499,38,0,0
BRDA:499,38,1,0
BRDA:514,39,0,0
BRDA:514,39,1,0
BRDA:516,40,0,0
BRDA:516,40,1,0
BRDA:643,41,0,0
BRDA:643,41,1,0
BRDA:653,42,0,0
BRDA:653,42,1,0
BRDA:661,43,0,0
BRDA:661,43,1,0
BRDA:670,44,0,0
BRDA:670,44,1,0
BRDA:670,45,0,0
BRDA:670,45,1,0
BRDA:676,46,0,0
BRDA:676,46,1,0
BRDA:676,47,0,0
BRDA:676,47,1,0
BRDA:678,48,0,0
BRDA:678,48,1,0
BRDA:702,49,0,0
BRDA:702,49,1,0
BRDA:731,50,0,0
BRDA:731,50,1,0
BRDA:739,51,0,0
BRDA:739,51,1,0
BRDA:749,52,0,0
BRDA:749,52,1,0
BRDA:757,53,0,0
BRDA:757,53,1,0
BRDA:757,54,0,0
BRDA:757,54,1,0
BRF:108
BRH:0
end_of_record
TN:
SF:src\controllers\orderController.js
FN:17,(anonymous_0)
FN:93,(anonymous_1)
FN:133,(anonymous_2)
FN:185,(anonymous_3)
FN:289,(anonymous_4)
FN:399,(anonymous_5)
FN:417,(anonymous_6)
FN:466,(anonymous_7)
FN:523,(anonymous_8)
FN:548,(anonymous_9)
FN:587,(anonymous_10)
FN:641,(anonymous_11)
FN:754,(anonymous_12)
FN:805,(anonymous_13)
FN:852,(anonymous_14)
FN:914,(anonymous_15)
FN:954,(anonymous_16)
FN:1010,(anonymous_17)
FN:1050,(anonymous_18)
FN:1106,(anonymous_19)
FN:1110,(anonymous_20)
FN:1117,(anonymous_21)
FN:1118,(anonymous_22)
FN:1126,(anonymous_23)
FN:1160,(anonymous_24)
FN:1163,(anonymous_25)
FN:1169,(anonymous_26)
FN:1170,(anonymous_27)
FNF:28
FNH:0
FNDA:0,(anonymous_0)
FNDA:0,(anonymous_1)
FNDA:0,(anonymous_2)
FNDA:0,(anonymous_3)
FNDA:0,(anonymous_4)
FNDA:0,(anonymous_5)
FNDA:0,(anonymous_6)
FNDA:0,(anonymous_7)
FNDA:0,(anonymous_8)
FNDA:0,(anonymous_9)
FNDA:0,(anonymous_10)
FNDA:0,(anonymous_11)
FNDA:0,(anonymous_12)
FNDA:0,(anonymous_13)
FNDA:0,(anonymous_14)
FNDA:0,(anonymous_15)
FNDA:0,(anonymous_16)
FNDA:0,(anonymous_17)
FNDA:0,(anonymous_18)
FNDA:0,(anonymous_19)
FNDA:0,(anonymous_20)
FNDA:0,(anonymous_21)
FNDA:0,(anonymous_22)
FNDA:0,(anonymous_23)
FNDA:0,(anonymous_24)
FNDA:0,(anonymous_25)
FNDA:0,(anonymous_26)
FNDA:0,(anonymous_27)
DA:1,3
DA:2,3
DA:3,3
DA:4,3
DA:5,3
DA:6,3
DA:7,3
DA:8,3
DA:9,3
DA:10,3
DA:11,3
DA:12,3
DA:13,3
DA:14,3
DA:17,3
DA:18,0
DA:19,0
DA:20,0
DA:22,0
DA:23,0
DA:26,0
DA:27,0
DA:28,0
DA:29,0
DA:31,0
DA:38,0
DA:39,0
DA:45,0
DA:47,0
DA:48,0
DA:52,0
DA:53,0
DA:61,0
DA:62,0
DA:63,0
DA:65,0
DA:70,0
DA:71,0
DA:76,0
DA:77,0
DA:78,0
DA:79,0
DA:81,0
DA:82,0
DA:86,0
DA:87,0
DA:91,0
DA:92,0
DA:93,0
DA:97,0
DA:101,0
DA:130,0
DA:132,0
DA:134,0
DA:145,0
DA:149,0
DA:151,0
DA:153,0
DA:163,0
DA:176,0
DA:177,0
DA:185,3
DA:186,0
DA:187,0
DA:189,0
DA:190,0
DA:196,0
DA:222,0
DA:223,0
DA:229,0
DA:233,0
DA:254,0
DA:265,0
DA:268,0
DA:280,0
DA:281,0
DA:289,3
DA:290,0
DA:298,0
DA:300,0
DA:301,0
DA:307,0
DA:308,0
DA:314,0
DA:315,0
DA:316,0
DA:324,0
DA:325,0
DA:327,0
DA:333,0
DA:334,0
DA:339,0
DA:340,0
DA:342,0
DA:357,0
DA:358,0
DA:360,0
DA:366,0
DA:368,0
DA:374,0
DA:375,0
DA:376,0
DA:382,0
DA:383,0
DA:384,0
DA:390,0
DA:391,0
DA:392,0
DA:399,0
DA:400,0
DA:403,0
DA:404,0
DA:406,0
DA:415,0
DA:417,0
DA:425,0
DA:427,0
DA:439,0
DA:440,0
DA:441,0
DA:445,0
DA:447,0
DA:450,0
DA:457,0
DA:458,0
DA:466,3
DA:467,0
DA:468,0
DA:469,0
DA:471,0
DA:472,0
DA:478,0
DA:479,0
DA:480,0
DA:487,0
DA:488,0
DA:489,0
DA:496,0
DA:497,0
DA:498,0
DA:499,0
DA:500,0
DA:502,0
DA:503,0
DA:504,0
DA:506,0
DA:507,0
DA:514,0
DA:515,0
DA:523,3
DA:524,0
DA:525,0
DA:527,0
DA:528,0
DA:534,0
DA:547,0
DA:549,0
DA:553,0
DA:564,0
DA:572,0
DA:578,0
DA:579,0
DA:587,3
DA:588,0
DA:589,0
DA:590,0
DA:592,0
DA:593,0
DA:599,0
DA:605,0
DA:606,0
DA:612,0
DA:625,0
DA:632,0
DA:633,0
DA:641,3
DA:642,0
DA:643,0
DA:644,0
DA:646,0
DA:647,0
DA:653,0
DA:654,0
DA:661,0
DA:662,0
DA:663,0
DA:670,0
DA:671,0
DA:672,0
DA:678,0
DA:682,0
DA:683,0
DA:689,0
DA:690,0
DA:696,0
DA:697,0
DA:699,0
DA:701,0
DA:703,0
DA:704,0
DA:710,0
DA:711,0
DA:712,0
DA:713,0
DA:714,0
DA:715,0
DA:717,0
DA:719,0
DA:725,0
DA:735,0
DA:737,0
DA:745,0
DA:746,0
DA:754,3
DA:755,0
DA:756,0
DA:758,0
DA:759,0
DA:765,0
DA:767,0
DA:768,0
DA:774,0
DA:779,0
DA:780,0
DA:787,0
DA:788,0
DA:790,0
DA:796,0
DA:797,0
DA:805,3
DA:806,0
DA:807,0
DA:809,0
DA:810,0
DA:816,0
DA:817,0
DA:818,0
DA:824,0
DA:826,0
DA:827,0
DA:828,0
DA:829,0
DA:834,0
DA:835,0
DA:837,0
DA:843,0
DA:844,0
DA:852,3
DA:853,0
DA:855,0
DA:864,0
DA:865,0
DA:868,0
DA:878,0
DA:879,0
DA:881,0
DA:903,0
DA:914,0
DA:915,0
DA:917,0
DA:918,0
DA:920,0
DA:921,0
DA:923,0
DA:924,0
DA:926,0
DA:927,0
DA:930,0
DA:931,0
DA:935,0
DA:945,0
DA:946,0
DA:954,3
DA:955,0
DA:956,0
DA:958,0
DA:959,0
DA:966,0
DA:978,0
DA:979,0
DA:985,0
DA:998,0
DA:1010,0
DA:1011,0
DA:1013,0
DA:1014,0
DA:1016,0
DA:1017,0
DA:1019,0
DA:1020,0
DA:1022,0
DA:1023,0
DA:1026,0
DA:1027,0
DA:1031,0
DA:1040,0
DA:1041,0
DA:1050,3
DA:1051,0
DA:1052,0
DA:1054,0
DA:1055,0
DA:1061,0
DA:1062,0
DA:1065,0
DA:1097,0
DA:1099,0
DA:1101,0
DA:1103,0
DA:1104,0
DA:1106,0
DA:1107,0
DA:1110,0
DA:1111,0
DA:1115,0
DA:1117,0
DA:1118,0
DA:1122,0
DA:1124,0
DA:1126,0
DA:1128,0
DA:1129,0
DA:1131,0
DA:1132,0
DA:1135,0
DA:1136,0
DA:1137,0
DA:1138,0
DA:1143,0
DA:1144,0
DA:1145,0
DA:1146,0
DA:1148,0
DA:1155,0
DA:1157,0
DA:1159,0
DA:1160,0
DA:1161,0
DA:1163,0
DA:1164,0
DA:1167,0
DA:1169,0
DA:1170,0
DA:1176,0
DA:1187,0
DA:1188,0
DA:1195,3
LF:347
LH:27
BRDA:19,0,0,0
BRDA:19,1,0,0
BRDA:26,2,0,0
BRDA:26,2,1,0
BRDA:38,3,0,0
BRDA:38,3,1,0
BRDA:47,4,0,0
BRDA:47,4,1,0
BRDA:47,5,0,0
BRDA:47,5,1,0
BRDA:52,6,0,0
BRDA:52,6,1,0
BRDA:52,7,0,0
BRDA:52,7,1,0
BRDA:61,8,0,0
BRDA:61,8,1,0
BRDA:62,9,0,0
BRDA:62,9,1,0
BRDA:70,10,0,0
BRDA:70,10,1,0
BRDA:76,11,0,0
BRDA:76,11,1,0
BRDA:76,12,0,0
BRDA:76,12,1,0
BRDA:78,13,0,0
BRDA:78,13,1,0
BRDA:81,14,0,0
BRDA:81,14,1,0
BRDA:86,15,0,0
BRDA:86,15,1,0
BRDA:86,16,0,0
BRDA:86,16,1,0
BRDA:91,17,0,0
BRDA:91,17,1,0
BRDA:92,18,0,0
BRDA:92,18,1,0
BRDA:145,19,0,0
BRDA:145,19,1,0
BRDA:149,20,0,0
BRDA:149,20,1,0
BRDA:189,21,0,0
BRDA:189,21,1,0
BRDA:222,22,0,0
BRDA:222,22,1,0
BRDA:254,23,0,0
BRDA:254,23,1,0
BRDA:265,24,0,0
BRDA:265,24,1,0
BRDA:300,25,0,0
BRDA:300,25,1,0
BRDA:307,26,0,0
BRDA:307,26,1,0
BRDA:307,27,0,0
BRDA:307,27,1,0
BRDA:307,27,2,0
BRDA:315,28,0,0
BRDA:315,28,1,0
BRDA:324,29,0,0
BRDA:324,29,1,0
BRDA:324,30,0,0
BRDA:324,30,1,0
BRDA:328,31,0,0
BRDA:328,31,1,0
BRDA:329,32,0,0
BRDA:329,32,1,0
BRDA:333,33,0,0
BRDA:333,33,1,0
BRDA:339,34,0,0
BRDA:339,34,1,0
BRDA:350,35,0,0
BRDA:350,35,1,0
BRDA:361,36,0,0
BRDA:361,36,1,0
BRDA:362,37,0,0
BRDA:362,37,1,0
BRDA:375,38,0,0
BRDA:375,38,1,0
BRDA:375,39,0,0
BRDA:375,39,1,0
BRDA:375,39,2,0
BRDA:375,39,3,0
BRDA:383,40,0,0
BRDA:383,40,1,0
BRDA:391,41,0,0
BRDA:391,41,1,0
BRDA:410,42,0,0
BRDA:410,42,1,0
BRDA:412,43,0,0
BRDA:412,43,1,0
BRDA:440,44,0,0
BRDA:440,44,1,0
BRDA:471,45,0,0
BRDA:471,45,1,0
BRDA:479,46,0,0
BRDA:479,46,1,0
BRDA:488,47,0,0
BRDA:488,47,1,0
BRDA:497,48,0,0
BRDA:497,48,1,0
BRDA:497,49,0,0
BRDA:497,49,1,0
BRDA:503,50,0,0
BRDA:503,50,1,0
BRDA:527,51,0,0
BRDA:527,51,1,0
BRDA:592,52,0,0
BRDA:592,52,1,0
BRDA:605,53,0,0
BRDA:605,53,1,0
BRDA:646,54,0,0
BRDA:646,54,1,0
BRDA:653,55,0,0
BRDA:653,55,1,0
BRDA:653,56,0,0
BRDA:653,56,1,0
BRDA:662,57,0,0
BRDA:662,57,1,0
BRDA:671,58,0,0
BRDA:671,58,1,0
BRDA:682,59,0,0
BRDA:682,59,1,0
BRDA:689,60,0,0
BRDA:689,60,1,0
BRDA:697,61,0,0
BRDA:697,61,1,0
BRDA:701,62,0,0
BRDA:701,62,1,0
BRDA:703,63,0,0
BRDA:703,63,1,0
BRDA:714,64,0,0
BRDA:714,64,1,0
BRDA:731,65,0,0
BRDA:731,65,1,0
BRDA:758,66,0,0
BRDA:758,66,1,0
BRDA:767,67,0,0
BRDA:767,67,1,0
BRDA:779,68,0,0
BRDA:779,68,1,0
BRDA:809,69,0,0
BRDA:809,69,1,0
BRDA:817,70,0,0
BRDA:817,70,1,0
BRDA:915,71,0,0
BRDA:915,71,1,0
BRDA:915,71,2,0
BRDA:915,71,3,0
BRDA:915,71,4,0
BRDA:915,71,5,0
BRDA:958,72,0,0
BRDA:958,72,1,0
BRDA:958,73,0,0
BRDA:958,73,1,0
BRDA:1001,74,0,0
BRDA:1001,74,1,0
BRDA:1011,75,0,0
BRDA:1011,75,1,0
BRDA:1011,75,2,0
BRDA:1011,75,3,0
BRDA:1011,75,4,0
BRDA:1011,75,5,0
BRDA:1054,76,0,0
BRDA:1054,76,1,0
BRDA:1054,77,0,0
BRDA:1054,77,1,0
BRDA:1054,77,2,0
BRDA:1099,78,0,0
BRDA:1099,78,1,0
BRDA:1104,79,0,0
BRDA:1104,79,1,0
BRDA:1107,80,0,0
BRDA:1107,80,1,0
BRDA:1111,81,0,0
BRDA:1111,81,1,0
BRDA:1122,82,0,0
BRDA:1122,82,1,0
BRDA:1131,83,0,0
BRDA:1131,83,1,0
BRDA:1135,84,0,0
BRDA:1135,84,1,0
BRDA:1137,85,0,0
BRDA:1137,85,1,0
BRDA:1146,86,0,0
BRDA:1146,86,1,0
BRDA:1155,87,0,0
BRDA:1155,87,1,0
BRDA:1161,88,0,0
BRDA:1161,88,1,0
BRDA:1164,89,0,0
BRDA:1164,89,1,0
BRF:190
BRH:0
end_of_record
TN:
SF:src\controllers\passwordController.js
FN:4,(anonymous_0)
FNF:1
FNH:0
FNDA:0,(anonymous_0)
DA:1,3
DA:2,3
DA:4,3
DA:5,0
DA:6,0
DA:7,0
DA:10,0
DA:11,0
DA:18,0
DA:19,0
DA:20,0
DA:27,0
DA:28,0
DA:29,0
DA:35,0
DA:36,0
DA:37,0
DA:44,0
DA:47,0
DA:51,0
DA:59,0
DA:60,0
DA:67,3
LF:23
LH:4
BRDA:10,0,0,0
BRDA:10,0,1,0
BRDA:10,1,0,0
BRDA:10,1,1,0
BRDA:19,2,0,0
BRDA:19,2,1,0
BRDA:28,3,0,0
BRDA:28,3,1,0
BRDA:36,4,0,0
BRDA:36,4,1,0
BRF:10
BRH:0
end_of_record
TN:
SF:src\controllers\passwordResetController.js
FN:6,(anonymous_0)
FN:54,(anonymous_1)
FNF:2
FNH:0
FNDA:0,(anonymous_0)
FNDA:0,(anonymous_1)
DA:1,3
DA:2,3
DA:3,3
DA:4,3
DA:6,3
DA:7,0
DA:8,0
DA:10,0
DA:11,0
DA:18,0
DA:19,0
DA:21,0
DA:28,0
DA:29,0
DA:32,0
DA:38,0
DA:40,0
DA:46,0
DA:47,0
DA:54,3
DA:55,0
DA:56,0
DA:58,0
DA:59,0
DA:65,0
DA:66,0
DA:73,0
DA:78,0
DA:79,0
DA:86,0
DA:89,0
DA:97,0
DA:103,0
DA:104,0
DA:111,3
LF:35
LH:7
BRDA:10,0,0,0
BRDA:10,0,1,0
BRDA:19,1,0,0
BRDA:19,1,1,0
BRDA:58,2,0,0
BRDA:58,2,1,0
BRDA:58,3,0,0
BRDA:58,3,1,0
BRDA:65,4,0,0
BRDA:65,4,1,0
BRDA:78,5,0,0
BRDA:78,5,1,0
BRF:12
BRH:0
end_of_record
TN:
SF:src\controllers\planificationController.js
FN:6,(anonymous_0)
FN:92,(anonymous_1)
FN:131,(anonymous_2)
FN:185,(anonymous_3)
FN:315,(anonymous_4)
FN:378,(anonymous_5)
FN:487,(anonymous_6)
FNF:7
FNH:0
FNDA:0,(anonymous_0)
FNDA:0,(anonymous_1)
FNDA:0,(anonymous_2)
FNDA:0,(anonymous_3)
FNDA:0,(anonymous_4)
FNDA:0,(anonymous_5)
FNDA:0,(anonymous_6)
DA:1,3
DA:2,3
DA:3,3
DA:6,3
DA:7,0
DA:8,0
DA:9,0
DA:11,0
DA:14,0
DA:15,0
DA:16,0
DA:18,0
DA:19,0
DA:21,0
DA:28,0
DA:29,0
DA:30,0
DA:31,0
DA:34,0
DA:35,0
DA:36,0
DA:37,0
DA:39,0
DA:46,0
DA:47,0
DA:48,0
DA:49,0
DA:51,0
DA:52,0
DA:56,0
DA:58,0
DA:88,0
DA:91,0
DA:93,0
DA:99,0
DA:106,0
DA:109,0
DA:122,0
DA:123,0
DA:131,3
DA:132,0
DA:133,0
DA:135,0
DA:136,0
DA:142,0
DA:154,0
DA:155,0
DA:161,0
DA:167,0
DA:176,0
DA:177,0
DA:185,3
DA:186,0
DA:187,0
DA:189,0
DA:190,0
DA:197,0
DA:198,0
DA:200,0
DA:201,0
DA:208,0
DA:209,0
DA:210,0
DA:216,0
DA:217,0
DA:218,0
DA:225,0
DA:226,0
DA:227,0
DA:228,0
DA:234,0
DA:235,0
DA:236,0
DA:237,0
DA:238,0
DA:239,0
DA:241,0
DA:242,0
DA:243,0
DA:245,0
DA:248,0
DA:252,0
DA:262,0
DA:264,0
DA:291,0
DA:292,0
DA:299,0
DA:306,0
DA:307,0
DA:315,3
DA:316,0
DA:317,0
DA:318,0
DA:320,0
DA:321,0
DA:327,0
DA:329,0
DA:330,0
DA:337,0
DA:338,0
DA:345,0
DA:346,0
DA:351,0
DA:352,0
DA:359,0
DA:360,0
DA:361,0
DA:363,0
DA:369,0
DA:370,0
DA:378,3
DA:379,0
DA:380,0
DA:381,0
DA:383,0
DA:384,0
DA:390,0
DA:391,0
DA:392,0
DA:399,0
DA:400,0
DA:407,0
DA:408,0
DA:409,0
DA:410,0
DA:418,0
DA:419,0
DA:420,0
DA:421,0
DA:422,0
DA:423,0
DA:426,0
DA:427,0
DA:428,0
DA:429,0
DA:431,0
DA:432,0
DA:433,0
DA:436,0
DA:440,0
DA:471,0
DA:478,0
DA:479,0
DA:487,3
DA:488,0
DA:490,0
DA:500,0
DA:510,0
DA:511,0
DA:512,0
DA:513,0
DA:515,0
DA:524,0
DA:526,0
DA:537,0
DA:538,0
DA:545,3
LF:157
LH:10
BRDA:8,0,0,0
BRDA:8,1,0,0
BRDA:14,2,0,0
BRDA:14,2,1,0
BRDA:14,3,0,0
BRDA:14,3,1,0
BRDA:18,4,0,0
BRDA:18,4,1,0
BRDA:28,5,0,0
BRDA:28,5,1,0
BRDA:30,6,0,0
BRDA:30,6,1,0
BRDA:34,7,0,0
BRDA:34,7,1,0
BRDA:34,8,0,0
BRDA:34,8,1,0
BRDA:36,9,0,0
BRDA:36,9,1,0
BRDA:46,10,0,0
BRDA:46,10,1,0
BRDA:46,11,0,0
BRDA:46,11,1,0
BRDA:48,12,0,0
BRDA:48,12,1,0
BRDA:51,13,0,0
BRDA:51,13,1,0
BRDA:135,14,0,0
BRDA:135,14,1,0
BRDA:154,15,0,0
BRDA:154,15,1,0
BRDA:189,16,0,0
BRDA:189,16,1,0
BRDA:189,17,0,0
BRDA:189,17,1,0
BRDA:189,17,2,0
BRDA:200,18,0,0
BRDA:200,18,1,0
BRDA:209,19,0,0
BRDA:209,19,1,0
BRDA:217,20,0,0
BRDA:217,20,1,0
BRDA:226,21,0,0
BRDA:226,21,1,0
BRDA:227,22,0,0
BRDA:227,22,1,0
BRDA:235,23,0,0
BRDA:235,23,1,0
BRDA:241,24,0,0
BRDA:241,24,1,0
BRDA:241,25,0,0
BRDA:241,25,1,0
BRDA:258,26,0,0
BRDA:258,26,1,0
BRDA:291,27,0,0
BRDA:291,27,1,0
BRDA:320,28,0,0
BRDA:320,28,1,0
BRDA:329,29,0,0
BRDA:329,29,1,0
BRDA:337,30,0,0
BRDA:337,30,1,0
BRDA:351,31,0,0
BRDA:351,31,1,0
BRDA:360,32,0,0
BRDA:360,32,1,0
BRDA:383,33,0,0
BRDA:383,33,1,0
BRDA:391,34,0,0
BRDA:391,34,1,0
BRDA:399,35,0,0
BRDA:399,35,1,0
BRDA:407,36,0,0
BRDA:407,36,1,0
BRDA:409,37,0,0
BRDA:409,37,1,0
BRDA:419,38,0,0
BRDA:419,38,1,0
BRDA:420,39,0,0
BRDA:420,39,1,0
BRDA:421,40,0,0
BRDA:421,40,1,0
BRDA:422,41,0,0
BRDA:422,41,1,0
BRDA:423,42,0,0
BRDA:423,42,1,0
BRDA:426,43,0,0
BRDA:426,43,1,0
BRDA:426,44,0,0
BRDA:426,44,1,0
BRDA:431,45,0,0
BRDA:431,45,1,0
BRDA:431,46,0,0
BRDA:431,46,1,0
BRF:93
BRH:0
end_of_record
TN:
SF:src\controllers\productController.js
FN:13,(anonymous_0)
FN:24,(anonymous_1)
FN:57,(anonymous_2)
FN:83,(anonymous_3)
FN:87,(anonymous_4)
FN:140,(anonymous_5)
FN:182,(anonymous_6)
FN:206,(anonymous_7)
FN:228,(anonymous_8)
FNF:9
FNH:0
FNDA:0,(anonymous_0)
FNDA:0,(anonymous_1)
FNDA:0,(anonymous_2)
FNDA:0,(anonymous_3)
FNDA:0,(anonymous_4)
FNDA:0,(anonymous_5)
FNDA:0,(anonymous_6)
FNDA:0,(anonymous_7)
FNDA:0,(anonymous_8)
DA:1,3
DA:2,3
DA:3,3
DA:4,3
DA:7,3
DA:8,3
DA:14,0
DA:15,0
DA:16,0
DA:18,0
DA:24,3
DA:25,0
DA:26,0
DA:28,0
DA:29,0
DA:31,0
DA:32,0
DA:41,0
DA:43,0
DA:49,0
DA:57,3
DA:58,0
DA:59,0
DA:63,0
DA:64,0
DA:70,0
DA:75,0
DA:83,3
DA:84,0
DA:85,0
DA:87,0
DA:91,0
DA:92,0
DA:93,0
DA:94,0
DA:95,0
DA:107,0
DA:108,0
DA:110,0
DA:113,0
DA:115,0
DA:120,0
DA:121,0
DA:122,0
DA:123,0
DA:124,0
DA:125,0
DA:126,0
DA:127,0
DA:132,0
DA:140,3
DA:141,0
DA:142,0
DA:152,0
DA:153,0
DA:156,0
DA:162,0
DA:163,0
DA:169,0
DA:174,0
DA:182,3
DA:183,0
DA:184,0
DA:186,0
DA:187,0
DA:193,0
DA:198,0
DA:206,3
DA:207,0
DA:208,0
DA:210,0
DA:211,0
DA:217,0
DA:218,0
DA:220,0
DA:228,3
DA:229,0
DA:230,0
DA:231,0
DA:233,0
DA:239,0
DA:240,0
DA:246,0
DA:251,0
DA:258,3
LF:85
LH:14
BRDA:15,0,0,0
BRDA:15,0,1,0
BRDA:29,1,0,0
BRDA:29,1,1,0
BRDA:31,2,0,0
BRDA:31,2,1,0
BRDA:63,3,0,0
BRDA:63,3,1,0
BRDA:107,4,0,0
BRDA:107,4,1,0
BRDA:126,5,0,0
BRDA:126,5,1,0
BRDA:152,6,0,0
BRDA:152,6,1,0
BRDA:162,7,0,0
BRDA:162,7,1,0
BRDA:186,8,0,0
BRDA:186,8,1,0
BRDA:210,9,0,0
BRDA:210,9,1,0
BRDA:210,10,0,0
BRDA:210,10,1,0
BRDA:239,11,0,0
BRDA:239,11,1,0
BRF:24
BRH:0
end_of_record
TN:
SF:src\controllers\reportController.js
FN:6,(anonymous_0)
FN:43,(anonymous_1)
FN:43,(anonymous_2)
FN:83,(anonymous_3)
FN:139,(anonymous_4)
FN:158,(anonymous_5)
FN:206,(anonymous_6)
FN:212,(anonymous_7)
FN:224,(anonymous_8)
FN:225,(anonymous_9)
FN:244,(anonymous_10)
FN:254,(anonymous_11)
FNF:12
FNH:0
FNDA:0,(anonymous_0)
FNDA:0,(anonymous_1)
FNDA:0,(anonymous_2)
FNDA:0,(anonymous_3)
FNDA:0,(anonymous_4)
FNDA:0,(anonymous_5)
FNDA:0,(anonymous_6)
FNDA:0,(anonymous_7)
FNDA:0,(anonymous_8)
FNDA:0,(anonymous_9)
FNDA:0,(anonymous_10)
FNDA:0,(anonymous_11)
DA:1,3
DA:2,3
DA:3,3
DA:6,3
DA:7,0
DA:9,0
DA:10,0
DA:16,0
DA:41,0
DA:43,0
DA:46,0
DA:56,0
DA:75,0
DA:83,3
DA:84,0
DA:85,0
DA:87,0
DA:88,0
DA:90,0
DA:126,0
DA:131,0
DA:139,3
DA:140,0
DA:141,0
DA:144,0
DA:150,0
DA:158,3
DA:159,0
DA:160,0
DA:162,0
DA:163,0
DA:165,0
DA:193,0
DA:198,0
DA:206,3
DA:207,0
DA:208,0
DA:212,0
DA:222,0
DA:224,0
DA:226,0
DA:230,0
DA:236,0
DA:244,3
DA:245,0
DA:246,0
DA:251,0
DA:254,0
DA:255,0
DA:258,0
DA:259,0
DA:260,0
DA:262,0
LF:53
LH:9
BRDA:64,0,0,0
BRDA:64,0,1,0
BRDA:65,1,0,0
BRDA:65,1,1,0
BRDA:66,2,0,0
BRDA:66,2,1,0
BRDA:88,3,0,0
BRDA:88,3,1,0
BRDA:141,4,0,0
BRDA:163,5,0,0
BRDA:163,5,1,0
BRDA:218,6,0,0
BRDA:218,6,1,0
BRDA:226,7,0,0
BRDA:226,7,1,0
BRDA:226,7,2,0
BRDA:255,8,0,0
BRDA:255,8,1,0
BRDA:255,9,0,0
BRDA:255,9,1,0
BRF:20
BRH:0
end_of_record
TN:
SF:src\controllers\stockController.js
FN:6,(anonymous_0)
FN:20,(anonymous_1)
FN:37,(anonymous_2)
FN:56,(anonymous_3)
FN:57,(anonymous_4)
FN:58,(anonymous_5)
FN:78,(anonymous_6)
FN:104,(anonymous_7)
FN:147,(anonymous_8)
FN:176,(anonymous_9)
FN:208,(anonymous_10)
FN:232,(anonymous_11)
FN:294,(anonymous_12)
FN:301,(anonymous_13)
FNF:14
FNH:0
FNDA:0,(anonymous_0)
FNDA:0,(anonymous_1)
FNDA:0,(anonymous_2)
FNDA:0,(anonymous_3)
FNDA:0,(anonymous_4)
FNDA:0,(anonymous_5)
FNDA:0,(anonymous_6)
FNDA:0,(anonymous_7)
FNDA:0,(anonymous_8)
FNDA:0,(anonymous_9)
FNDA:0,(anonymous_10)
FNDA:0,(anonymous_11)
FNDA:0,(anonymous_12)
FNDA:0,(anonymous_13)
DA:1,3
DA:2,3
DA:3,3
DA:6,3
DA:7,0
DA:8,0
DA:10,0
DA:11,0
DA:13,0
DA:19,0
DA:20,0
DA:23,0
DA:29,0
DA:37,3
DA:38,0
DA:39,0
DA:41,0
DA:46,0
DA:47,0
DA:54,0
DA:56,0
DA:57,0
DA:59,0
DA:63,0
DA:70,0
DA:78,3
DA:79,0
DA:80,0
DA:84,0
DA:85,0
DA:91,0
DA:96,0
DA:104,3
DA:105,0
DA:107,0
DA:108,0
DA:109,0
DA:116,0
DA:117,0
DA:118,0
DA:124,0
DA:125,0
DA:126,0
DA:128,0
DA:133,0
DA:134,0
DA:139,0
DA:147,3
DA:148,0
DA:149,0
DA:151,0
DA:152,0
DA:153,0
DA:159,0
DA:160,0
DA:161,0
DA:163,0
DA:168,0
DA:176,3
DA:177,0
DA:178,0
DA:188,0
DA:189,0
DA:195,0
DA:200,0
DA:208,3
DA:209,0
DA:210,0
DA:212,0
DA:213,0
DA:219,0
DA:224,0
DA:232,3
DA:233,0
DA:234,0
DA:237,0
DA:242,0
DA:243,0
DA:249,0
DA:250,0
DA:257,0
DA:260,0
DA:265,0
DA:266,0
DA:268,0
DA:277,0
DA:286,0
DA:294,3
DA:295,0
DA:296,0
DA:301,0
DA:303,0
DA:309,0
LF:93
LH:12
BRDA:11,0,0,0
BRDA:11,0,1,0
BRDA:19,1,0,0
BRDA:19,1,1,0
BRDA:46,2,0,0
BRDA:46,2,1,0
BRDA:59,3,0,0
BRDA:59,3,1,0
BRDA:84,4,0,0
BRDA:84,4,1,0
BRDA:108,5,0,0
BRDA:108,5,1,0
BRDA:117,6,0,0
BRDA:117,6,1,0
BRDA:133,7,0,0
BRDA:133,7,1,0
BRDA:152,8,0,0
BRDA:152,8,1,0
BRDA:188,9,0,0
BRDA:188,9,1,0
BRDA:212,10,0,0
BRDA:212,10,1,0
BRDA:242,11,0,0
BRDA:242,11,1,0
BRDA:249,12,0,0
BRDA:249,12,1,0
BRDA:265,13,0,0
BRDA:265,13,1,0
BRF:28
BRH:0
end_of_record
TN:
SF:src\controllers\stockDepotController.js
FN:6,(anonymous_0)
FN:32,(anonymous_1)
FN:57,(anonymous_2)
FN:105,(anonymous_3)
FN:133,(anonymous_4)
FNF:5
FNH:0
FNDA:0,(anonymous_0)
FNDA:0,(anonymous_1)
FNDA:0,(anonymous_2)
FNDA:0,(anonymous_3)
FNDA:0,(anonymous_4)
DA:1,3
DA:2,3
DA:3,3
DA:6,3
DA:7,0
DA:8,0
DA:10,0
DA:11,0
DA:12,0
DA:14,0
DA:18,0
DA:24,0
DA:32,3
DA:33,0
DA:34,0
DA:37,0
DA:38,0
DA:44,0
DA:49,0
DA:57,3
DA:58,0
DA:59,0
DA:62,0
DA:63,0
DA:64,0
DA:71,0
DA:76,0
DA:77,0
DA:83,0
DA:89,0
DA:92,0
DA:97,0
DA:105,3
DA:106,0
DA:107,0
DA:113,0
DA:114,0
DA:120,0
DA:125,0
DA:133,3
DA:134,0
DA:135,0
DA:141,0
DA:142,0
DA:148,0
DA:154,0
LF:46
LH:8
BRDA:11,0,0,0
BRDA:11,0,1,0
BRDA:12,1,0,0
BRDA:12,1,1,0
BRDA:37,2,0,0
BRDA:37,2,1,0
BRDA:63,3,0,0
BRDA:63,3,1,0
BRDA:76,4,0,0
BRDA:76,4,1,0
BRDA:113,5,0,0
BRDA:113,5,1,0
BRDA:141,6,0,0
BRDA:141,6,1,0
BRF:14
BRH:0
end_of_record
TN:
SF:src\controllers\stockLineController.js
FN:7,(anonymous_0)
FN:30,(anonymous_1)
FN:92,(anonymous_2)
FN:121,(anonymous_3)
FNF:4
FNH:0
FNDA:0,(anonymous_0)
FNDA:0,(anonymous_1)
FNDA:0,(anonymous_2)
FNDA:0,(anonymous_3)
DA:1,3
DA:2,3
DA:3,3
DA:4,3
DA:7,3
DA:8,0
DA:9,0
DA:11,0
DA:16,0
DA:22,0
DA:30,3
DA:31,0
DA:32,0
DA:35,0
DA:41,0
DA:42,0
DA:48,0
DA:49,0
DA:55,0
DA:56,0
DA:62,0
DA:69,0
DA:73,0
DA:78,0
DA:79,0
DA:84,0
DA:92,3
DA:93,0
DA:94,0
DA:101,0
DA:102,0
DA:108,0
DA:113,0
DA:121,3
DA:122,0
DA:123,0
DA:125,0
DA:126,0
DA:132,0
DA:137,0
LF:40
LH:8
BRDA:41,0,0,0
BRDA:41,0,1,0
BRDA:48,1,0,0
BRDA:48,1,1,0
BRDA:55,2,0,0
BRDA:55,2,1,0
BRDA:78,3,0,0
BRDA:78,3,1,0
BRDA:101,4,0,0
BRDA:101,4,1,0
BRDA:125,5,0,0
BRDA:125,5,1,0
BRF:12
BRH:0
end_of_record
TN:
SF:src\controllers\truckController.js
FN:10,(anonymous_0)
FN:20,(anonymous_1)
FN:60,(anonymous_2)
FN:98,(anonymous_3)
FN:166,(anonymous_4)
FN:240,(anonymous_5)
FN:269,(anonymous_6)
FN:311,(anonymous_7)
FN:364,(anonymous_8)
FN:417,(anonymous_9)
FN:455,(anonymous_10)
FN:487,(anonymous_11)
FNF:12
FNH:0
FNDA:0,(anonymous_0)
FNDA:0,(anonymous_1)
FNDA:0,(anonymous_2)
FNDA:0,(anonymous_3)
FNDA:0,(anonymous_4)
FNDA:0,(anonymous_5)
FNDA:0,(anonymous_6)
FNDA:0,(anonymous_7)
FNDA:0,(anonymous_8)
FNDA:0,(anonymous_9)
FNDA:0,(anonymous_10)
FNDA:0,(anonymous_11)
DA:1,3
DA:2,3
DA:3,3
DA:6,3
DA:7,3
DA:11,0
DA:12,0
DA:14,0
DA:20,3
DA:21,0
DA:22,0
DA:24,0
DA:25,0
DA:26,0
DA:27,0
DA:29,0
DA:46,0
DA:52,0
DA:60,3
DA:61,0
DA:62,0
DA:78,0
DA:79,0
DA:85,0
DA:90,0
DA:98,3
DA:99,0
DA:100,0
DA:103,0
DA:104,0
DA:105,0
DA:106,0
DA:113,0
DA:114,0
DA:115,0
DA:116,0
DA:124,0
DA:125,0
DA:128,0
DA:131,0
DA:147,0
DA:152,0
DA:153,0
DA:158,0
DA:166,3
DA:167,0
DA:168,0
DA:171,0
DA:172,0
DA:173,0
DA:174,0
DA:181,0
DA:182,0
DA:183,0
DA:184,0
DA:192,0
DA:193,0
DA:196,0
DA:214,0
DA:215,0
DA:221,0
DA:226,0
DA:227,0
DA:232,0
DA:240,3
DA:241,0
DA:242,0
DA:248,0
DA:249,0
DA:255,0
DA:261,0
DA:269,3
DA:270,0
DA:271,0
DA:273,0
DA:291,0
DA:292,0
DA:298,0
DA:303,0
DA:311,3
DA:312,0
DA:313,0
DA:316,0
DA:317,0
DA:318,0
DA:319,0
DA:326,0
DA:344,0
DA:345,0
DA:351,0
DA:356,0
DA:364,3
DA:365,0
DA:366,0
DA:369,0
DA:370,0
DA:371,0
DA:372,0
DA:379,0
DA:397,0
DA:398,0
DA:404,0
DA:409,0
DA:417,3
DA:418,0
DA:419,0
DA:421,0
DA:441,0
DA:447,0
DA:455,3
DA:456,0
DA:457,0
DA:473,0
DA:479,0
DA:487,3
DA:488,0
DA:489,0
DA:491,0
DA:497,0
DA:498,0
DA:504,0
DA:509,0
DA:516,3
LF:123
LH:17
BRDA:11,0,0,0
BRDA:11,0,1,0
BRDA:25,1,0,0
BRDA:25,1,1,0
BRDA:26,2,0,0
BRDA:26,2,1,0
BRDA:27,3,0,0
BRDA:27,3,1,0
BRDA:78,4,0,0
BRDA:78,4,1,0
BRDA:103,5,0,0
BRDA:103,5,1,0
BRDA:105,6,0,0
BRDA:105,6,1,0
BRDA:105,7,0,0
BRDA:105,7,1,0
BRDA:113,8,0,0
BRDA:113,8,1,0
BRDA:115,9,0,0
BRDA:115,9,1,0
BRDA:115,10,0,0
BRDA:115,10,1,0
BRDA:124,11,0,0
BRDA:124,11,1,0
BRDA:152,12,0,0
BRDA:152,12,1,0
BRDA:171,13,0,0
BRDA:171,13,1,0
BRDA:173,14,0,0
BRDA:173,14,1,0
BRDA:173,15,0,0
BRDA:173,15,1,0
BRDA:181,16,0,0
BRDA:181,16,1,0
BRDA:183,17,0,0
BRDA:183,17,1,0
BRDA:183,18,0,0
BRDA:183,18,1,0
BRDA:192,19,0,0
BRDA:192,19,1,0
BRDA:214,20,0,0
BRDA:214,20,1,0
BRDA:226,21,0,0
BRDA:226,21,1,0
BRDA:248,22,0,0
BRDA:248,22,1,0
BRDA:291,23,0,0
BRDA:291,23,1,0
BRDA:316,24,0,0
BRDA:316,24,1,0
BRDA:318,25,0,0
BRDA:318,25,1,0
BRDA:318,26,0,0
BRDA:318,26,1,0
BRDA:344,27,0,0
BRDA:344,27,1,0
BRDA:369,28,0,0
BRDA:369,28,1,0
BRDA:371,29,0,0
BRDA:371,29,1,0
BRDA:371,30,0,0
BRDA:371,30,1,0
BRDA:397,31,0,0
BRDA:397,31,1,0
BRDA:497,32,0,0
BRDA:497,32,1,0
BRF:66
BRH:0
end_of_record
TN:
SF:src\controllers\truckLoadingSessionController.js
FN:6,(anonymous_0)
FN:39,(anonymous_1)
FN:66,(anonymous_2)
FN:99,(anonymous_3)
FN:187,(anonymous_4)
FN:217,(anonymous_5)
FN:251,(anonymous_6)
FNF:7
FNH:0
FNDA:0,(anonymous_0)
FNDA:0,(anonymous_1)
FNDA:0,(anonymous_2)
FNDA:0,(anonymous_3)
FNDA:0,(anonymous_4)
FNDA:0,(anonymous_5)
FNDA:0,(anonymous_6)
DA:1,3
DA:2,3
DA:3,3
DA:6,3
DA:7,0
DA:8,0
DA:10,0
DA:11,0
DA:12,0
DA:13,0
DA:15,0
DA:22,0
DA:24,0
DA:31,0
DA:39,3
DA:40,0
DA:41,0
DA:46,0
DA:47,0
DA:53,0
DA:58,0
DA:66,3
DA:67,0
DA:68,0
DA:70,0
DA:79,0
DA:80,0
DA:86,0
DA:91,0
DA:99,3
DA:100,0
DA:111,0
DA:114,0
DA:115,0
DA:116,0
DA:123,0
DA:124,0
DA:125,0
DA:132,0
DA:137,0
DA:138,0
DA:145,0
DA:156,0
DA:170,0
DA:174,0
DA:179,0
DA:187,3
DA:188,0
DA:189,0
DA:197,0
DA:198,0
DA:204,0
DA:209,0
DA:217,3
DA:218,0
DA:219,0
DA:230,0
DA:231,0
DA:237,0
DA:243,0
DA:251,3
DA:252,0
DA:253,0
DA:255,0
DA:256,0
DA:262,0
DA:267,0
LF:67
LH:10
BRDA:8,0,0,0
BRDA:8,1,0,0
BRDA:11,2,0,0
BRDA:11,2,1,0
BRDA:12,3,0,0
BRDA:12,3,1,0
BRDA:13,4,0,0
BRDA:13,4,1,0
BRDA:46,5,0,0
BRDA:46,5,1,0
BRDA:79,6,0,0
BRDA:79,6,1,0
BRDA:115,7,0,0
BRDA:115,7,1,0
BRDA:124,8,0,0
BRDA:124,8,1,0
BRDA:137,9,0,0
BRDA:137,9,1,0
BRDA:160,10,0,0
BRDA:160,10,1,0
BRDA:162,11,0,0
BRDA:162,11,1,0
BRDA:163,12,0,0
BRDA:163,12,1,0
BRDA:164,13,0,0
BRDA:164,13,1,0
BRDA:197,14,0,0
BRDA:197,14,1,0
BRDA:230,15,0,0
BRDA:230,15,1,0
BRDA:255,16,0,0
BRDA:255,16,1,0
BRF:32
BRH:0
end_of_record
TN:
SF:src\controllers\umController.js
FN:4,(anonymous_0)
FN:22,(anonymous_1)
FN:46,(anonymous_2)
FN:65,(anonymous_3)
FN:93,(anonymous_4)
FNF:5
FNH:0
FNDA:0,(anonymous_0)
FNDA:0,(anonymous_1)
FNDA:0,(anonymous_2)
FNDA:0,(anonymous_3)
FNDA:0,(anonymous_4)
DA:1,3
DA:4,3
DA:5,0
DA:6,0
DA:8,0
DA:14,0
DA:22,3
DA:23,0
DA:24,0
DA:26,0
DA:27,0
DA:33,0
DA:38,0
DA:46,3
DA:47,0
DA:48,0
DA:50,0
DA:52,0
DA:57,0
DA:65,3
DA:66,0
DA:67,0
DA:73,0
DA:74,0
DA:80,0
DA:85,0
DA:93,3
DA:94,0
DA:95,0
DA:97,0
DA:98,0
DA:104,0
DA:109,0
LF:33
LH:6
BRDA:26,0,0,0
BRDA:26,0,1,0
BRDA:73,1,0,0
BRDA:73,1,1,0
BRDA:97,2,0,0
BRDA:97,2,1,0
BRF:6
BRH:0
end_of_record
TN:
SF:src\controllers\userController.js
FN:14,(anonymous_0)
FN:50,(anonymous_1)
FN:113,(anonymous_2)
FN:151,(anonymous_3)
FN:201,(anonymous_4)
FN:228,(anonymous_5)
FN:255,(anonymous_6)
FN:281,(anonymous_7)
FN:316,(anonymous_8)
FN:348,(anonymous_9)
FN:406,(anonymous_10)
FN:457,(anonymous_11)
FN:498,(anonymous_12)
FN:529,(anonymous_13)
FN:584,(anonymous_14)
FN:631,(anonymous_15)
FNF:16
FNH:0
FNDA:0,(anonymous_0)
FNDA:0,(anonymous_1)
FNDA:0,(anonymous_2)
FNDA:0,(anonymous_3)
FNDA:0,(anonymous_4)
FNDA:0,(anonymous_5)
FNDA:0,(anonymous_6)
FNDA:0,(anonymous_7)
FNDA:0,(anonymous_8)
FNDA:0,(anonymous_9)
FNDA:0,(anonymous_10)
FNDA:0,(anonymous_11)
FNDA:0,(anonymous_12)
FNDA:0,(anonymous_13)
FNDA:0,(anonymous_14)
FNDA:0,(anonymous_15)
DA:1,3
DA:2,3
DA:3,3
DA:4,3
DA:5,3
DA:6,3
DA:7,3
DA:8,3
DA:9,3
DA:10,3
DA:11,3
DA:14,3
DA:15,0
DA:16,0
DA:17,0
DA:19,0
DA:29,0
DA:31,0
DA:32,0
DA:43,0
DA:50,0
DA:56,0
DA:57,0
DA:58,0
DA:59,0
DA:72,0
DA:73,0
DA:74,0
DA:75,0
DA:89,0
DA:91,0
DA:92,0
DA:106,0
DA:113,0
DA:119,0
DA:120,0
DA:121,0
DA:122,0
DA:135,0
DA:141,0
DA:142,0
DA:151,3
DA:152,0
DA:153,0
DA:154,0
DA:155,0
DA:157,0
DA:160,0
DA:162,0
DA:167,0
DA:168,0
DA:174,0
DA:175,0
DA:179,0
DA:180,0
DA:181,0
DA:187,0
DA:188,0
DA:189,0
DA:193,0
DA:194,0
DA:195,0
DA:200,0
DA:201,0
DA:202,0
DA:203,0
DA:207,0
DA:208,0
DA:214,0
DA:221,0
DA:222,0
DA:223,0
DA:224,0
DA:227,0
DA:228,0
DA:229,0
DA:230,0
DA:234,0
DA:235,0
DA:240,0
DA:247,0
DA:248,0
DA:249,0
DA:254,0
DA:255,0
DA:256,0
DA:257,0
DA:261,0
DA:262,0
DA:268,0
DA:275,0
DA:276,0
DA:277,0
DA:278,0
DA:280,0
DA:281,0
DA:282,0
DA:283,0
DA:287,0
DA:288,0
DA:293,0
DA:299,0
DA:306,0
DA:307,0
DA:316,3
DA:317,0
DA:318,0
DA:319,0
DA:322,0
DA:324,0
DA:325,0
DA:326,0
DA:327,0
DA:331,0
DA:332,0
DA:335,0
DA:336,0
DA:339,0
DA:345,0
DA:348,0
DA:349,0
DA:359,0
DA:360,0
DA:361,0
DA:368,0
DA:369,0
DA:370,0
DA:378,0
DA:381,0
DA:396,0
DA:397,0
DA:406,3
DA:407,0
DA:408,0
DA:410,0
DA:411,0
DA:417,0
DA:419,0
DA:420,0
DA:426,0
DA:438,0
DA:439,0
DA:440,0
DA:450,0
DA:457,0
DA:463,0
DA:464,0
DA:465,0
DA:466,0
DA:468,0
DA:469,0
DA:470,0
DA:471,0
DA:476,0
DA:477,0
DA:478,0
DA:491,0
DA:498,0
DA:504,0
DA:505,0
DA:506,0
DA:507,0
DA:512,0
DA:519,0
DA:520,0
DA:529,3
DA:530,0
DA:531,0
DA:532,0
DA:534,0
DA:535,0
DA:541,0
DA:542,0
DA:543,0
DA:549,0
DA:555,0
DA:556,0
DA:562,0
DA:574,0
DA:575,0
DA:584,3
DA:585,0
DA:586,0
DA:588,0
DA:589,0
DA:596,0
DA:597,0
DA:598,0
DA:605,0
DA:606,0
DA:613,0
DA:615,0
DA:621,0
DA:622,0
DA:631,3
DA:632,0
DA:633,0
DA:634,0
DA:635,0
DA:636,0
DA:639,0
DA:647,0
DA:648,0
DA:649,0
DA:653,0
DA:667,0
DA:668,0
DA:676,3
LF:208
LH:19
BRDA:31,0,0,0
BRDA:31,0,1,0
BRDA:56,1,0,0
BRDA:56,1,1,0
BRDA:58,2,0,0
BRDA:58,2,1,0
BRDA:72,3,0,0
BRDA:72,3,1,0
BRDA:72,4,0,0
BRDA:72,4,1,0
BRDA:74,5,0,0
BRDA:74,5,1,0
BRDA:91,6,0,0
BRDA:91,6,1,0
BRDA:119,7,0,0
BRDA:119,7,1,0
BRDA:121,8,0,0
BRDA:121,8,1,0
BRDA:160,9,0,0
BRDA:160,9,1,0
BRDA:160,10,0,0
BRDA:160,10,1,0
BRDA:167,11,0,0
BRDA:167,11,1,0
BRDA:179,12,0,0
BRDA:179,12,1,0
BRDA:180,13,0,0
BRDA:180,13,1,0
BRDA:194,14,0,0
BRDA:194,14,1,0
BRDA:194,15,0,0
BRDA:194,15,1,0
BRDA:202,16,0,0
BRDA:202,16,1,0
BRDA:207,17,0,0
BRDA:207,17,1,0
BRDA:221,18,0,0
BRDA:221,18,1,0
BRDA:221,19,0,0
BRDA:221,19,1,0
BRDA:223,20,0,0
BRDA:223,20,1,0
BRDA:229,21,0,0
BRDA:229,21,1,0
BRDA:234,22,0,0
BRDA:234,22,1,0
BRDA:248,23,0,0
BRDA:248,23,1,0
BRDA:248,24,0,0
BRDA:248,24,1,0
BRDA:256,25,0,0
BRDA:256,25,1,0
BRDA:261,26,0,0
BRDA:261,26,1,0
BRDA:275,27,0,0
BRDA:275,27,1,0
BRDA:275,28,0,0
BRDA:275,28,1,0
BRDA:277,29,0,0
BRDA:277,29,1,0
BRDA:282,30,0,0
BRDA:282,30,1,0
BRDA:287,31,0,0
BRDA:287,31,1,0
BRDA:318,32,0,0
BRDA:318,33,0,0
BRDA:324,34,0,0
BRDA:324,34,1,0
BRDA:326,35,0,0
BRDA:326,35,1,0
BRDA:331,36,0,0
BRDA:331,36,1,0
BRDA:335,37,0,0
BRDA:335,37,1,0
BRDA:360,38,0,0
BRDA:360,38,1,0
BRDA:369,39,0,0
BRDA:369,39,1,0
BRDA:410,40,0,0
BRDA:410,40,1,0
BRDA:419,41,0,0
BRDA:419,41,1,0
BRDA:439,42,0,0
BRDA:439,42,1,0
BRDA:463,43,0,0
BRDA:463,43,1,0
BRDA:465,44,0,0
BRDA:465,44,1,0
BRDA:468,45,0,0
BRDA:468,45,1,0
BRDA:468,46,0,0
BRDA:468,46,1,0
BRDA:470,47,0,0
BRDA:470,47,1,0
BRDA:477,48,0,0
BRDA:477,48,1,0
BRDA:504,49,0,0
BRDA:504,49,1,0
BRDA:506,50,0,0
BRDA:506,50,1,0
BRDA:534,51,0,0
BRDA:534,51,1,0
BRDA:542,52,0,0
BRDA:542,52,1,0
BRDA:555,53,0,0
BRDA:555,53,1,0
BRDA:588,54,0,0
BRDA:588,54,1,0
BRDA:597,55,0,0
BRDA:597,55,1,0
BRDA:605,56,0,0
BRDA:605,56,1,0
BRF:112
BRH:0
end_of_record
TN:
SF:src\middleware\adminAuthMiddleware.js
FN:3,(anonymous_0)
FN:5,(anonymous_1)
FNF:2
FNH:0
FNDA:0,(anonymous_0)
FNDA:0,(anonymous_1)
DA:1,3
DA:3,3
DA:5,0
DA:6,0
DA:9,0
DA:10,0
DA:16,0
DA:20,3
LF:8
LH:3
BRDA:6,0,0,0
BRDA:6,0,1,0
BRDA:9,1,0,0
BRDA:9,1,1,0
BRF:4
BRH:0
end_of_record
TN:
SF:src\middleware\authMiddleware.js
FN:8,(anonymous_0)
FNF:1
FNH:0
FNDA:0,(anonymous_0)
DA:1,3
DA:2,3
DA:3,3
DA:4,3
DA:5,3
DA:6,3
DA:8,3
DA:9,0
DA:10,0
DA:12,0
DA:13,0
DA:19,0
DA:20,0
DA:21,0
DA:24,0
DA:25,0
DA:32,0
DA:33,0
DA:36,0
DA:37,0
DA:40,0
DA:41,0
DA:46,0
DA:47,0
DA:48,0
DA:49,0
DA:57,0
DA:58,0
DA:61,0
DA:62,0
DA:64,0
DA:71,3
LF:32
LH:8
BRDA:10,0,0,0
BRDA:10,0,1,0
BRDA:12,1,0,0
BRDA:12,1,1,0
BRDA:24,2,0,0
BRDA:24,2,1,0
BRDA:36,3,0,0
BRDA:36,3,1,0
BRDA:40,4,0,0
BRDA:40,4,1,0
BRDA:40,5,0,0
BRDA:40,5,1,0
BRDA:46,6,0,0
BRDA:46,6,1,0
BRDA:46,7,0,0
BRDA:46,7,1,0
BRDA:48,8,0,0
BRDA:48,8,1,0
BRDA:48,9,0,0
BRDA:48,9,1,0
BRDA:57,10,0,0
BRDA:57,10,1,0
BRF:22
BRH:0
end_of_record
TN:
SF:src\middleware\roleAuthMiddleware.js
FNF:0
FNH:0
LF:0
LH:0
BRF:0
BRH:0
end_of_record
TN:
SF:src\middleware\websocket.js
FN:7,(anonymous_0)
FN:8,(anonymous_1)
FN:20,(anonymous_2)
FN:42,(anonymous_3)
FN:89,(anonymous_4)
FN:104,(anonymous_5)
FN:121,(anonymous_6)
FN:127,(anonymous_7)
FN:128,(anonymous_8)
FNF:9
FNH:0
FNDA:0,(anonymous_0)
FNDA:0,(anonymous_1)
FNDA:0,(anonymous_2)
FNDA:0,(anonymous_3)
FNDA:0,(anonymous_4)
FNDA:0,(anonymous_5)
FNDA:0,(anonymous_6)
FNDA:0,(anonymous_7)
FNDA:0,(anonymous_8)
DA:2,0
DA:4,0
DA:5,0
DA:7,0
DA:8,0
DA:9,0
DA:12,0
DA:20,0
DA:21,0
DA:22,0
DA:24,0
DA:25,0
DA:26,0
DA:27,0
DA:30,0
DA:31,0
DA:32,0
DA:34,0
DA:35,0
DA:36,0
DA:42,0
DA:43,0
DA:44,0
DA:46,0
DA:49,0
DA:51,0
DA:52,0
DA:55,0
DA:65,0
DA:67,0
DA:70,0
DA:71,0
DA:72,0
DA:75,0
DA:78,0
DA:81,0
DA:89,0
DA:90,0
DA:92,0
DA:99,0
DA:100,0
DA:104,0
DA:105,0
DA:106,0
DA:107,0
DA:108,0
DA:109,0
DA:110,0
DA:111,0
DA:115,0
DA:116,0
DA:121,0
DA:122,0
DA:126,0
DA:127,0
DA:128,0
DA:131,0
LF:57
LH:0
BRDA:24,0,0,0
BRDA:24,0,1,0
BRDA:30,1,0,0
BRDA:30,1,1,0
BRDA:31,2,0,0
BRDA:31,2,1,0
BRDA:51,3,0,0
BRDA:51,3,1,0
BRDA:61,4,0,0
BRDA:61,4,1,0
BRDA:71,5,0,0
BRDA:71,5,1,0
BRDA:106,6,0,0
BRDA:106,6,1,0
BRDA:106,7,0,0
BRDA:106,7,1,0
BRDA:108,8,0,0
BRDA:108,8,1,0
BRDA:110,9,0,0
BRDA:110,9,1,0
BRF:20
BRH:0
end_of_record
TN:
SF:src\models\Address.js
FNF:0
FNH:0
DA:1,3
DA:3,3
DA:24,3
DA:25,3
DA:26,3
DA:28,3
LF:6
LH:6
BRF:0
BRH:0
end_of_record
TN:
SF:src\models\Admin.js
FNF:0
FNH:0
DA:1,0
DA:3,0
DA:10,0
DA:12,0
LF:4
LH:0
BRF:0
BRH:0
end_of_record
TN:
SF:src\models\AdresseFournisseur.js
FNF:0
FNH:0
DA:1,3
DA:3,3
DA:25,3
DA:26,3
DA:28,3
LF:5
LH:5
BRF:0
BRH:0
end_of_record
TN:
SF:src\models\BL_FRS.js
FNF:0
FNH:0
DA:1,3
DA:3,3
DA:36,3
DA:37,3
DA:38,3
DA:40,3
LF:6
LH:6
BRF:0
BRH:0
end_of_record
TN:
SF:src\models\Category.js
FNF:0
FNH:0
DA:1,0
DA:3,0
DA:12,0
DA:14,0
LF:4
LH:0
BRF:0
BRH:0
end_of_record
TN:
SF:src\models\City.js
FNF:0
FNH:0
DA:1,3
DA:3,3
DA:9,3
DA:11,3
LF:4
LH:4
BRF:0
BRH:0
end_of_record
TN:
SF:src\models\Commande.js
FN:54,(anonymous_0)
FN:65,(anonymous_1)
FN:83,(anonymous_2)
FNF:3
FNH:0
FNDA:0,(anonymous_0)
FNDA:0,(anonymous_1)
FNDA:0,(anonymous_2)
DA:1,3
DA:2,3
DA:3,3
DA:5,3
DA:54,3
DA:55,0
DA:57,0
DA:58,0
DA:60,0
DA:61,0
DA:65,3
DA:66,0
DA:68,0
DA:69,0
DA:71,0
DA:72,0
DA:74,0
DA:75,0
DA:77,0
DA:78,0
DA:83,3
DA:84,0
DA:85,0
DA:86,0
DA:88,0
DA:91,3
DA:92,3
DA:93,3
DA:94,3
DA:96,3
LF:30
LH:12
BRDA:55,0,0,0
BRDA:55,0,1,0
BRDA:66,1,0,0
BRDA:66,1,1,0
BRDA:66,1,2,0
BRDA:66,1,3,0
BRDA:84,2,0,0
BRDA:84,2,1,0
BRF:8
BRH:0
end_of_record
TN:
SF:src\models\CommandeLine.js
FNF:0
FNH:0
DA:1,3
DA:2,3
DA:3,3
DA:5,3
DA:13,3
DA:14,3
DA:16,3
LF:7
LH:7
BRF:0
BRH:0
end_of_record
TN:
SF:src\models\Customer.js
FNF:0
FNH:0
DA:1,3
DA:3,3
DA:14,3
DA:15,3
DA:16,3
DA:18,3
LF:6
LH:6
BRF:0
BRH:0
end_of_record
TN:
SF:src\models\Depot.js
FNF:0
FNH:0
DA:1,3
DA:3,3
DA:14,3
LF:3
LH:3
BRF:0
BRH:0
end_of_record
TN:
SF:src\models\DepotEntryLine.js
FNF:0
FNH:0
DA:1,3
DA:3,3
DA:26,3
DA:27,3
DA:29,3
LF:5
LH:5
BRF:0
BRH:0
end_of_record
TN:
SF:src\models\Employe.js
FNF:0
FNH:0
DA:1,3
DA:3,3
DA:16,3
DA:18,3
LF:4
LH:4
BRF:0
BRH:0
end_of_record
TN:
SF:src\models\Evaluation.js
FN:67,(anonymous_0)
FNF:1
FNH:0
FNDA:0,(anonymous_0)
DA:1,3
DA:3,3
DA:67,3
DA:68,0
DA:69,0
DA:72,3
LF:6
LH:4
BRF:0
BRH:0
end_of_record
TN:
SF:src\models\Fournisseur.js
FNF:0
FNH:0
DA:1,3
DA:3,3
DA:14,3
LF:3
LH:3
BRF:0
BRH:0
end_of_record
TN:
SF:src\models\ListePrix.js
FNF:0
FNH:0
DA:1,3
DA:3,3
DA:18,3
DA:19,3
DA:21,3
LF:5
LH:5
BRF:0
BRH:0
end_of_record
TN:
SF:src\models\Livraison.js
FN:89,(anonymous_0)
FN:118,(anonymous_1)
FNF:2
FNH:0
FNDA:0,(anonymous_0)
FNDA:0,(anonymous_1)
DA:1,3
DA:3,3
DA:89,3
DA:90,0
DA:91,0
DA:92,0
DA:95,0
DA:96,0
DA:97,0
DA:98,0
DA:102,0
DA:103,0
DA:104,0
DA:105,0
DA:107,0
DA:108,0
DA:109,0
DA:113,0
DA:118,3
DA:119,0
DA:120,0
DA:121,0
DA:122,0
DA:124,0
DA:125,0
DA:126,0
DA:127,0
DA:128,0
DA:129,0
DA:131,0
DA:132,0
DA:133,0
DA:138,0
DA:144,3
DA:145,3
DA:146,3
DA:147,3
DA:149,3
LF:38
LH:9
BRDA:96,0,0,0
BRDA:96,0,1,0
BRDA:103,1,0,0
BRDA:103,1,1,0
BRDA:107,2,0,0
BRDA:107,2,1,0
BRDA:119,3,0,0
BRDA:119,3,1,0
BRDA:125,4,0,0
BRDA:125,4,1,0
BRDA:127,5,0,0
BRDA:127,5,1,0
BRDA:131,6,0,0
BRDA:131,6,1,0
BRF:14
BRH:0
end_of_record
TN:
SF:src\models\LivraisonLine.js
FN:58,(anonymous_0)
FNF:1
FNH:0
FNDA:0,(anonymous_0)
DA:1,3
DA:3,3
DA:58,3
DA:59,0
DA:60,0
DA:64,3
DA:65,3
DA:67,3
LF:8
LH:6
BRF:0
BRH:0
end_of_record
TN:
SF:src\models\MoralUser.js
FNF:0
FNH:0
DA:1,3
DA:3,3
DA:13,3
DA:15,3
LF:4
LH:4
BRF:0
BRH:0
end_of_record
TN:
SF:src\models\PhoneNumber.js
FNF:0
FNH:0
DA:1,0
DA:3,0
DA:9,0
DA:10,0
DA:12,0
LF:5
LH:0
BRF:0
BRH:0
end_of_record
TN:
SF:src\models\PhysicalUser.js
FNF:0
FNH:0
DA:1,3
DA:3,3
DA:12,3
DA:14,3
LF:4
LH:4
BRF:0
BRH:0
end_of_record
TN:
SF:src\models\Planification.js
FN:33,(anonymous_0)
FN:58,(anonymous_1)
FNF:2
FNH:0
FNDA:0,(anonymous_0)
FNDA:0,(anonymous_1)
DA:1,3
DA:2,3
DA:3,3
DA:4,3
DA:6,3
DA:33,3
DA:34,0
DA:35,0
DA:36,0
DA:38,0
DA:39,0
DA:40,0
DA:43,0
DA:44,0
DA:47,0
DA:48,0
DA:49,0
DA:52,0
DA:58,3
DA:59,0
DA:60,0
DA:61,0
DA:62,0
DA:64,0
DA:65,0
DA:66,0
DA:68,0
DA:69,0
DA:70,0
DA:74,0
DA:79,3
DA:80,3
DA:81,3
DA:82,3
DA:83,3
DA:84,3
DA:86,3
LF:37
LH:14
BRDA:38,0,0,0
BRDA:38,0,1,0
BRDA:47,1,0,0
BRDA:47,1,1,0
BRDA:59,2,0,0
BRDA:59,2,1,0
BRDA:64,3,0,0
BRDA:64,3,1,0
BRDA:68,4,0,0
BRDA:68,4,1,0
BRF:10
BRH:0
end_of_record
TN:
SF:src\models\Product.js
FNF:0
FNH:0
DA:1,3
DA:3,3
DA:22,3
LF:3
LH:3
BRF:0
BRH:0
end_of_record
TN:
SF:src\models\Region.js
FNF:0
FNH:0
DA:1,0
DA:3,0
DA:13,0
LF:3
LH:0
BRF:0
BRH:0
end_of_record
TN:
SF:src\models\Role.js
FNF:0
FNH:0
DA:1,3
DA:3,3
DA:12,3
LF:3
LH:3
BRF:0
BRH:0
end_of_record
TN:
SF:src\models\Stock.js
FN:46,(anonymous_0)
FN:51,(anonymous_1)
FNF:2
FNH:0
FNDA:0,(anonymous_0)
FNDA:0,(anonymous_1)
DA:1,3
DA:3,3
DA:43,3
DA:46,3
DA:47,0
DA:51,3
DA:52,0
DA:53,0
DA:54,0
DA:55,0
DA:56,0
DA:58,0
DA:60,0
DA:61,0
DA:63,0
DA:66,3
DA:68,3
LF:17
LH:7
BRDA:51,0,0,0
BRDA:52,1,0,0
BRDA:52,1,1,0
BRDA:54,2,0,0
BRDA:54,2,1,0
BRDA:55,3,0,0
BRDA:55,3,1,0
BRDA:60,4,0,0
BRDA:60,4,1,0
BRF:9
BRH:0
end_of_record
TN:
SF:src\models\StockDepot.js
FNF:0
FNH:0
DA:1,3
DA:3,3
DA:11,3
DA:12,3
DA:13,3
DA:18,3
LF:6
LH:6
BRF:0
BRH:0
end_of_record
TN:
SF:src\models\StockLine.js
FNF:0
FNH:0
DA:1,3
DA:3,3
DA:10,3
DA:11,3
DA:13,3
LF:5
LH:5
BRF:0
BRH:0
end_of_record
TN:
SF:src\models\Truck.js
FN:53,(anonymous_0)
FN:65,(anonymous_1)
FNF:2
FNH:0
FNDA:0,(anonymous_0)
FNDA:0,(anonymous_1)
DA:1,3
DA:3,3
DA:54,0
DA:55,0
DA:56,0
DA:66,0
DA:67,0
DA:68,0
DA:85,3
DA:86,3
DA:87,3
DA:88,3
DA:90,3
LF:13
LH:7
BRDA:54,0,0,0
BRDA:54,0,1,0
BRDA:56,1,0,0
BRDA:56,1,1,0
BRDA:66,2,0,0
BRDA:66,2,1,0
BRDA:68,3,0,0
BRDA:68,3,1,0
BRF:8
BRH:0
end_of_record
TN:
SF:src\models\TruckLoadingSession.js
FNF:0
FNH:0
DA:1,3
DA:3,3
DA:44,3
DA:97,3
DA:98,3
DA:100,3
LF:6
LH:6
BRF:0
BRH:0
end_of_record
TN:
SF:src\models\Um.js
FNF:0
FNH:0
DA:1,3
DA:3,3
DA:7,3
LF:3
LH:3
BRF:0
BRH:0
end_of_record
TN:
SF:src\models\User.js
FNF:0
FNH:0
DA:1,3
DA:3,3
DA:19,3
DA:20,3
DA:22,3
LF:5
LH:5
BRF:0
BRH:0
end_of_record
TN:
SF:src\models\UserAddress.js
FN:35,(anonymous_0)
FN:53,(anonymous_1)
FNF:2
FNH:0
FNDA:0,(anonymous_0)
FNDA:0,(anonymous_1)
DA:1,3
DA:3,3
DA:28,3
DA:29,3
DA:30,3
DA:31,3
DA:32,3
DA:35,3
DA:36,0
DA:37,0
DA:41,0
DA:49,0
DA:53,3
DA:54,0
DA:55,0
DA:57,0
DA:58,0
DA:60,0
DA:63,3
LF:19
LH:10
BRDA:36,0,0,0
BRDA:36,0,1,0
BRDA:37,1,0,0
BRDA:37,1,1,0
BRDA:54,2,0,0
BRDA:54,2,1,0
BRDA:54,3,0,0
BRDA:54,3,1,0
BRDA:57,4,0,0
BRDA:57,4,1,0
BRDA:57,5,0,0
BRDA:57,5,1,0
BRF:12
BRH:0
end_of_record
TN:
SF:src\routes\Evaluation.js
FNF:0
FNH:0
DA:1,3
DA:2,3
DA:3,3
DA:4,3
DA:7,3
DA:10,3
DA:13,3
DA:16,3
DA:18,3
LF:9
LH:9
BRF:0
BRH:0
end_of_record
TN:
SF:src\routes\address.js
FNF:0
FNH:0
DA:1,3
DA:9,3
DA:10,3
DA:11,3
DA:13,3
DA:16,3
DA:17,3
DA:18,3
DA:19,3
DA:22,3
DA:25,3
DA:27,3
LF:12
LH:12
BRF:0
BRH:0
end_of_record
TN:
SF:src\routes\adminRouter.js
FNF:0
FNH:0
DA:1,3
DA:2,3
DA:3,3
DA:5,3
DA:8,3
DA:9,3
DA:10,3
DA:13,3
DA:14,3
DA:15,3
DA:18,3
DA:20,3
LF:12
LH:12
BRF:0
BRH:0
end_of_record
TN:
SF:src\routes\authRouter.js
FN:33,(anonymous_0)
FNF:1
FNH:0
FNDA:0,(anonymous_0)
DA:1,3
DA:2,3
DA:3,3
DA:4,3
DA:5,3
DA:6,3
DA:7,3
DA:9,3
DA:12,3
DA:15,3
DA:18,3
DA:20,3
DA:21,3
DA:24,3
DA:25,3
DA:27,3
DA:31,3
DA:34,0
DA:46,0
DA:47,0
DA:49,0
DA:54,3
LF:22
LH:18
BRDA:42,0,0,0
BRDA:42,0,1,0
BRDA:46,1,0,0
BRDA:46,1,1,0
BRF:4
BRH:0
end_of_record
TN:
SF:src\routes\blFrs.js
FN:11,(anonymous_0)
FN:21,(anonymous_1)
FNF:2
FNH:0
FNDA:0,(anonymous_0)
FNDA:0,(anonymous_1)
DA:1,3
DA:2,3
DA:3,3
DA:4,3
DA:7,3
DA:8,3
DA:12,0
DA:13,0
DA:15,0
DA:21,3
DA:22,0
DA:23,0
DA:25,3
DA:26,3
DA:27,3
DA:28,3
DA:30,3
LF:17
LH:12
BRDA:12,0,0,0
BRDA:12,0,1,0
BRDA:12,1,0,0
BRDA:12,1,1,0
BRF:4
BRH:0
end_of_record
TN:
SF:src\routes\customer.js
FNF:0
FNH:0
DA:1,3
DA:11,3
DA:12,3
DA:13,3
DA:15,3
DA:18,3
DA:19,3
DA:22,3
DA:23,3
DA:26,3
DA:27,3
DA:30,3
DA:31,3
DA:33,3
LF:14
LH:14
BRF:0
BRH:0
end_of_record
TN:
SF:src\routes\depotEntryLine.js
FNF:0
FNH:0
DA:1,3
DA:2,3
DA:3,3
DA:6,3
DA:7,3
DA:8,3
DA:9,3
DA:11,3
LF:8
LH:8
BRF:0
BRH:0
end_of_record
TN:
SF:src\routes\depots.js
FNF:0
FNH:0
DA:1,3
DA:2,3
DA:3,3
DA:4,3
DA:7,3
DA:8,3
DA:9,3
DA:10,3
DA:11,3
DA:12,3
DA:14,3
LF:11
LH:11
BRF:0
BRH:0
end_of_record
TN:
SF:src\routes\employe.js
FNF:0
FNH:0
DA:1,0
DA:2,0
DA:3,0
DA:6,0
DA:9,0
LF:5
LH:0
BRF:0
BRH:0
end_of_record
TN:
SF:src\routes\fournisseur.js
FNF:0
FNH:0
DA:1,3
DA:2,3
DA:3,3
DA:6,3
DA:7,3
DA:8,3
DA:9,3
DA:10,3
DA:13,3
DA:14,3
DA:16,3
DA:17,3
DA:19,3
LF:13
LH:13
BRF:0
BRH:0
end_of_record
TN:
SF:src\routes\listeprix.js
FNF:0
FNH:0
DA:1,3
DA:2,3
DA:3,3
DA:4,3
DA:7,3
DA:9,3
DA:11,3
DA:14,3
DA:15,3
DA:16,3
DA:18,3
DA:19,3
DA:20,3
DA:21,3
DA:23,3
LF:15
LH:15
BRF:0
BRH:0
end_of_record
TN:
SF:src\routes\livraison.js
FNF:0
FNH:0
DA:1,3
DA:9,3
DA:10,3
DA:11,3
DA:13,3
DA:16,3
DA:17,3
DA:20,3
DA:21,3
DA:22,3
DA:23,3
DA:26,3
LF:12
LH:12
BRF:0
BRH:0
end_of_record
TN:
SF:src\routes\locations.js
FNF:0
FNH:0
DA:1,3
DA:11,3
DA:12,3
DA:13,3
DA:15,3
DA:18,3
DA:19,3
DA:20,3
DA:23,3
DA:24,3
DA:25,3
DA:28,3
DA:29,3
DA:31,3
LF:14
LH:14
BRF:0
BRH:0
end_of_record
TN:
SF:src\routes\order.js
FNF:0
FNH:0
DA:1,3
DA:15,3
DA:16,3
DA:17,3
DA:19,3
DA:22,3
DA:23,3
DA:24,3
DA:25,3
DA:26,3
DA:29,3
DA:30,3
DA:31,3
DA:32,3
DA:33,3
DA:37,3
DA:40,3
DA:42,3
LF:18
LH:18
BRF:0
BRH:0
end_of_record
TN:
SF:src\routes\planification.js
FNF:0
FNH:0
DA:1,3
DA:7,3
DA:8,3
DA:10,3
DA:13,3
DA:16,3
DA:19,3
DA:22,3
DA:24,3
LF:9
LH:9
BRF:0
BRH:0
end_of_record
TN:
SF:src\routes\products.js
FNF:0
FNH:0
DA:1,3
DA:2,3
DA:3,3
DA:4,3
DA:7,3
DA:8,3
DA:9,3
DA:12,3
DA:18,3
DA:24,3
DA:26,3
DA:28,3
LF:12
LH:12
BRF:0
BRH:0
end_of_record
TN:
SF:src\routes\reports.js
FNF:0
FNH:0
DA:1,3
DA:2,3
DA:3,3
DA:6,3
DA:7,3
DA:8,3
DA:9,3
DA:10,3
DA:11,3
DA:13,3
LF:10
LH:10
BRF:0
BRH:0
end_of_record
TN:
SF:src\routes\stock.js
FNF:0
FNH:0
DA:1,3
DA:2,3
DA:3,3
DA:6,3
DA:7,3
DA:8,3
DA:9,3
DA:10,3
DA:11,3
DA:12,3
DA:13,3
DA:14,3
DA:16,3
LF:13
LH:13
BRF:0
BRH:0
end_of_record
TN:
SF:src\routes\stockDepots.js
FNF:0
FNH:0
DA:1,3
DA:2,3
DA:3,3
DA:4,3
DA:6,3
DA:7,3
DA:8,3
DA:9,3
DA:10,3
DA:12,3
LF:10
LH:10
BRF:0
BRH:0
end_of_record
TN:
SF:src\routes\stockLines.js
FNF:0
FNH:0
DA:1,3
DA:2,3
DA:3,3
DA:4,3
DA:6,3
DA:7,3
DA:8,3
DA:9,3
DA:11,3
LF:9
LH:9
BRF:0
BRH:0
end_of_record
TN:
SF:src\routes\truck.js
FNF:0
FNH:0
DA:2,0
DA:3,0
DA:4,0
DA:7,0
DA:10,0
DA:11,0
DA:14,0
DA:15,0
DA:18,0
DA:20,0
LF:10
LH:0
BRF:0
BRH:0
end_of_record
TN:
SF:src\routes\truckLoadingSessions.js
FNF:0
FNH:0
DA:1,3
DA:2,3
DA:11,3
DA:14,3
DA:15,3
DA:16,3
DA:17,3
DA:18,3
DA:19,3
DA:20,3
DA:21,3
DA:23,3
LF:12
LH:12
BRF:0
BRH:0
end_of_record
TN:
SF:src\routes\trucks.js
FNF:0
FNH:0
DA:1,3
DA:2,3
DA:3,3
DA:4,3
DA:7,3
DA:8,3
DA:11,3
DA:17,3
DA:23,3
DA:26,3
DA:27,3
DA:28,3
DA:31,3
DA:32,3
DA:33,3
DA:35,3
LF:16
LH:16
BRF:0
BRH:0
end_of_record
TN:
SF:src\routes\ums.js
FNF:0
FNH:0
DA:1,3
DA:2,3
DA:3,3
DA:4,3
DA:7,3
DA:8,3
DA:11,3
DA:12,3
DA:13,3
DA:15,3
LF:10
LH:10
BRF:0
BRH:0
end_of_record
TN:
SF:src\routes\usersRouter.js
FNF:0
FNH:0
DA:1,3
DA:10,3
DA:11,3
DA:12,3
DA:13,3
DA:14,3
DA:16,3
DA:19,3
DA:20,3
DA:23,3
DA:24,3
DA:27,3
DA:28,3
DA:29,3
DA:30,3
DA:31,3
DA:33,3
LF:17
LH:17
BRF:0
BRH:0
end_of_record
TN:
SF:src\services\emailService.js
FN:13,(anonymous_0)
FN:37,(anonymous_1)
FN:58,(anonymous_2)
FNF:3
FNH:0
FNDA:0,(anonymous_0)
FNDA:0,(anonymous_1)
FNDA:0,(anonymous_2)
DA:1,3
DA:3,3
DA:13,3
DA:14,0
DA:16,0
DA:34,0
DA:37,3
DA:38,0
DA:55,0
DA:58,3
DA:59,0
DA:79,0
DA:82,3
LF:13
LH:6
BRDA:4,0,0,3
BRDA:4,0,1,0
BRDA:5,1,0,3
BRDA:5,1,1,0
BRDA:14,2,0,0
BRDA:14,2,1,0
BRDA:73,3,0,0
BRDA:73,3,1,0
BRF:8
BRH:2
end_of_record
TN:
SF:src\utils\customerCode.js
FN:3,(anonymous_0)
FNF:1
FNH:0
FNDA:0,(anonymous_0)
DA:1,3
DA:3,3
DA:4,0
DA:7,0
DA:11,0
DA:12,0
DA:13,0
DA:14,0
DA:17,0
DA:20,3
LF:10
LH:3
BRDA:4,0,0,0
BRDA:4,0,1,0
BRDA:12,1,0,0
BRDA:12,1,1,0
BRF:4
BRH:0
end_of_record
TN:
SF:src\utils\gpsTracker.js
FN:7,(anonymous_0)
FN:117,(anonymous_1)
FNF:2
FNH:0
FNDA:0,(anonymous_0)
FNDA:0,(anonymous_1)
DA:2,0
DA:3,0
DA:4,0
DA:7,0
DA:8,0
DA:9,0
DA:12,0
DA:23,0
DA:24,0
DA:25,0
DA:37,0
DA:38,0
DA:41,0
DA:44,0
DA:45,0
DA:46,0
DA:47,0
DA:50,0
DA:51,0
DA:52,0
DA:54,0
DA:59,0
DA:60,0
DA:61,0
DA:62,0
DA:63,0
DA:64,0
DA:66,0
DA:70,0
DA:76,0
DA:77,0
DA:88,0
DA:89,0
DA:92,0
DA:93,0
DA:96,0
DA:99,0
DA:108,0
DA:109,0
DA:117,0
DA:118,0
DA:119,0
DA:130,0
DA:131,0
DA:134,0
DA:136,0
DA:143,0
DA:144,0
DA:151,0
DA:153,0
DA:154,0
DA:158,0
LF:52
LH:0
BRDA:23,0,0,0
BRDA:23,0,1,0
BRDA:37,1,0,0
BRDA:37,1,1,0
BRDA:50,2,0,0
BRDA:50,2,1,0
BRDA:59,3,0,0
BRDA:59,3,1,0
BRDA:59,4,0,0
BRDA:59,4,1,0
BRDA:76,5,0,0
BRDA:76,5,1,0
BRDA:92,6,0,0
BRDA:92,6,1,0
BRDA:130,7,0,0
BRDA:130,7,1,0
BRDA:143,8,0,0
BRDA:143,8,1,0
BRDA:143,9,0,0
BRDA:143,9,1,0
BRF:20
BRH:0
end_of_record
TN:
SF:src\utils\jwt.js
FNF:0
FNH:0
LF:0
LH:0
BRF:0
BRH:0
end_of_record
TN:
SF:src\utils\password.js
FN:3,(anonymous_0)
FN:8,(anonymous_1)
FNF:2
FNH:0
FNDA:0,(anonymous_0)
FNDA:0,(anonymous_1)
DA:1,3
DA:3,3
DA:4,0
DA:5,0
DA:8,3
DA:9,0
DA:12,3
LF:7
LH:4
BRDA:4,0,0,0
BRDA:4,0,1,0
BRF:2
BRH:0
end_of_record
TN:
SF:src\utils\validation.js
FNF:0
FNH:0
LF:0
LH:0
BRF:0
BRH:0
end_of_record
